Started analysis of SRR5819794_P1.fastq
Started analysis of SRR5819794_P2.fastq
Approx 5% complete for SRR5819794_P1.fastq
Approx 5% complete for SRR5819794_P2.fastq
Approx 10% complete for SRR5819794_P1.fastq
Approx 10% complete for SRR5819794_P2.fastq
Approx 15% complete for SRR5819794_P2.fastq
Approx 15% complete for SRR5819794_P1.fastq
Approx 20% complete for SRR5819794_P2.fastq
Approx 20% complete for SRR5819794_P1.fastq
Approx 25% complete for SRR5819794_P2.fastq
Approx 25% complete for SRR5819794_P1.fastq
Approx 30% complete for SRR5819794_P2.fastq
Approx 30% complete for SRR5819794_P1.fastq
Approx 35% complete for SRR5819794_P2.fastq
Approx 35% complete for SRR5819794_P1.fastq
Approx 40% complete for SRR5819794_P2.fastq
Approx 40% complete for SRR5819794_P1.fastq
Approx 45% complete for SRR5819794_P2.fastq
Approx 45% complete for SRR5819794_P1.fastq
Approx 50% complete for SRR5819794_P2.fastq
Approx 50% complete for SRR5819794_P1.fastq
Approx 55% complete for SRR5819794_P2.fastq
Approx 55% complete for SRR5819794_P1.fastq
Approx 60% complete for SRR5819794_P2.fastq
Approx 60% complete for SRR5819794_P1.fastq
Approx 65% complete for SRR5819794_P2.fastq
Approx 65% complete for SRR5819794_P1.fastq
Approx 70% complete for SRR5819794_P2.fastq
Approx 70% complete for SRR5819794_P1.fastq
Approx 75% complete for SRR5819794_P2.fastq
Approx 75% complete for SRR5819794_P1.fastq
Approx 80% complete for SRR5819794_P2.fastq
Approx 80% complete for SRR5819794_P1.fastq
Approx 85% complete for SRR5819794_P2.fastq
Approx 85% complete for SRR5819794_P1.fastq
Approx 90% complete for SRR5819794_P2.fastq
Approx 90% complete for SRR5819794_P1.fastq
Approx 95% complete for SRR5819794_P2.fastq
Analysis complete for SRR5819794_P2.fastq
Approx 95% complete for SRR5819794_P1.fastq
Analysis complete for SRR5819794_P1.fastq
Started analysis of SRR5819794_U1.fastq
Approx 5% complete for SRR5819794_U1.fastq
Approx 10% complete for SRR5819794_U1.fastq
Approx 15% complete for SRR5819794_U1.fastq
Approx 20% complete for SRR5819794_U1.fastq
Approx 25% complete for SRR5819794_U1.fastq
Approx 30% complete for SRR5819794_U1.fastq
Approx 35% complete for SRR5819794_U1.fastq
Approx 40% complete for SRR5819794_U1.fastq
Approx 45% complete for SRR5819794_U1.fastq
Approx 50% complete for SRR5819794_U1.fastq
Approx 55% complete for SRR5819794_U1.fastq
Approx 60% complete for SRR5819794_U1.fastq
Approx 65% complete for SRR5819794_U1.fastq
Approx 70% complete for SRR5819794_U1.fastq
Approx 75% complete for SRR5819794_U1.fastq
Approx 80% complete for SRR5819794_U1.fastq
Started analysis of SRR5819794_U2.fastq
Approx 85% complete for SRR5819794_U1.fastq
Approx 60% complete for SRR5819794_U2.fastq
Analysis complete for SRR5819794_U2.fastq
Approx 90% complete for SRR5819794_U1.fastq
Approx 95% complete for SRR5819794_U1.fastq
Analysis complete for SRR5819794_U1.fastq
Started analysis of SRR5819795_P1.fastq
Started analysis of SRR5819795_P2.fastq
Approx 5% complete for SRR5819795_P1.fastq
Approx 5% complete for SRR5819795_P2.fastq
Approx 10% complete for SRR5819795_P1.fastq
Approx 10% complete for SRR5819795_P2.fastq
Approx 15% complete for SRR5819795_P1.fastq
Approx 15% complete for SRR5819795_P2.fastq
Approx 20% complete for SRR5819795_P1.fastq
Approx 20% complete for SRR5819795_P2.fastq
Approx 25% complete for SRR5819795_P1.fastq
Approx 25% complete for SRR5819795_P2.fastq
Approx 30% complete for SRR5819795_P1.fastq
Approx 30% complete for SRR5819795_P2.fastq
Approx 35% complete for SRR5819795_P1.fastq
Approx 35% complete for SRR5819795_P2.fastq
Approx 40% complete for SRR5819795_P1.fastq
Approx 40% complete for SRR5819795_P2.fastq
Approx 45% complete for SRR5819795_P1.fastq
Approx 45% complete for SRR5819795_P2.fastq
Approx 50% complete for SRR5819795_P1.fastq
Approx 50% complete for SRR5819795_P2.fastq
Approx 55% complete for SRR5819795_P1.fastq
Approx 55% complete for SRR5819795_P2.fastq
Approx 60% complete for SRR5819795_P1.fastq
Approx 60% complete for SRR5819795_P2.fastq
Approx 65% complete for SRR5819795_P1.fastq
Approx 65% complete for SRR5819795_P2.fastq
Approx 70% complete for SRR5819795_P1.fastq
Approx 70% complete for SRR5819795_P2.fastq
Approx 75% complete for SRR5819795_P1.fastq
Approx 75% complete for SRR5819795_P2.fastq
Approx 80% complete for SRR5819795_P1.fastq
Approx 80% complete for SRR5819795_P2.fastq
Approx 85% complete for SRR5819795_P1.fastq
Approx 85% complete for SRR5819795_P2.fastq
Approx 90% complete for SRR5819795_P1.fastq
Approx 90% complete for SRR5819795_P2.fastq
Approx 95% complete for SRR5819795_P1.fastq
Approx 95% complete for SRR5819795_P2.fastq
Analysis complete for SRR5819795_P1.fastq
Started analysis of SRR5819795_U1.fastq
Approx 5% complete for SRR5819795_U1.fastq
Approx 10% complete for SRR5819795_U1.fastq
Approx 15% complete for SRR5819795_U1.fastq
Approx 20% complete for SRR5819795_U1.fastq
Approx 25% complete for SRR5819795_U1.fastq
Approx 30% complete for SRR5819795_U1.fastq
Approx 35% complete for SRR5819795_U1.fastq
Approx 40% complete for SRR5819795_U1.fastq
Approx 45% complete for SRR5819795_U1.fastq
Analysis complete for SRR5819795_P2.fastq
Approx 50% complete for SRR5819795_U1.fastq
Approx 55% complete for SRR5819795_U1.fastq
Approx 60% complete for SRR5819795_U1.fastq
Approx 65% complete for SRR5819795_U1.fastq
Approx 70% complete for SRR5819795_U1.fastq
Approx 75% complete for SRR5819795_U1.fastq
Approx 80% complete for SRR5819795_U1.fastq
Approx 85% complete for SRR5819795_U1.fastq
Approx 90% complete for SRR5819795_U1.fastq
Approx 95% complete for SRR5819795_U1.fastq
Analysis complete for SRR5819795_U1.fastq
Started analysis of SRR5819795_U2.fastq
Approx 60% complete for SRR5819795_U2.fastq
Analysis complete for SRR5819795_U2.fastq
Started analysis of SRR5819796_P1.fastq
Started analysis of SRR5819796_P2.fastq
Approx 5% complete for SRR5819796_P1.fastq
Approx 5% complete for SRR5819796_P2.fastq
Approx 10% complete for SRR5819796_P1.fastq
Approx 10% complete for SRR5819796_P2.fastq
Approx 15% complete for SRR5819796_P1.fastq
Approx 15% complete for SRR5819796_P2.fastq
Approx 20% complete for SRR5819796_P1.fastq
Approx 20% complete for SRR5819796_P2.fastq
Approx 25% complete for SRR5819796_P1.fastq
Approx 25% complete for SRR5819796_P2.fastq
Approx 30% complete for SRR5819796_P1.fastq
Approx 30% complete for SRR5819796_P2.fastq
Approx 35% complete for SRR5819796_P1.fastq
Approx 35% complete for SRR5819796_P2.fastq
Approx 40% complete for SRR5819796_P1.fastq
Approx 40% complete for SRR5819796_P2.fastq
Approx 45% complete for SRR5819796_P1.fastq
Approx 50% complete for SRR5819796_P1.fastq
Approx 45% complete for SRR5819796_P2.fastq
Approx 55% complete for SRR5819796_P1.fastq
Approx 50% complete for SRR5819796_P2.fastq
Approx 60% complete for SRR5819796_P1.fastq
Approx 55% complete for SRR5819796_P2.fastq
Approx 65% complete for SRR5819796_P1.fastq
Approx 60% complete for SRR5819796_P2.fastq
Approx 70% complete for SRR5819796_P1.fastq
Approx 65% complete for SRR5819796_P2.fastq
Approx 75% complete for SRR5819796_P1.fastq
Approx 70% complete for SRR5819796_P2.fastq
Approx 80% complete for SRR5819796_P1.fastq
Approx 75% complete for SRR5819796_P2.fastq
Approx 85% complete for SRR5819796_P1.fastq
Approx 80% complete for SRR5819796_P2.fastq
Approx 90% complete for SRR5819796_P1.fastq
Approx 85% complete for SRR5819796_P2.fastq
Approx 95% complete for SRR5819796_P1.fastq
Approx 90% complete for SRR5819796_P2.fastq
Analysis complete for SRR5819796_P1.fastq
Approx 95% complete for SRR5819796_P2.fastq
Started analysis of SRR5819796_U1.fastq
Approx 5% complete for SRR5819796_U1.fastq
Approx 10% complete for SRR5819796_U1.fastq
Approx 15% complete for SRR5819796_U1.fastq
Approx 20% complete for SRR5819796_U1.fastq
Approx 25% complete for SRR5819796_U1.fastq
Approx 30% complete for SRR5819796_U1.fastq
Approx 35% complete for SRR5819796_U1.fastq
Approx 40% complete for SRR5819796_U1.fastq
Approx 45% complete for SRR5819796_U1.fastq
Approx 50% complete for SRR5819796_U1.fastq
Approx 55% complete for SRR5819796_U1.fastq
Approx 60% complete for SRR5819796_U1.fastq
Approx 65% complete for SRR5819796_U1.fastq
Approx 70% complete for SRR5819796_U1.fastq
Approx 75% complete for SRR5819796_U1.fastq
Approx 80% complete for SRR5819796_U1.fastq
Approx 85% complete for SRR5819796_U1.fastq
Approx 90% complete for SRR5819796_U1.fastq
Approx 95% complete for SRR5819796_U1.fastq
Analysis complete for SRR5819796_U1.fastq
Analysis complete for SRR5819796_P2.fastq
Started analysis of SRR5819796_U2.fastq
Approx 60% complete for SRR5819796_U2.fastq
Analysis complete for SRR5819796_U2.fastq
Started analysis of SRR5819797_P1.fastq
Started analysis of SRR5819797_P2.fastq
Approx 5% complete for SRR5819797_P1.fastq
Approx 5% complete for SRR5819797_P2.fastq
Approx 10% complete for SRR5819797_P1.fastq
Approx 10% complete for SRR5819797_P2.fastq
Approx 15% complete for SRR5819797_P1.fastq
Approx 15% complete for SRR5819797_P2.fastq
Approx 20% complete for SRR5819797_P1.fastq
Approx 20% complete for SRR5819797_P2.fastq
Approx 25% complete for SRR5819797_P1.fastq
Approx 25% complete for SRR5819797_P2.fastq
Approx 30% complete for SRR5819797_P1.fastq
Approx 30% complete for SRR5819797_P2.fastq
Approx 35% complete for SRR5819797_P1.fastq
Approx 35% complete for SRR5819797_P2.fastq
Approx 40% complete for SRR5819797_P1.fastq
Approx 40% complete for SRR5819797_P2.fastq
Approx 45% complete for SRR5819797_P1.fastq
Approx 45% complete for SRR5819797_P2.fastq
Approx 50% complete for SRR5819797_P1.fastq
Approx 50% complete for SRR5819797_P2.fastq
Approx 55% complete for SRR5819797_P1.fastq
Approx 55% complete for SRR5819797_P2.fastq
Approx 60% complete for SRR5819797_P1.fastq
Approx 60% complete for SRR5819797_P2.fastq
Approx 65% complete for SRR5819797_P1.fastq
Approx 65% complete for SRR5819797_P2.fastq
Approx 70% complete for SRR5819797_P1.fastq
Approx 70% complete for SRR5819797_P2.fastq
Approx 75% complete for SRR5819797_P1.fastq
Approx 75% complete for SRR5819797_P2.fastq
Approx 80% complete for SRR5819797_P1.fastq
Approx 80% complete for SRR5819797_P2.fastq
Approx 85% complete for SRR5819797_P1.fastq
Approx 85% complete for SRR5819797_P2.fastq
Approx 90% complete for SRR5819797_P1.fastq
Approx 90% complete for SRR5819797_P2.fastq
Approx 95% complete for SRR5819797_P1.fastq
Approx 95% complete for SRR5819797_P2.fastq
Analysis complete for SRR5819797_P1.fastq
Analysis complete for SRR5819797_P2.fastq
Started analysis of SRR5819797_U1.fastq
Approx 5% complete for SRR5819797_U1.fastq
Approx 10% complete for SRR5819797_U1.fastq
Approx 15% complete for SRR5819797_U1.fastq
Approx 20% complete for SRR5819797_U1.fastq
Approx 25% complete for SRR5819797_U1.fastq
Approx 30% complete for SRR5819797_U1.fastq
Approx 35% complete for SRR5819797_U1.fastq
Approx 40% complete for SRR5819797_U1.fastq
Approx 45% complete for SRR5819797_U1.fastq
Approx 50% complete for SRR5819797_U1.fastq
Approx 55% complete for SRR5819797_U1.fastq
Approx 60% complete for SRR5819797_U1.fastq
Approx 65% complete for SRR5819797_U1.fastq
Approx 70% complete for SRR5819797_U1.fastq
Approx 75% complete for SRR5819797_U1.fastq
Approx 80% complete for SRR5819797_U1.fastq
Approx 85% complete for SRR5819797_U1.fastq
Approx 90% complete for SRR5819797_U1.fastq
Approx 95% complete for SRR5819797_U1.fastq
Analysis complete for SRR5819797_U1.fastq
Started analysis of SRR5819797_U2.fastq
Approx 60% complete for SRR5819797_U2.fastq
Analysis complete for SRR5819797_U2.fastq
Started analysis of SRR5819798_P1.fastq
Started analysis of SRR5819798_P2.fastq
Approx 5% complete for SRR5819798_P1.fastq
Approx 5% complete for SRR5819798_P2.fastq
Approx 10% complete for SRR5819798_P1.fastq
Approx 10% complete for SRR5819798_P2.fastq
Approx 15% complete for SRR5819798_P1.fastq
Approx 15% complete for SRR5819798_P2.fastq
Approx 20% complete for SRR5819798_P1.fastq
Approx 20% complete for SRR5819798_P2.fastq
Approx 25% complete for SRR5819798_P1.fastq
Approx 25% complete for SRR5819798_P2.fastq
Approx 30% complete for SRR5819798_P1.fastq
Approx 30% complete for SRR5819798_P2.fastq
Approx 35% complete for SRR5819798_P1.fastq
Approx 35% complete for SRR5819798_P2.fastq
Approx 40% complete for SRR5819798_P1.fastq
Approx 40% complete for SRR5819798_P2.fastq
Approx 45% complete for SRR5819798_P1.fastq
Approx 45% complete for SRR5819798_P2.fastq
Approx 50% complete for SRR5819798_P1.fastq
Approx 50% complete for SRR5819798_P2.fastq
Approx 55% complete for SRR5819798_P1.fastq
Approx 55% complete for SRR5819798_P2.fastq
Approx 60% complete for SRR5819798_P1.fastq
Approx 60% complete for SRR5819798_P2.fastq
Approx 65% complete for SRR5819798_P1.fastq
Approx 65% complete for SRR5819798_P2.fastq
Approx 70% complete for SRR5819798_P1.fastq
Approx 70% complete for SRR5819798_P2.fastq
Approx 75% complete for SRR5819798_P1.fastq
Approx 75% complete for SRR5819798_P2.fastq
Approx 80% complete for SRR5819798_P1.fastq
Approx 80% complete for SRR5819798_P2.fastq
Approx 85% complete for SRR5819798_P2.fastq
Approx 85% complete for SRR5819798_P1.fastq
Approx 90% complete for SRR5819798_P2.fastq
Approx 90% complete for SRR5819798_P1.fastq
Approx 95% complete for SRR5819798_P2.fastq
Approx 95% complete for SRR5819798_P1.fastq
Analysis complete for SRR5819798_P2.fastq
Analysis complete for SRR5819798_P1.fastq
Started analysis of SRR5819798_U1.fastq
Approx 5% complete for SRR5819798_U1.fastq
Approx 10% complete for SRR5819798_U1.fastq
Approx 15% complete for SRR5819798_U1.fastq
Approx 20% complete for SRR5819798_U1.fastq
Approx 25% complete for SRR5819798_U1.fastq
Approx 30% complete for SRR5819798_U1.fastq
Approx 35% complete for SRR5819798_U1.fastq
Approx 40% complete for SRR5819798_U1.fastq
Approx 45% complete for SRR5819798_U1.fastq
Approx 50% complete for SRR5819798_U1.fastq
Approx 55% complete for SRR5819798_U1.fastq
Approx 60% complete for SRR5819798_U1.fastq
Approx 65% complete for SRR5819798_U1.fastq
Approx 70% complete for SRR5819798_U1.fastq
Approx 75% complete for SRR5819798_U1.fastq
Approx 80% complete for SRR5819798_U1.fastq
Approx 85% complete for SRR5819798_U1.fastq
Approx 90% complete for SRR5819798_U1.fastq
Approx 95% complete for SRR5819798_U1.fastq
Analysis complete for SRR5819798_U1.fastq
Started analysis of SRR5819798_U2.fastq
Approx 60% complete for SRR5819798_U2.fastq
Analysis complete for SRR5819798_U2.fastq
Started analysis of SRR5819799_P1.fastq
Started analysis of SRR5819799_P2.fastq
Approx 5% complete for SRR5819799_P1.fastq
Approx 5% complete for SRR5819799_P2.fastq
Approx 10% complete for SRR5819799_P1.fastq
Approx 10% complete for SRR5819799_P2.fastq
Approx 15% complete for SRR5819799_P1.fastq
Approx 15% complete for SRR5819799_P2.fastq
Approx 20% complete for SRR5819799_P1.fastq
Approx 20% complete for SRR5819799_P2.fastq
Approx 25% complete for SRR5819799_P1.fastq
Approx 25% complete for SRR5819799_P2.fastq
Approx 30% complete for SRR5819799_P1.fastq
Approx 30% complete for SRR5819799_P2.fastq
Approx 35% complete for SRR5819799_P1.fastq
Approx 35% complete for SRR5819799_P2.fastq
Approx 40% complete for SRR5819799_P1.fastq
Approx 40% complete for SRR5819799_P2.fastq
Approx 45% complete for SRR5819799_P1.fastq
Approx 45% complete for SRR5819799_P2.fastq
Approx 50% complete for SRR5819799_P1.fastq
Approx 50% complete for SRR5819799_P2.fastq
Approx 55% complete for SRR5819799_P1.fastq
Approx 55% complete for SRR5819799_P2.fastq
Approx 60% complete for SRR5819799_P1.fastq
Approx 60% complete for SRR5819799_P2.fastq
Approx 65% complete for SRR5819799_P1.fastq
Approx 65% complete for SRR5819799_P2.fastq
Approx 70% complete for SRR5819799_P1.fastq
Approx 70% complete for SRR5819799_P2.fastq
Approx 75% complete for SRR5819799_P1.fastq
Approx 75% complete for SRR5819799_P2.fastq
Approx 80% complete for SRR5819799_P1.fastq
Approx 80% complete for SRR5819799_P2.fastq
Approx 85% complete for SRR5819799_P1.fastq
Approx 85% complete for SRR5819799_P2.fastq
Approx 90% complete for SRR5819799_P1.fastq
Approx 90% complete for SRR5819799_P2.fastq
Approx 95% complete for SRR5819799_P1.fastq
Approx 95% complete for SRR5819799_P2.fastq
Analysis complete for SRR5819799_P2.fastq
Analysis complete for SRR5819799_P1.fastq
Started analysis of SRR5819799_U1.fastq
Approx 5% complete for SRR5819799_U1.fastq
Approx 10% complete for SRR5819799_U1.fastq
Approx 15% complete for SRR5819799_U1.fastq
Approx 20% complete for SRR5819799_U1.fastq
Approx 25% complete for SRR5819799_U1.fastq
Approx 30% complete for SRR5819799_U1.fastq
Approx 35% complete for SRR5819799_U1.fastq
Approx 40% complete for SRR5819799_U1.fastq
Approx 45% complete for SRR5819799_U1.fastq
Approx 50% complete for SRR5819799_U1.fastq
Approx 55% complete for SRR5819799_U1.fastq
Approx 60% complete for SRR5819799_U1.fastq
Approx 65% complete for SRR5819799_U1.fastq
Approx 70% complete for SRR5819799_U1.fastq
Approx 75% complete for SRR5819799_U1.fastq
Approx 80% complete for SRR5819799_U1.fastq
Approx 85% complete for SRR5819799_U1.fastq
Approx 90% complete for SRR5819799_U1.fastq
Approx 95% complete for SRR5819799_U1.fastq
Analysis complete for SRR5819799_U1.fastq
Started analysis of SRR5819799_U2.fastq
Approx 60% complete for SRR5819799_U2.fastq
Analysis complete for SRR5819799_U2.fastq
[WARNING]         multiqc : MultiQC Version v1.10.1 now available!
[INFO   ]         multiqc : This is MultiQC v1.9
[INFO   ]         multiqc : Template    : default
[INFO   ]         multiqc : Searching   : /home/milenatr/private/genome_analysis_2021_git/files/fastQC_after_trim
Searching 48 files..
[INFO   ]          fastqc : Found 24 reports
[INFO   ]         multiqc : Compressing plot data
[WARNING]         multiqc : Previous MultiQC output found! Adjusting filenames..
[WARNING]         multiqc : Use -f or --force to overwrite existing reports instead
[INFO   ]         multiqc : Report      : multiqc_report_1.html
[INFO   ]         multiqc : Data        : multiqc_data_1
[INFO   ]         multiqc : MultiQC complete
Finished
