------------currently mapping: 
/home/milenatr/private/genome_analysis_data/rna_s1_trim/sel1_SRR1719013.trim_1P.fastq.gz
/home/milenatr/private/genome_analysis_data/rna_s1_trim/sel1_SRR1719013.trim_2P.fastq.gz
to: 
/home/milenatr/private/genome_analysis_data/mapping/hisat_results/_SRR171901
217468 reads; of these:
  217468 (100.00%) were paired; of these:
    202171 (92.97%) aligned concordantly 0 times
    15189 (6.98%) aligned concordantly exactly 1 time
    108 (0.05%) aligned concordantly >1 times
    ----
    202171 pairs aligned concordantly 0 times; of these:
      923 (0.46%) aligned discordantly 1 time
    ----
    201248 pairs aligned 0 times concordantly or discordantly; of these:
      402496 mates make up the pairs; of these:
        269159 (66.87%) aligned 0 times
        26744 (6.64%) aligned exactly 1 time
        106593 (26.48%) aligned >1 times
38.12% overall alignment rate
[bam_sort_core] merging from 0 files and 20 in-memory blocks...
-------------------------------------------------------------
------------currently mapping: 
/home/milenatr/private/genome_analysis_data/rna_s1_trim/sel1_SRR1719014.trim_1P.fastq.gz
/home/milenatr/private/genome_analysis_data/rna_s1_trim/sel1_SRR1719014.trim_2P.fastq.gz
to: 
/home/milenatr/private/genome_analysis_data/mapping/hisat_results/_SRR171901
232185 reads; of these:
  232185 (100.00%) were paired; of these:
    217474 (93.66%) aligned concordantly 0 times
    14594 (6.29%) aligned concordantly exactly 1 time
    117 (0.05%) aligned concordantly >1 times
    ----
    217474 pairs aligned concordantly 0 times; of these:
      993 (0.46%) aligned discordantly 1 time
    ----
    216481 pairs aligned 0 times concordantly or discordantly; of these:
      432962 mates make up the pairs; of these:
        290845 (67.18%) aligned 0 times
        26093 (6.03%) aligned exactly 1 time
        116024 (26.80%) aligned >1 times
37.37% overall alignment rate
[bam_sort_core] merging from 0 files and 20 in-memory blocks...
-------------------------------------------------------------
------------currently mapping: 
/home/milenatr/private/genome_analysis_data/rna_s1_trim/sel1_SRR1719015.trim_1P.fastq.gz
/home/milenatr/private/genome_analysis_data/rna_s1_trim/sel1_SRR1719015.trim_2P.fastq.gz
to: 
/home/milenatr/private/genome_analysis_data/mapping/hisat_results/_SRR171901
178247 reads; of these:
  178247 (100.00%) were paired; of these:
    163511 (91.73%) aligned concordantly 0 times
    14671 (8.23%) aligned concordantly exactly 1 time
    65 (0.04%) aligned concordantly >1 times
    ----
    163511 pairs aligned concordantly 0 times; of these:
      1037 (0.63%) aligned discordantly 1 time
    ----
    162474 pairs aligned 0 times concordantly or discordantly; of these:
      324948 mates make up the pairs; of these:
        245258 (75.48%) aligned 0 times
        24146 (7.43%) aligned exactly 1 time
        55544 (17.09%) aligned >1 times
31.20% overall alignment rate
[bam_sort_core] merging from 0 files and 20 in-memory blocks...
-------------------------------------------------------------
------------currently mapping: 
/home/milenatr/private/genome_analysis_data/rna_s1_trim/sel1_SRR1719016.trim_1P.fastq.gz
/home/milenatr/private/genome_analysis_data/rna_s1_trim/sel1_SRR1719016.trim_2P.fastq.gz
to: 
/home/milenatr/private/genome_analysis_data/mapping/hisat_results/_SRR171901
218482 reads; of these:
  218482 (100.00%) were paired; of these:
    198114 (90.68%) aligned concordantly 0 times
    20238 (9.26%) aligned concordantly exactly 1 time
    130 (0.06%) aligned concordantly >1 times
    ----
    198114 pairs aligned concordantly 0 times; of these:
      1372 (0.69%) aligned discordantly 1 time
    ----
    196742 pairs aligned 0 times concordantly or discordantly; of these:
      393484 mates make up the pairs; of these:
        293835 (74.68%) aligned 0 times
        31472 (8.00%) aligned exactly 1 time
        68177 (17.33%) aligned >1 times
32.76% overall alignment rate
[bam_sort_core] merging from 0 files and 20 in-memory blocks...
-------------------------------------------------------------
------------currently mapping: 
/home/milenatr/private/genome_analysis_data/rna_s1_trim/sel1_SRR1719017.trim_1P.fastq.gz
/home/milenatr/private/genome_analysis_data/rna_s1_trim/sel1_SRR1719017.trim_2P.fastq.gz
to: 
/home/milenatr/private/genome_analysis_data/mapping/hisat_results/_SRR171901
209521 reads; of these:
  209521 (100.00%) were paired; of these:
    192635 (91.94%) aligned concordantly 0 times
    16615 (7.93%) aligned concordantly exactly 1 time
    271 (0.13%) aligned concordantly >1 times
    ----
    192635 pairs aligned concordantly 0 times; of these:
      1087 (0.56%) aligned discordantly 1 time
    ----
    191548 pairs aligned 0 times concordantly or discordantly; of these:
      383096 mates make up the pairs; of these:
        275536 (71.92%) aligned 0 times
        25652 (6.70%) aligned exactly 1 time
        81908 (21.38%) aligned >1 times
34.25% overall alignment rate
[bam_sort_core] merging from 0 files and 20 in-memory blocks...
-------------------------------------------------------------
------------currently mapping: 
/home/milenatr/private/genome_analysis_data/rna_s1_trim/sel1_SRR1719018.trim_1P.fastq.gz
/home/milenatr/private/genome_analysis_data/rna_s1_trim/sel1_SRR1719018.trim_2P.fastq.gz
to: 
/home/milenatr/private/genome_analysis_data/mapping/hisat_results/_SRR171901
213533 reads; of these:
  213533 (100.00%) were paired; of these:
    192386 (90.10%) aligned concordantly 0 times
    21021 (9.84%) aligned concordantly exactly 1 time
    126 (0.06%) aligned concordantly >1 times
    ----
    192386 pairs aligned concordantly 0 times; of these:
      1543 (0.80%) aligned discordantly 1 time
    ----
    190843 pairs aligned 0 times concordantly or discordantly; of these:
      381686 mates make up the pairs; of these:
        293245 (76.83%) aligned 0 times
        28337 (7.42%) aligned exactly 1 time
        60104 (15.75%) aligned >1 times
31.33% overall alignment rate
[bam_sort_core] merging from 0 files and 20 in-memory blocks...
-------------------------------------------------------------
------------currently mapping: 
/home/milenatr/private/genome_analysis_data/rna_s1_trim/sel1_SRR1719204.trim_1P.fastq.gz
/home/milenatr/private/genome_analysis_data/rna_s1_trim/sel1_SRR1719204.trim_2P.fastq.gz
to: 
/home/milenatr/private/genome_analysis_data/mapping/hisat_results/_SRR171920
326313 reads; of these:
  326313 (100.00%) were paired; of these:
    300642 (92.13%) aligned concordantly 0 times
    25554 (7.83%) aligned concordantly exactly 1 time
    117 (0.04%) aligned concordantly >1 times
    ----
    300642 pairs aligned concordantly 0 times; of these:
      963 (0.32%) aligned discordantly 1 time
    ----
    299679 pairs aligned 0 times concordantly or discordantly; of these:
      599358 mates make up the pairs; of these:
        379086 (63.25%) aligned 0 times
        33927 (5.66%) aligned exactly 1 time
        186345 (31.09%) aligned >1 times
41.91% overall alignment rate
[bam_sort_core] merging from 0 files and 20 in-memory blocks...
-------------------------------------------------------------
------------currently mapping: 
/home/milenatr/private/genome_analysis_data/rna_s1_trim/sel1_SRR1719206.trim_1P.fastq.gz
/home/milenatr/private/genome_analysis_data/rna_s1_trim/sel1_SRR1719206.trim_2P.fastq.gz
to: 
/home/milenatr/private/genome_analysis_data/mapping/hisat_results/_SRR171920
251590 reads; of these:
  251590 (100.00%) were paired; of these:
    207205 (82.36%) aligned concordantly 0 times
    44021 (17.50%) aligned concordantly exactly 1 time
    364 (0.14%) aligned concordantly >1 times
    ----
    207205 pairs aligned concordantly 0 times; of these:
      1748 (0.84%) aligned discordantly 1 time
    ----
    205457 pairs aligned 0 times concordantly or discordantly; of these:
      410914 mates make up the pairs; of these:
        331755 (80.74%) aligned 0 times
        39262 (9.55%) aligned exactly 1 time
        39897 (9.71%) aligned >1 times
34.07% overall alignment rate
[bam_sort_core] merging from 0 files and 20 in-memory blocks...
-------------------------------------------------------------
------------currently mapping: 
/home/milenatr/private/genome_analysis_data/rna_s1_trim/sel1_SRR1719207.trim_1P.fastq.gz
/home/milenatr/private/genome_analysis_data/rna_s1_trim/sel1_SRR1719207.trim_2P.fastq.gz
to: 
/home/milenatr/private/genome_analysis_data/mapping/hisat_results/_SRR171920
207204 reads; of these:
  207204 (100.00%) were paired; of these:
    182289 (87.98%) aligned concordantly 0 times
    24761 (11.95%) aligned concordantly exactly 1 time
    154 (0.07%) aligned concordantly >1 times
    ----
    182289 pairs aligned concordantly 0 times; of these:
      1101 (0.60%) aligned discordantly 1 time
    ----
    181188 pairs aligned 0 times concordantly or discordantly; of these:
      362376 mates make up the pairs; of these:
        256511 (70.79%) aligned 0 times
        26358 (7.27%) aligned exactly 1 time
        79507 (21.94%) aligned >1 times
38.10% overall alignment rate
[bam_sort_core] merging from 0 files and 20 in-memory blocks...
-------------------------------------------------------------
------------currently mapping: 
/home/milenatr/private/genome_analysis_data/rna_s1_trim/sel1_SRR1719208.trim_1P.fastq.gz
/home/milenatr/private/genome_analysis_data/rna_s1_trim/sel1_SRR1719208.trim_2P.fastq.gz
to: 
/home/milenatr/private/genome_analysis_data/mapping/hisat_results/_SRR171920
201672 reads; of these:
  201672 (100.00%) were paired; of these:
    179371 (88.94%) aligned concordantly 0 times
    22153 (10.98%) aligned concordantly exactly 1 time
    148 (0.07%) aligned concordantly >1 times
    ----
    179371 pairs aligned concordantly 0 times; of these:
      899 (0.50%) aligned discordantly 1 time
    ----
    178472 pairs aligned 0 times concordantly or discordantly; of these:
      356944 mates make up the pairs; of these:
        244014 (68.36%) aligned 0 times
        21907 (6.14%) aligned exactly 1 time
        91023 (25.50%) aligned >1 times
39.50% overall alignment rate
[bam_sort_core] merging from 0 files and 20 in-memory blocks...
-------------------------------------------------------------
------------currently mapping: 
/home/milenatr/private/genome_analysis_data/rna_s1_trim/sel1_SRR1719209.trim_1P.fastq.gz
/home/milenatr/private/genome_analysis_data/rna_s1_trim/sel1_SRR1719209.trim_2P.fastq.gz
to: 
/home/milenatr/private/genome_analysis_data/mapping/hisat_results/_SRR171920
214319 reads; of these:
  214319 (100.00%) were paired; of these:
    191404 (89.31%) aligned concordantly 0 times
    22792 (10.63%) aligned concordantly exactly 1 time
    123 (0.06%) aligned concordantly >1 times
    ----
    191404 pairs aligned concordantly 0 times; of these:
      784 (0.41%) aligned discordantly 1 time
    ----
    190620 pairs aligned 0 times concordantly or discordantly; of these:
      381240 mates make up the pairs; of these:
        248089 (65.07%) aligned 0 times
        25297 (6.64%) aligned exactly 1 time
        107854 (28.29%) aligned >1 times
42.12% overall alignment rate
[bam_sort_core] merging from 0 files and 20 in-memory blocks...
-------------------------------------------------------------
------------currently mapping: 
/home/milenatr/private/genome_analysis_data/rna_s1_trim/sel1_SRR1719211.trim_1P.fastq.gz
/home/milenatr/private/genome_analysis_data/rna_s1_trim/sel1_SRR1719211.trim_2P.fastq.gz
to: 
/home/milenatr/private/genome_analysis_data/mapping/hisat_results/_SRR171921
278624 reads; of these:
  278624 (100.00%) were paired; of these:
    253031 (90.81%) aligned concordantly 0 times
    25210 (9.05%) aligned concordantly exactly 1 time
    383 (0.14%) aligned concordantly >1 times
    ----
    253031 pairs aligned concordantly 0 times; of these:
      762 (0.30%) aligned discordantly 1 time
    ----
    252269 pairs aligned 0 times concordantly or discordantly; of these:
      504538 mates make up the pairs; of these:
        315490 (62.53%) aligned 0 times
        30507 (6.05%) aligned exactly 1 time
        158541 (31.42%) aligned >1 times
43.38% overall alignment rate
[bam_sort_core] merging from 0 files and 20 in-memory blocks...
-------------------------------------------------------------
------------currently mapping: 
/home/milenatr/private/genome_analysis_data/rna_s1_trim/sel1_SRR1719212.trim_1P.fastq.gz
/home/milenatr/private/genome_analysis_data/rna_s1_trim/sel1_SRR1719212.trim_2P.fastq.gz
to: 
/home/milenatr/private/genome_analysis_data/mapping/hisat_results/_SRR171921
197905 reads; of these:
  197905 (100.00%) were paired; of these:
    164175 (82.96%) aligned concordantly 0 times
    33531 (16.94%) aligned concordantly exactly 1 time
    199 (0.10%) aligned concordantly >1 times
    ----
    164175 pairs aligned concordantly 0 times; of these:
      1806 (1.10%) aligned discordantly 1 time
    ----
    162369 pairs aligned 0 times concordantly or discordantly; of these:
      324738 mates make up the pairs; of these:
        272157 (83.81%) aligned 0 times
        31228 (9.62%) aligned exactly 1 time
        21353 (6.58%) aligned >1 times
31.24% overall alignment rate
[bam_sort_core] merging from 0 files and 20 in-memory blocks...
-------------------------------------------------------------
------------currently mapping: 
/home/milenatr/private/genome_analysis_data/rna_s1_trim/sel1_SRR1719213.trim_1P.fastq.gz
/home/milenatr/private/genome_analysis_data/rna_s1_trim/sel1_SRR1719213.trim_2P.fastq.gz
to: 
/home/milenatr/private/genome_analysis_data/mapping/hisat_results/_SRR171921
slurmstepd: error: *** JOB 4754090 ON s8 CANCELLED AT 2021-05-18T21:28:36 ***
[W::bgzf_read_block] EOF marker is absent. The input is probably truncated
