Settings:
  Output files: "/home/milenatr/private/genome_analysis_data/mapping/hisat_index/ht2_index.*.ht2"
  Line rate: 6 (line is 64 bytes)
  Lines per side: 1 (side is 64 bytes)
  Offset rate: 4 (one in 16)
  FTable chars: 10
  Strings: unpacked
  Local offset rate: 3 (one in 8)
  Local fTable chars: 6
  Local sequence length: 57344
  Local sequence overlap between two consecutive indexes: 1024
  Endianness: little
  Actual local endianness: little
  Sanity checking: disabled
  Assertions: disabled
  Random seed: 0
  Sizeofs: void*:8, int:4, long:8, size_t:8
Input files DNA, FASTA:
  /home/milenatr/private/genome_analysis_data/example_scaffold/sel1_NW_015504190.fna
Reading reference sizes
  Time reading reference sizes: 00:00:00
Calculating joined length
Writing header
Reserving space for joined string
Joining reference sequences
  Time to join reference sequences: 00:00:00
  Time to read SNPs and splice sites: 00:00:00
Using parameters --bmax 735839 --dcv 1024
  Doing ahead-of-time memory usage test
  Passed!  Constructing with these parameters: --bmax 735839 --dcv 1024
Constructing suffix-array element generator
Building DifferenceCoverSample
  Building sPrime
  Building sPrimeOrder
  V-Sorting samples
  V-Sorting samples time: 00:00:00
  Allocating rank array
  Ranking v-sort output
  Ranking v-sort output time: 00:00:00
  Invoking Larsson-Sadakane on ranks
  Invoking Larsson-Sadakane on ranks time: 00:00:00
  Sanity-checking and returning
Building samples
Reserving space for 12 sample suffixes
Generating random suffixes
QSorting 12 sample offsets, eliminating duplicates
QSorting sample offsets, eliminating duplicates time: 00:00:00
Multikey QSorting 12 samples
  (Using difference cover)
  Multikey QSorting samples time: 00:00:00
Calculating bucket sizes
Splitting and merging
  Splitting and merging time: 00:00:00
Avg bucket size: 560638 (target: 735838)
Converting suffix-array elements to index image
Allocating ftab, absorbFtab
Entering GFM loop
Getting block 1 of 7
  Reserving size (735839) for bucket 1
  Calculating Z arrays for bucket 1
  Entering block accumulator loop for bucket 1:
  bucket 1: 10%
  bucket 1: 20%
  bucket 1: 30%
  bucket 1: 40%
  bucket 1: 50%
  bucket 1: 60%
  bucket 1: 70%
  bucket 1: 80%
  bucket 1: 90%
  bucket 1: 100%
  Sorting block of length 128576 for bucket 1
  (Using difference cover)
  Sorting block time: 00:00:00
Returning block of 128577 for bucket 1
Getting block 2 of 7
  Reserving size (735839) for bucket 2
  Calculating Z arrays for bucket 2
  Entering block accumulator loop for bucket 2:
  bucket 2: 10%
  bucket 2: 20%
  bucket 2: 30%
  bucket 2: 40%
  bucket 2: 50%
  bucket 2: 60%
  bucket 2: 70%
  bucket 2: 80%
  bucket 2: 90%
  bucket 2: 100%
  Sorting block of length 716476 for bucket 2
  (Using difference cover)
  Sorting block time: 00:00:00
Returning block of 716477 for bucket 2
Getting block 3 of 7
  Reserving size (735839) for bucket 3
  Calculating Z arrays for bucket 3
  Entering block accumulator loop for bucket 3:
  bucket 3: 10%
  bucket 3: 20%
  bucket 3: 30%
  bucket 3: 40%
  bucket 3: 50%
  bucket 3: 60%
  bucket 3: 70%
  bucket 3: 80%
  bucket 3: 90%
  bucket 3: 100%
  Sorting block of length 481541 for bucket 3
  (Using difference cover)
  Sorting block time: 00:00:00
Returning block of 481542 for bucket 3
Getting block 4 of 7
  Reserving size (735839) for bucket 4
  Calculating Z arrays for bucket 4
  Entering block accumulator loop for bucket 4:
  bucket 4: 10%
  bucket 4: 20%
  bucket 4: 30%
  bucket 4: 40%
  bucket 4: 50%
  bucket 4: 60%
  bucket 4: 70%
  bucket 4: 80%
  bucket 4: 90%
  bucket 4: 100%
  Sorting block of length 697228 for bucket 4
  (Using difference cover)
  Sorting block time: 00:00:00
Returning block of 697229 for bucket 4
Getting block 5 of 7
  Reserving size (735839) for bucket 5
  Calculating Z arrays for bucket 5
  Entering block accumulator loop for bucket 5:
  bucket 5: 10%
  bucket 5: 20%
  bucket 5: 30%
  bucket 5: 40%
  bucket 5: 50%
  bucket 5: 60%
  bucket 5: 70%
  bucket 5: 80%
  bucket 5: 90%
  bucket 5: 100%
  Sorting block of length 672121 for bucket 5
  (Using difference cover)
  Sorting block time: 00:00:01
Returning block of 672122 for bucket 5
Getting block 6 of 7
  Reserving size (735839) for bucket 6
  Calculating Z arrays for bucket 6
  Entering block accumulator loop for bucket 6:
  bucket 6: 10%
  bucket 6: 20%
  bucket 6: 30%
  bucket 6: 40%
  bucket 6: 50%
  bucket 6: 60%
  bucket 6: 70%
  bucket 6: 80%
  bucket 6: 90%
  bucket 6: 100%
  Sorting block of length 714100 for bucket 6
  (Using difference cover)
  Sorting block time: 00:00:00
Returning block of 714101 for bucket 6
Getting block 7 of 7
  Reserving size (735839) for bucket 7
  Calculating Z arrays for bucket 7
  Entering block accumulator loop for bucket 7:
  bucket 7: 10%
  bucket 7: 20%
  bucket 7: 30%
  bucket 7: 40%
  bucket 7: 50%
  bucket 7: 60%
  bucket 7: 70%
  bucket 7: 80%
  bucket 7: 90%
  bucket 7: 100%
  Sorting block of length 514424 for bucket 7
  (Using difference cover)
  Sorting block time: 00:00:00
Returning block of 514425 for bucket 7
Exited GFM loop
fchr[A]: 0
fchr[C]: 1212481
fchr[G]: 1933233
fchr[T]: 2664313
fchr[$]: 3924472
Exiting GFM::buildToDisk()
Returning from initFromVector
Wrote 5506368 bytes to primary GFM file: /home/milenatr/private/genome_analysis_data/mapping/hisat_index/ht2_index.1.ht2
Wrote 981124 bytes to secondary GFM file: /home/milenatr/private/genome_analysis_data/mapping/hisat_index/ht2_index.2.ht2
Re-opening _in1 and _in2 as input streams
Returning from GFM constructor
Returning from initFromVector
Wrote 1732587 bytes to primary GFM file: /home/milenatr/private/genome_analysis_data/mapping/hisat_index/ht2_index.5.ht2
Wrote 998866 bytes to secondary GFM file: /home/milenatr/private/genome_analysis_data/mapping/hisat_index/ht2_index.6.ht2
Re-opening _in5 and _in5 as input streams
Returning from HGFM constructor
Headers:
    len: 3924472
    gbwtLen: 3924473
    nodes: 3924473
    sz: 981118
    gbwtSz: 981119
    lineRate: 6
    offRate: 4
    offMask: 0xfffffff0
    ftabChars: 10
    eftabLen: 0
    eftabSz: 0
    ftabLen: 1048577
    ftabSz: 4194308
    offsLen: 245280
    offsSz: 981120
    lineSz: 64
    sideSz: 64
    sideGbwtSz: 48
    sideGbwtLen: 192
    numSides: 20440
    numLines: 20440
    gbwtTotLen: 1308160
    gbwtTotSz: 1308160
    reverse: 0
    linearFM: Yes
Total time for call to driver() for forward index: 00:00:03
