Started analysis of SRR1719013_P1.fastq
Approx 5% complete for SRR1719013_P1.fastq
Approx 10% complete for SRR1719013_P1.fastq
Started analysis of SRR1719013_P2.fastq
Approx 15% complete for SRR1719013_P1.fastq
Approx 5% complete for SRR1719013_P2.fastq
Approx 20% complete for SRR1719013_P1.fastq
Approx 10% complete for SRR1719013_P2.fastq
Approx 15% complete for SRR1719013_P2.fastq
Approx 25% complete for SRR1719013_P1.fastq
Approx 20% complete for SRR1719013_P2.fastq
Approx 30% complete for SRR1719013_P1.fastq
Approx 25% complete for SRR1719013_P2.fastq
Approx 30% complete for SRR1719013_P2.fastq
Approx 35% complete for SRR1719013_P2.fastq
Approx 35% complete for SRR1719013_P1.fastq
Approx 40% complete for SRR1719013_P2.fastq
Approx 40% complete for SRR1719013_P1.fastq
Approx 45% complete for SRR1719013_P2.fastq
Approx 45% complete for SRR1719013_P1.fastq
Approx 50% complete for SRR1719013_P2.fastq
Approx 50% complete for SRR1719013_P1.fastq
Approx 55% complete for SRR1719013_P2.fastq
Approx 55% complete for SRR1719013_P1.fastq
Approx 60% complete for SRR1719013_P2.fastq
Approx 65% complete for SRR1719013_P2.fastq
Approx 60% complete for SRR1719013_P1.fastq
Approx 70% complete for SRR1719013_P2.fastq
Approx 65% complete for SRR1719013_P1.fastq
Approx 75% complete for SRR1719013_P2.fastq
Approx 70% complete for SRR1719013_P1.fastq
Approx 80% complete for SRR1719013_P2.fastq
Approx 85% complete for SRR1719013_P2.fastq
Approx 75% complete for SRR1719013_P1.fastq
Approx 90% complete for SRR1719013_P2.fastq
Approx 80% complete for SRR1719013_P1.fastq
Approx 95% complete for SRR1719013_P2.fastq
Analysis complete for SRR1719013_P2.fastq
Approx 85% complete for SRR1719013_P1.fastq
Approx 90% complete for SRR1719013_P1.fastq
Approx 95% complete for SRR1719013_P1.fastq
Analysis complete for SRR1719013_P1.fastq
Started analysis of SRR1719013_U1.fastq
Analysis complete for SRR1719013_U1.fastq
Started analysis of SRR1719013_u2.fastq
Analysis complete for SRR1719013_u2.fastq
Started analysis of SRR1719014_P1.fastq
Approx 5% complete for SRR1719014_P1.fastq
Approx 10% complete for SRR1719014_P1.fastq
Approx 15% complete for SRR1719014_P1.fastq
Approx 20% complete for SRR1719014_P1.fastq
Approx 25% complete for SRR1719014_P1.fastq
Approx 30% complete for SRR1719014_P1.fastq
Approx 35% complete for SRR1719014_P1.fastq
Approx 40% complete for SRR1719014_P1.fastq
Started analysis of SRR1719014_P2.fastq
Approx 45% complete for SRR1719014_P1.fastq
Approx 5% complete for SRR1719014_P2.fastq
Approx 50% complete for SRR1719014_P1.fastq
Approx 10% complete for SRR1719014_P2.fastq
Approx 15% complete for SRR1719014_P2.fastq
Approx 55% complete for SRR1719014_P1.fastq
Approx 20% complete for SRR1719014_P2.fastq
Approx 60% complete for SRR1719014_P1.fastq
Approx 25% complete for SRR1719014_P2.fastq
Approx 65% complete for SRR1719014_P1.fastq
Approx 30% complete for SRR1719014_P2.fastq
Approx 70% complete for SRR1719014_P1.fastq
Approx 35% complete for SRR1719014_P2.fastq
Approx 40% complete for SRR1719014_P2.fastq
Approx 75% complete for SRR1719014_P1.fastq
Approx 45% complete for SRR1719014_P2.fastq
Approx 80% complete for SRR1719014_P1.fastq
Approx 50% complete for SRR1719014_P2.fastq
Approx 85% complete for SRR1719014_P1.fastq
Approx 55% complete for SRR1719014_P2.fastq
Approx 90% complete for SRR1719014_P1.fastq
Approx 60% complete for SRR1719014_P2.fastq
Approx 95% complete for SRR1719014_P1.fastq
Approx 65% complete for SRR1719014_P2.fastq
Approx 70% complete for SRR1719014_P2.fastq
Analysis complete for SRR1719014_P1.fastq
Approx 75% complete for SRR1719014_P2.fastq
Approx 80% complete for SRR1719014_P2.fastq
Approx 85% complete for SRR1719014_P2.fastq
Approx 90% complete for SRR1719014_P2.fastq
Approx 95% complete for SRR1719014_P2.fastq
Analysis complete for SRR1719014_P2.fastq
Started analysis of SRR1719014_U1.fastq
Analysis complete for SRR1719014_U1.fastq
Started analysis of SRR1719014_u2.fastq
Analysis complete for SRR1719014_u2.fastq
Started analysis of SRR1719015_P1.fastq
Approx 5% complete for SRR1719015_P1.fastq
Approx 10% complete for SRR1719015_P1.fastq
Approx 15% complete for SRR1719015_P1.fastq
Approx 20% complete for SRR1719015_P1.fastq
Approx 25% complete for SRR1719015_P1.fastq
Approx 30% complete for SRR1719015_P1.fastq
Started analysis of SRR1719015_P2.fastq
Approx 5% complete for SRR1719015_P2.fastq
Approx 35% complete for SRR1719015_P1.fastq
Approx 10% complete for SRR1719015_P2.fastq
Approx 40% complete for SRR1719015_P1.fastq
Approx 15% complete for SRR1719015_P2.fastq
Approx 45% complete for SRR1719015_P1.fastq
Approx 20% complete for SRR1719015_P2.fastq
Approx 50% complete for SRR1719015_P1.fastq
Approx 25% complete for SRR1719015_P2.fastq
Approx 30% complete for SRR1719015_P2.fastq
Approx 55% complete for SRR1719015_P1.fastq
Approx 35% complete for SRR1719015_P2.fastq
Approx 60% complete for SRR1719015_P1.fastq
Approx 40% complete for SRR1719015_P2.fastq
Approx 65% complete for SRR1719015_P1.fastq
Approx 45% complete for SRR1719015_P2.fastq
Approx 70% complete for SRR1719015_P1.fastq
Approx 50% complete for SRR1719015_P2.fastq
Approx 75% complete for SRR1719015_P1.fastq
Approx 55% complete for SRR1719015_P2.fastq
Approx 80% complete for SRR1719015_P1.fastq
Approx 60% complete for SRR1719015_P2.fastq
Approx 65% complete for SRR1719015_P2.fastq
Approx 85% complete for SRR1719015_P1.fastq
Approx 70% complete for SRR1719015_P2.fastq
Approx 90% complete for SRR1719015_P1.fastq
Approx 75% complete for SRR1719015_P2.fastq
Approx 95% complete for SRR1719015_P1.fastq
Approx 80% complete for SRR1719015_P2.fastq
Analysis complete for SRR1719015_P1.fastq
Approx 85% complete for SRR1719015_P2.fastq
Approx 90% complete for SRR1719015_P2.fastq
Approx 95% complete for SRR1719015_P2.fastq
Analysis complete for SRR1719015_P2.fastq
Started analysis of SRR1719015_U1.fastq
Analysis complete for SRR1719015_U1.fastq
Started analysis of SRR1719015_u2.fastq
Analysis complete for SRR1719015_u2.fastq
Started analysis of SRR1719016_P1.fastq
Approx 5% complete for SRR1719016_P1.fastq
Approx 10% complete for SRR1719016_P1.fastq
Approx 15% complete for SRR1719016_P1.fastq
Approx 20% complete for SRR1719016_P1.fastq
Started analysis of SRR1719016_P2.fastq
Approx 25% complete for SRR1719016_P1.fastq
Approx 5% complete for SRR1719016_P2.fastq
Approx 30% complete for SRR1719016_P1.fastq
Approx 10% complete for SRR1719016_P2.fastq
Approx 35% complete for SRR1719016_P1.fastq
Approx 15% complete for SRR1719016_P2.fastq
Approx 40% complete for SRR1719016_P1.fastq
Approx 20% complete for SRR1719016_P2.fastq
Approx 45% complete for SRR1719016_P1.fastq
Approx 25% complete for SRR1719016_P2.fastq
Approx 30% complete for SRR1719016_P2.fastq
Approx 50% complete for SRR1719016_P1.fastq
Approx 35% complete for SRR1719016_P2.fastq
Approx 55% complete for SRR1719016_P1.fastq
Approx 40% complete for SRR1719016_P2.fastq
Approx 60% complete for SRR1719016_P1.fastq
Approx 45% complete for SRR1719016_P2.fastq
Approx 65% complete for SRR1719016_P1.fastq
Approx 50% complete for SRR1719016_P2.fastq
Approx 55% complete for SRR1719016_P2.fastq
Approx 70% complete for SRR1719016_P1.fastq
Approx 60% complete for SRR1719016_P2.fastq
Approx 75% complete for SRR1719016_P1.fastq
Approx 65% complete for SRR1719016_P2.fastq
Approx 80% complete for SRR1719016_P1.fastq
Approx 70% complete for SRR1719016_P2.fastq
Approx 85% complete for SRR1719016_P1.fastq
Approx 75% complete for SRR1719016_P2.fastq
Approx 90% complete for SRR1719016_P1.fastq
Approx 80% complete for SRR1719016_P2.fastq
Approx 85% complete for SRR1719016_P2.fastq
Approx 95% complete for SRR1719016_P1.fastq
Approx 90% complete for SRR1719016_P2.fastq
Analysis complete for SRR1719016_P1.fastq
Approx 95% complete for SRR1719016_P2.fastq
Analysis complete for SRR1719016_P2.fastq
Started analysis of SRR1719016_U1.fastq
Analysis complete for SRR1719016_U1.fastq
Started analysis of SRR1719016_u2.fastq
Analysis complete for SRR1719016_u2.fastq
Started analysis of SRR1719017_P1.fastq
Approx 5% complete for SRR1719017_P1.fastq
Approx 10% complete for SRR1719017_P1.fastq
Approx 15% complete for SRR1719017_P1.fastq
Approx 20% complete for SRR1719017_P1.fastq
Approx 25% complete for SRR1719017_P1.fastq
Started analysis of SRR1719017_P2.fastq
Approx 30% complete for SRR1719017_P1.fastq
Approx 5% complete for SRR1719017_P2.fastq
Approx 35% complete for SRR1719017_P1.fastq
Approx 10% complete for SRR1719017_P2.fastq
Approx 40% complete for SRR1719017_P1.fastq
Approx 15% complete for SRR1719017_P2.fastq
Approx 45% complete for SRR1719017_P1.fastq
Approx 20% complete for SRR1719017_P2.fastq
Approx 50% complete for SRR1719017_P1.fastq
Approx 25% complete for SRR1719017_P2.fastq
Approx 30% complete for SRR1719017_P2.fastq
Approx 55% complete for SRR1719017_P1.fastq
Approx 35% complete for SRR1719017_P2.fastq
Approx 60% complete for SRR1719017_P1.fastq
Approx 40% complete for SRR1719017_P2.fastq
Approx 65% complete for SRR1719017_P1.fastq
Approx 45% complete for SRR1719017_P2.fastq
Approx 70% complete for SRR1719017_P1.fastq
Approx 50% complete for SRR1719017_P2.fastq
Approx 55% complete for SRR1719017_P2.fastq
Approx 75% complete for SRR1719017_P1.fastq
Approx 60% complete for SRR1719017_P2.fastq
Approx 80% complete for SRR1719017_P1.fastq
Approx 65% complete for SRR1719017_P2.fastq
Approx 85% complete for SRR1719017_P1.fastq
Approx 70% complete for SRR1719017_P2.fastq
Approx 75% complete for SRR1719017_P2.fastq
Approx 90% complete for SRR1719017_P1.fastq
Approx 80% complete for SRR1719017_P2.fastq
Approx 95% complete for SRR1719017_P1.fastq
Approx 85% complete for SRR1719017_P2.fastq
Analysis complete for SRR1719017_P1.fastq
Approx 90% complete for SRR1719017_P2.fastq
Approx 95% complete for SRR1719017_P2.fastq
Analysis complete for SRR1719017_P2.fastq
Started analysis of SRR1719017_U1.fastq
Analysis complete for SRR1719017_U1.fastq
Started analysis of SRR1719017_u2.fastq
Analysis complete for SRR1719017_u2.fastq
Started analysis of SRR1719018_P1.fastq
Approx 5% complete for SRR1719018_P1.fastq
Approx 10% complete for SRR1719018_P1.fastq
Approx 15% complete for SRR1719018_P1.fastq
Approx 20% complete for SRR1719018_P1.fastq
Started analysis of SRR1719018_P2.fastq
Approx 25% complete for SRR1719018_P1.fastq
Approx 5% complete for SRR1719018_P2.fastq
Approx 30% complete for SRR1719018_P1.fastq
Approx 10% complete for SRR1719018_P2.fastq
Approx 35% complete for SRR1719018_P1.fastq
Approx 15% complete for SRR1719018_P2.fastq
Approx 20% complete for SRR1719018_P2.fastq
Approx 40% complete for SRR1719018_P1.fastq
Approx 25% complete for SRR1719018_P2.fastq
Approx 45% complete for SRR1719018_P1.fastq
Approx 30% complete for SRR1719018_P2.fastq
Approx 50% complete for SRR1719018_P1.fastq
Approx 35% complete for SRR1719018_P2.fastq
Approx 55% complete for SRR1719018_P1.fastq
Approx 40% complete for SRR1719018_P2.fastq
Approx 60% complete for SRR1719018_P1.fastq
Approx 45% complete for SRR1719018_P2.fastq
Approx 65% complete for SRR1719018_P1.fastq
Approx 50% complete for SRR1719018_P2.fastq
Approx 55% complete for SRR1719018_P2.fastq
Approx 70% complete for SRR1719018_P1.fastq
Approx 60% complete for SRR1719018_P2.fastq
Approx 75% complete for SRR1719018_P1.fastq
Approx 65% complete for SRR1719018_P2.fastq
Approx 80% complete for SRR1719018_P1.fastq
Approx 70% complete for SRR1719018_P2.fastq
Approx 85% complete for SRR1719018_P1.fastq
Approx 75% complete for SRR1719018_P2.fastq
Approx 90% complete for SRR1719018_P1.fastq
Approx 80% complete for SRR1719018_P2.fastq
Approx 95% complete for SRR1719018_P1.fastq
Approx 85% complete for SRR1719018_P2.fastq
Approx 90% complete for SRR1719018_P2.fastq
Analysis complete for SRR1719018_P1.fastq
Approx 95% complete for SRR1719018_P2.fastq
Analysis complete for SRR1719018_P2.fastq
Started analysis of SRR1719018_U1.fastq
Analysis complete for SRR1719018_U1.fastq
Started analysis of SRR1719018_u2.fastq
Analysis complete for SRR1719018_u2.fastq
Started analysis of SRR1719204_P1.fastq
Approx 5% complete for SRR1719204_P1.fastq
Approx 10% complete for SRR1719204_P1.fastq
Approx 15% complete for SRR1719204_P1.fastq
Approx 20% complete for SRR1719204_P1.fastq
Approx 25% complete for SRR1719204_P1.fastq
Started analysis of SRR1719204_P2.fastq
Approx 30% complete for SRR1719204_P1.fastq
Approx 5% complete for SRR1719204_P2.fastq
Approx 35% complete for SRR1719204_P1.fastq
Approx 10% complete for SRR1719204_P2.fastq
Approx 40% complete for SRR1719204_P1.fastq
Approx 15% complete for SRR1719204_P2.fastq
Approx 45% complete for SRR1719204_P1.fastq
Approx 20% complete for SRR1719204_P2.fastq
Approx 25% complete for SRR1719204_P2.fastq
Approx 50% complete for SRR1719204_P1.fastq
Approx 30% complete for SRR1719204_P2.fastq
Approx 55% complete for SRR1719204_P1.fastq
Approx 35% complete for SRR1719204_P2.fastq
Approx 60% complete for SRR1719204_P1.fastq
Approx 40% complete for SRR1719204_P2.fastq
Approx 65% complete for SRR1719204_P1.fastq
Approx 45% complete for SRR1719204_P2.fastq
Approx 70% complete for SRR1719204_P1.fastq
Approx 50% complete for SRR1719204_P2.fastq
Approx 55% complete for SRR1719204_P2.fastq
Approx 75% complete for SRR1719204_P1.fastq
Approx 60% complete for SRR1719204_P2.fastq
Approx 80% complete for SRR1719204_P1.fastq
Approx 65% complete for SRR1719204_P2.fastq
Approx 85% complete for SRR1719204_P1.fastq
Approx 70% complete for SRR1719204_P2.fastq
Approx 90% complete for SRR1719204_P1.fastq
Approx 75% complete for SRR1719204_P2.fastq
Approx 80% complete for SRR1719204_P2.fastq
Approx 95% complete for SRR1719204_P1.fastq
Approx 85% complete for SRR1719204_P2.fastq
Analysis complete for SRR1719204_P1.fastq
Approx 90% complete for SRR1719204_P2.fastq
Approx 95% complete for SRR1719204_P2.fastq
Analysis complete for SRR1719204_P2.fastq
Started analysis of SRR1719204_U1.fastq
Analysis complete for SRR1719204_U1.fastq
Started analysis of SRR1719204_u2.fastq
Analysis complete for SRR1719204_u2.fastq
Started analysis of SRR1719206_P1.fastq
Approx 5% complete for SRR1719206_P1.fastq
Approx 10% complete for SRR1719206_P1.fastq
Approx 15% complete for SRR1719206_P1.fastq
Approx 20% complete for SRR1719206_P1.fastq
Approx 25% complete for SRR1719206_P1.fastq
Started analysis of SRR1719206_P2.fastq
Approx 30% complete for SRR1719206_P1.fastq
Approx 5% complete for SRR1719206_P2.fastq
Approx 35% complete for SRR1719206_P1.fastq
Approx 10% complete for SRR1719206_P2.fastq
Approx 40% complete for SRR1719206_P1.fastq
Approx 15% complete for SRR1719206_P2.fastq
Approx 45% complete for SRR1719206_P1.fastq
Approx 20% complete for SRR1719206_P2.fastq
Approx 50% complete for SRR1719206_P1.fastq
Approx 25% complete for SRR1719206_P2.fastq
Approx 55% complete for SRR1719206_P1.fastq
Approx 30% complete for SRR1719206_P2.fastq
Approx 35% complete for SRR1719206_P2.fastq
Approx 60% complete for SRR1719206_P1.fastq
Approx 40% complete for SRR1719206_P2.fastq
Approx 65% complete for SRR1719206_P1.fastq
Approx 45% complete for SRR1719206_P2.fastq
Approx 70% complete for SRR1719206_P1.fastq
Approx 50% complete for SRR1719206_P2.fastq
Approx 75% complete for SRR1719206_P1.fastq
Approx 55% complete for SRR1719206_P2.fastq
Approx 80% complete for SRR1719206_P1.fastq
Approx 60% complete for SRR1719206_P2.fastq
Approx 65% complete for SRR1719206_P2.fastq
Approx 85% complete for SRR1719206_P1.fastq
Approx 70% complete for SRR1719206_P2.fastq
Approx 90% complete for SRR1719206_P1.fastq
Approx 75% complete for SRR1719206_P2.fastq
Approx 95% complete for SRR1719206_P1.fastq
Approx 80% complete for SRR1719206_P2.fastq
Analysis complete for SRR1719206_P1.fastq
Approx 85% complete for SRR1719206_P2.fastq
Approx 90% complete for SRR1719206_P2.fastq
Approx 95% complete for SRR1719206_P2.fastq
Analysis complete for SRR1719206_P2.fastq
Started analysis of SRR1719206_U1.fastq
Analysis complete for SRR1719206_U1.fastq
Started analysis of SRR1719206_u2.fastq
Analysis complete for SRR1719206_u2.fastq
Started analysis of SRR1719207_P1.fastq
Approx 5% complete for SRR1719207_P1.fastq
Approx 10% complete for SRR1719207_P1.fastq
Approx 15% complete for SRR1719207_P1.fastq
Approx 20% complete for SRR1719207_P1.fastq
Approx 25% complete for SRR1719207_P1.fastq
Approx 30% complete for SRR1719207_P1.fastq
Started analysis of SRR1719207_P2.fastq
Approx 35% complete for SRR1719207_P1.fastq
Approx 5% complete for SRR1719207_P2.fastq
Approx 40% complete for SRR1719207_P1.fastq
Approx 10% complete for SRR1719207_P2.fastq
Approx 15% complete for SRR1719207_P2.fastq
Approx 45% complete for SRR1719207_P1.fastq
Approx 20% complete for SRR1719207_P2.fastq
Approx 50% complete for SRR1719207_P1.fastq
Approx 25% complete for SRR1719207_P2.fastq
Approx 55% complete for SRR1719207_P1.fastq
Approx 30% complete for SRR1719207_P2.fastq
Approx 60% complete for SRR1719207_P1.fastq
Approx 35% complete for SRR1719207_P2.fastq
Approx 65% complete for SRR1719207_P1.fastq
Approx 40% complete for SRR1719207_P2.fastq
Approx 45% complete for SRR1719207_P2.fastq
Approx 70% complete for SRR1719207_P1.fastq
Approx 50% complete for SRR1719207_P2.fastq
Approx 75% complete for SRR1719207_P1.fastq
Approx 55% complete for SRR1719207_P2.fastq
Approx 80% complete for SRR1719207_P1.fastq
Approx 60% complete for SRR1719207_P2.fastq
Approx 85% complete for SRR1719207_P1.fastq
Approx 65% complete for SRR1719207_P2.fastq
Approx 90% complete for SRR1719207_P1.fastq
Approx 70% complete for SRR1719207_P2.fastq
Approx 75% complete for SRR1719207_P2.fastq
Approx 95% complete for SRR1719207_P1.fastq
Approx 80% complete for SRR1719207_P2.fastq
Analysis complete for SRR1719207_P1.fastq
Approx 85% complete for SRR1719207_P2.fastq
Approx 90% complete for SRR1719207_P2.fastq
Approx 95% complete for SRR1719207_P2.fastq
Analysis complete for SRR1719207_P2.fastq
Started analysis of SRR1719207_U1.fastq
Analysis complete for SRR1719207_U1.fastq
Started analysis of SRR1719207_u2.fastq
Analysis complete for SRR1719207_u2.fastq
Started analysis of SRR1719208_P1.fastq
Approx 5% complete for SRR1719208_P1.fastq
Approx 10% complete for SRR1719208_P1.fastq
Approx 15% complete for SRR1719208_P1.fastq
Approx 20% complete for SRR1719208_P1.fastq
Approx 25% complete for SRR1719208_P1.fastq
Started analysis of SRR1719208_P2.fastq
Approx 30% complete for SRR1719208_P1.fastq
Approx 5% complete for SRR1719208_P2.fastq
Approx 35% complete for SRR1719208_P1.fastq
Approx 10% complete for SRR1719208_P2.fastq
Approx 40% complete for SRR1719208_P1.fastq
Approx 15% complete for SRR1719208_P2.fastq
Approx 45% complete for SRR1719208_P1.fastq
Approx 20% complete for SRR1719208_P2.fastq
Approx 25% complete for SRR1719208_P2.fastq
Approx 50% complete for SRR1719208_P1.fastq
Approx 30% complete for SRR1719208_P2.fastq
Approx 55% complete for SRR1719208_P1.fastq
Approx 35% complete for SRR1719208_P2.fastq
Approx 60% complete for SRR1719208_P1.fastq
Approx 40% complete for SRR1719208_P2.fastq
Approx 65% complete for SRR1719208_P1.fastq
Approx 45% complete for SRR1719208_P2.fastq
Approx 50% complete for SRR1719208_P2.fastq
Approx 70% complete for SRR1719208_P1.fastq
Approx 55% complete for SRR1719208_P2.fastq
Approx 75% complete for SRR1719208_P1.fastq
Approx 60% complete for SRR1719208_P2.fastq
Approx 80% complete for SRR1719208_P1.fastq
Approx 65% complete for SRR1719208_P2.fastq
Approx 85% complete for SRR1719208_P1.fastq
Approx 70% complete for SRR1719208_P2.fastq
Approx 75% complete for SRR1719208_P2.fastq
Approx 90% complete for SRR1719208_P1.fastq
Approx 80% complete for SRR1719208_P2.fastq
Approx 95% complete for SRR1719208_P1.fastq
Approx 85% complete for SRR1719208_P2.fastq
Analysis complete for SRR1719208_P1.fastq
Approx 90% complete for SRR1719208_P2.fastq
Approx 95% complete for SRR1719208_P2.fastq
Analysis complete for SRR1719208_P2.fastq
Started analysis of SRR1719208_U1.fastq
Analysis complete for SRR1719208_U1.fastq
Started analysis of SRR1719208_u2.fastq
Analysis complete for SRR1719208_u2.fastq
Started analysis of SRR1719209_P1.fastq
Approx 5% complete for SRR1719209_P1.fastq
Approx 10% complete for SRR1719209_P1.fastq
Approx 15% complete for SRR1719209_P1.fastq
Approx 20% complete for SRR1719209_P1.fastq
Approx 25% complete for SRR1719209_P1.fastq
Started analysis of SRR1719209_P2.fastq
Approx 30% complete for SRR1719209_P1.fastq
Approx 5% complete for SRR1719209_P2.fastq
Approx 35% complete for SRR1719209_P1.fastq
Approx 10% complete for SRR1719209_P2.fastq
Approx 40% complete for SRR1719209_P1.fastq
Approx 15% complete for SRR1719209_P2.fastq
Approx 45% complete for SRR1719209_P1.fastq
Approx 20% complete for SRR1719209_P2.fastq
Approx 50% complete for SRR1719209_P1.fastq
Approx 25% complete for SRR1719209_P2.fastq
Approx 30% complete for SRR1719209_P2.fastq
Approx 55% complete for SRR1719209_P1.fastq
Approx 35% complete for SRR1719209_P2.fastq
Approx 60% complete for SRR1719209_P1.fastq
Approx 40% complete for SRR1719209_P2.fastq
Approx 65% complete for SRR1719209_P1.fastq
Approx 45% complete for SRR1719209_P2.fastq
Approx 50% complete for SRR1719209_P2.fastq
Approx 70% complete for SRR1719209_P1.fastq
Approx 55% complete for SRR1719209_P2.fastq
Approx 75% complete for SRR1719209_P1.fastq
Approx 60% complete for SRR1719209_P2.fastq
Approx 80% complete for SRR1719209_P1.fastq
Approx 65% complete for SRR1719209_P2.fastq
Approx 85% complete for SRR1719209_P1.fastq
Approx 70% complete for SRR1719209_P2.fastq
Approx 90% complete for SRR1719209_P1.fastq
Approx 75% complete for SRR1719209_P2.fastq
Approx 95% complete for SRR1719209_P1.fastq
Approx 80% complete for SRR1719209_P2.fastq
Analysis complete for SRR1719209_P1.fastq
Approx 85% complete for SRR1719209_P2.fastq
Approx 90% complete for SRR1719209_P2.fastq
Approx 95% complete for SRR1719209_P2.fastq
Analysis complete for SRR1719209_P2.fastq
Started analysis of SRR1719209_U1.fastq
Analysis complete for SRR1719209_U1.fastq
Started analysis of SRR1719209_u2.fastq
Analysis complete for SRR1719209_u2.fastq
Started analysis of SRR1719211_P1.fastq
Approx 5% complete for SRR1719211_P1.fastq
Approx 10% complete for SRR1719211_P1.fastq
Approx 15% complete for SRR1719211_P1.fastq
Approx 20% complete for SRR1719211_P1.fastq
Approx 25% complete for SRR1719211_P1.fastq
Started analysis of SRR1719211_P2.fastq
Approx 30% complete for SRR1719211_P1.fastq
Approx 5% complete for SRR1719211_P2.fastq
Approx 35% complete for SRR1719211_P1.fastq
Approx 10% complete for SRR1719211_P2.fastq
Approx 40% complete for SRR1719211_P1.fastq
Approx 15% complete for SRR1719211_P2.fastq
Approx 45% complete for SRR1719211_P1.fastq
Approx 20% complete for SRR1719211_P2.fastq
Approx 25% complete for SRR1719211_P2.fastq
Approx 50% complete for SRR1719211_P1.fastq
Approx 30% complete for SRR1719211_P2.fastq
Approx 55% complete for SRR1719211_P1.fastq
Approx 35% complete for SRR1719211_P2.fastq
Approx 60% complete for SRR1719211_P1.fastq
Approx 40% complete for SRR1719211_P2.fastq
Approx 65% complete for SRR1719211_P1.fastq
Approx 45% complete for SRR1719211_P2.fastq
Approx 50% complete for SRR1719211_P2.fastq
Approx 70% complete for SRR1719211_P1.fastq
Approx 55% complete for SRR1719211_P2.fastq
Approx 75% complete for SRR1719211_P1.fastq
Approx 60% complete for SRR1719211_P2.fastq
Approx 80% complete for SRR1719211_P1.fastq
Approx 65% complete for SRR1719211_P2.fastq
Approx 85% complete for SRR1719211_P1.fastq
Approx 70% complete for SRR1719211_P2.fastq
Approx 75% complete for SRR1719211_P2.fastq
Approx 90% complete for SRR1719211_P1.fastq
Approx 80% complete for SRR1719211_P2.fastq
Approx 95% complete for SRR1719211_P1.fastq
Approx 85% complete for SRR1719211_P2.fastq
Analysis complete for SRR1719211_P1.fastq
Approx 90% complete for SRR1719211_P2.fastq
Approx 95% complete for SRR1719211_P2.fastq
Analysis complete for SRR1719211_P2.fastq
Started analysis of SRR1719211_U1.fastq
Analysis complete for SRR1719211_U1.fastq
Started analysis of SRR1719211_u2.fastq
Analysis complete for SRR1719211_u2.fastq
Started analysis of SRR1719212_P1.fastq
Approx 5% complete for SRR1719212_P1.fastq
Approx 10% complete for SRR1719212_P1.fastq
Approx 15% complete for SRR1719212_P1.fastq
Approx 20% complete for SRR1719212_P1.fastq
Approx 25% complete for SRR1719212_P1.fastq
Approx 30% complete for SRR1719212_P1.fastq
Started analysis of SRR1719212_P2.fastq
Approx 5% complete for SRR1719212_P2.fastq
Approx 35% complete for SRR1719212_P1.fastq
Approx 10% complete for SRR1719212_P2.fastq
Approx 40% complete for SRR1719212_P1.fastq
Approx 15% complete for SRR1719212_P2.fastq
Approx 45% complete for SRR1719212_P1.fastq
Approx 20% complete for SRR1719212_P2.fastq
Approx 25% complete for SRR1719212_P2.fastq
Approx 50% complete for SRR1719212_P1.fastq
Approx 30% complete for SRR1719212_P2.fastq
Approx 55% complete for SRR1719212_P1.fastq
Approx 35% complete for SRR1719212_P2.fastq
Approx 60% complete for SRR1719212_P1.fastq
Approx 40% complete for SRR1719212_P2.fastq
Approx 65% complete for SRR1719212_P1.fastq
Approx 45% complete for SRR1719212_P2.fastq
Approx 50% complete for SRR1719212_P2.fastq
Approx 70% complete for SRR1719212_P1.fastq
Approx 55% complete for SRR1719212_P2.fastq
Approx 75% complete for SRR1719212_P1.fastq
Approx 60% complete for SRR1719212_P2.fastq
Approx 80% complete for SRR1719212_P1.fastq
Approx 65% complete for SRR1719212_P2.fastq
Approx 70% complete for SRR1719212_P2.fastq
Approx 85% complete for SRR1719212_P1.fastq
Approx 75% complete for SRR1719212_P2.fastq
Approx 90% complete for SRR1719212_P1.fastq
Approx 80% complete for SRR1719212_P2.fastq
Approx 95% complete for SRR1719212_P1.fastq
Approx 85% complete for SRR1719212_P2.fastq
Analysis complete for SRR1719212_P1.fastq
Approx 90% complete for SRR1719212_P2.fastq
Approx 95% complete for SRR1719212_P2.fastq
Analysis complete for SRR1719212_P2.fastq
Started analysis of SRR1719212_U1.fastq
Analysis complete for SRR1719212_U1.fastq
Started analysis of SRR1719212_u2.fastq
Analysis complete for SRR1719212_u2.fastq
Started analysis of SRR1719213_P1.fastq
Approx 5% complete for SRR1719213_P1.fastq
Approx 10% complete for SRR1719213_P1.fastq
Approx 15% complete for SRR1719213_P1.fastq
Approx 20% complete for SRR1719213_P1.fastq
Approx 25% complete for SRR1719213_P1.fastq
Approx 30% complete for SRR1719213_P1.fastq
Approx 35% complete for SRR1719213_P1.fastq
Approx 40% complete for SRR1719213_P1.fastq
Approx 45% complete for SRR1719213_P1.fastq
Approx 50% complete for SRR1719213_P1.fastq
Approx 55% complete for SRR1719213_P1.fastq
Started analysis of SRR1719213_P2.fastq
Approx 60% complete for SRR1719213_P1.fastq
Approx 5% complete for SRR1719213_P2.fastq
Approx 65% complete for SRR1719213_P1.fastq
Approx 10% complete for SRR1719213_P2.fastq
Approx 15% complete for SRR1719213_P2.fastq
Approx 70% complete for SRR1719213_P1.fastq
Approx 20% complete for SRR1719213_P2.fastq
Approx 75% complete for SRR1719213_P1.fastq
Approx 25% complete for SRR1719213_P2.fastq
Approx 80% complete for SRR1719213_P1.fastq
Approx 30% complete for SRR1719213_P2.fastq
Approx 85% complete for SRR1719213_P1.fastq
Approx 35% complete for SRR1719213_P2.fastq
Approx 90% complete for SRR1719213_P1.fastq
Approx 40% complete for SRR1719213_P2.fastq
Approx 95% complete for SRR1719213_P1.fastq
Approx 45% complete for SRR1719213_P2.fastq
Analysis complete for SRR1719213_P1.fastq
Approx 50% complete for SRR1719213_P2.fastq
Approx 55% complete for SRR1719213_P2.fastq
Approx 60% complete for SRR1719213_P2.fastq
Approx 65% complete for SRR1719213_P2.fastq
Approx 70% complete for SRR1719213_P2.fastq
Approx 75% complete for SRR1719213_P2.fastq
Approx 80% complete for SRR1719213_P2.fastq
Approx 85% complete for SRR1719213_P2.fastq
Approx 90% complete for SRR1719213_P2.fastq
Approx 95% complete for SRR1719213_P2.fastq
Analysis complete for SRR1719213_P2.fastq
Started analysis of SRR1719213_U1.fastq
Analysis complete for SRR1719213_U1.fastq
Started analysis of SRR1719213_u2.fastq
Analysis complete for SRR1719213_u2.fastq
Started analysis of SRR1719214_P1.fastq
Approx 5% complete for SRR1719214_P1.fastq
Approx 10% complete for SRR1719214_P1.fastq
Approx 15% complete for SRR1719214_P1.fastq
Approx 20% complete for SRR1719214_P1.fastq
Approx 25% complete for SRR1719214_P1.fastq
Approx 30% complete for SRR1719214_P1.fastq
Started analysis of SRR1719214_P2.fastq
Approx 5% complete for SRR1719214_P2.fastq
Approx 35% complete for SRR1719214_P1.fastq
Approx 10% complete for SRR1719214_P2.fastq
Approx 40% complete for SRR1719214_P1.fastq
Approx 15% complete for SRR1719214_P2.fastq
Approx 45% complete for SRR1719214_P1.fastq
Approx 20% complete for SRR1719214_P2.fastq
Approx 25% complete for SRR1719214_P2.fastq
Approx 50% complete for SRR1719214_P1.fastq
Approx 30% complete for SRR1719214_P2.fastq
Approx 55% complete for SRR1719214_P1.fastq
Approx 35% complete for SRR1719214_P2.fastq
Approx 60% complete for SRR1719214_P1.fastq
Approx 40% complete for SRR1719214_P2.fastq
Approx 65% complete for SRR1719214_P1.fastq
Approx 45% complete for SRR1719214_P2.fastq
Approx 50% complete for SRR1719214_P2.fastq
Approx 70% complete for SRR1719214_P1.fastq
Approx 55% complete for SRR1719214_P2.fastq
Approx 75% complete for SRR1719214_P1.fastq
Approx 60% complete for SRR1719214_P2.fastq
Approx 80% complete for SRR1719214_P1.fastq
Approx 65% complete for SRR1719214_P2.fastq
Approx 85% complete for SRR1719214_P1.fastq
Approx 70% complete for SRR1719214_P2.fastq
Approx 90% complete for SRR1719214_P1.fastq
Approx 75% complete for SRR1719214_P2.fastq
Approx 95% complete for SRR1719214_P1.fastq
Approx 80% complete for SRR1719214_P2.fastq
Analysis complete for SRR1719214_P1.fastq
Approx 85% complete for SRR1719214_P2.fastq
Approx 90% complete for SRR1719214_P2.fastq
Approx 95% complete for SRR1719214_P2.fastq
Analysis complete for SRR1719214_P2.fastq
Started analysis of SRR1719214_U1.fastq
Analysis complete for SRR1719214_U1.fastq
Started analysis of SRR1719214_u2.fastq
Analysis complete for SRR1719214_u2.fastq
Started analysis of SRR1719241_P1.fastq
Approx 5% complete for SRR1719241_P1.fastq
Approx 10% complete for SRR1719241_P1.fastq
Approx 15% complete for SRR1719241_P1.fastq
Approx 20% complete for SRR1719241_P1.fastq
Approx 25% complete for SRR1719241_P1.fastq
Approx 30% complete for SRR1719241_P1.fastq
Started analysis of SRR1719241_P2.fastq
Approx 5% complete for SRR1719241_P2.fastq
Approx 35% complete for SRR1719241_P1.fastq
Approx 10% complete for SRR1719241_P2.fastq
Approx 40% complete for SRR1719241_P1.fastq
Approx 15% complete for SRR1719241_P2.fastq
Approx 45% complete for SRR1719241_P1.fastq
Approx 20% complete for SRR1719241_P2.fastq
Approx 50% complete for SRR1719241_P1.fastq
Approx 25% complete for SRR1719241_P2.fastq
Approx 30% complete for SRR1719241_P2.fastq
Approx 55% complete for SRR1719241_P1.fastq
Approx 35% complete for SRR1719241_P2.fastq
Approx 60% complete for SRR1719241_P1.fastq
Approx 40% complete for SRR1719241_P2.fastq
Approx 65% complete for SRR1719241_P1.fastq
Approx 45% complete for SRR1719241_P2.fastq
Approx 50% complete for SRR1719241_P2.fastq
Approx 70% complete for SRR1719241_P1.fastq
Approx 55% complete for SRR1719241_P2.fastq
Approx 75% complete for SRR1719241_P1.fastq
Approx 60% complete for SRR1719241_P2.fastq
Approx 80% complete for SRR1719241_P1.fastq
Approx 65% complete for SRR1719241_P2.fastq
Approx 85% complete for SRR1719241_P1.fastq
Approx 70% complete for SRR1719241_P2.fastq
Approx 90% complete for SRR1719241_P1.fastq
Approx 75% complete for SRR1719241_P2.fastq
Approx 95% complete for SRR1719241_P1.fastq
Approx 80% complete for SRR1719241_P2.fastq
Approx 85% complete for SRR1719241_P2.fastq
Analysis complete for SRR1719241_P1.fastq
Approx 90% complete for SRR1719241_P2.fastq
Approx 95% complete for SRR1719241_P2.fastq
Analysis complete for SRR1719241_P2.fastq
Started analysis of SRR1719241_U1.fastq
Analysis complete for SRR1719241_U1.fastq
Started analysis of SRR1719241_u2.fastq
Analysis complete for SRR1719241_u2.fastq
Started analysis of SRR1719242_P1.fastq
Approx 5% complete for SRR1719242_P1.fastq
Approx 10% complete for SRR1719242_P1.fastq
Approx 15% complete for SRR1719242_P1.fastq
Approx 20% complete for SRR1719242_P1.fastq
Approx 25% complete for SRR1719242_P1.fastq
Started analysis of SRR1719242_P2.fastq
Approx 30% complete for SRR1719242_P1.fastq
Approx 5% complete for SRR1719242_P2.fastq
Approx 35% complete for SRR1719242_P1.fastq
Approx 10% complete for SRR1719242_P2.fastq
Approx 40% complete for SRR1719242_P1.fastq
Approx 15% complete for SRR1719242_P2.fastq
Approx 45% complete for SRR1719242_P1.fastq
Approx 20% complete for SRR1719242_P2.fastq
Approx 25% complete for SRR1719242_P2.fastq
Approx 50% complete for SRR1719242_P1.fastq
Approx 30% complete for SRR1719242_P2.fastq
Approx 55% complete for SRR1719242_P1.fastq
Approx 35% complete for SRR1719242_P2.fastq
Approx 60% complete for SRR1719242_P1.fastq
Approx 40% complete for SRR1719242_P2.fastq
Approx 65% complete for SRR1719242_P1.fastq
Approx 45% complete for SRR1719242_P2.fastq
Approx 70% complete for SRR1719242_P1.fastq
Approx 50% complete for SRR1719242_P2.fastq
Approx 75% complete for SRR1719242_P1.fastq
Approx 55% complete for SRR1719242_P2.fastq
Approx 60% complete for SRR1719242_P2.fastq
Approx 80% complete for SRR1719242_P1.fastq
Approx 65% complete for SRR1719242_P2.fastq
Approx 85% complete for SRR1719242_P1.fastq
Approx 70% complete for SRR1719242_P2.fastq
Approx 90% complete for SRR1719242_P1.fastq
Approx 75% complete for SRR1719242_P2.fastq
Approx 95% complete for SRR1719242_P1.fastq
Approx 80% complete for SRR1719242_P2.fastq
Approx 85% complete for SRR1719242_P2.fastq
Analysis complete for SRR1719242_P1.fastq
Approx 90% complete for SRR1719242_P2.fastq
Approx 95% complete for SRR1719242_P2.fastq
Analysis complete for SRR1719242_P2.fastq
Started analysis of SRR1719242_U1.fastq
Analysis complete for SRR1719242_U1.fastq
Started analysis of SRR1719242_u2.fastq
Analysis complete for SRR1719242_u2.fastq
[WARNING]         multiqc : MultiQC Version v1.10.1 now available!
[INFO   ]         multiqc : This is MultiQC v1.9
[INFO   ]         multiqc : Template    : default
[INFO   ]         multiqc : Searching   : /home/milenatr/private/genome_analysis_2021_git/files/fastQC_after_trim
Searching 141 files..
[INFO   ]          fastqc : Found 68 reports
[INFO   ]         multiqc : Compressing plot data
[INFO   ]         multiqc : Report      : multiqc_report.html
[INFO   ]         multiqc : Data        : multiqc_data
[INFO   ]         multiqc : MultiQC complete
Finished
