
Version 2.04: released on July 13th, 2012
Compile Nov 20 2013	12:17:09

********************
Pregraph
********************

Parameters: pregraph -s soapdenovo.config -K 49 -p 6 -o /home/milenatr/private/genome_analysis_data/soap_assembly 

In soapdenovo.config, 6 lib(s), maximum read length 100, maximum name length 256.

6 thread(s) initialized.
Import reads from file:
 /home/milenatr/private/genome_analysis_data/trim_by_me/SRR5819797_P1.fastq
Import reads from file:
 /home/milenatr/private/genome_analysis_data/trim_by_me/SRR5819797_P2.fastq
Import reads from file:
 /home/milenatr/private/genome_analysis_data/trim_by_me/SRR5819797_U1.fastq
Import reads from file:
 /home/milenatr/private/genome_analysis_data/trim_by_me/SRR5819797_U2.fastq
Import reads from file:
 /home/milenatr/private/genome_analysis_data/trim_by_me/SRR5819794_P1.fastq
Import reads from file:
 /home/milenatr/private/genome_analysis_data/trim_by_me/SRR5819794_P2.fastq
Import reads from file:
 /home/milenatr/private/genome_analysis_data/trim_by_me/SRR5819794_U1.fastq
Import reads from file:
 /home/milenatr/private/genome_analysis_data/trim_by_me/SRR5819794_U2.fastq
Import reads from file:
 /home/milenatr/private/genome_analysis_data/trim_by_me/SRR5819795_P1.fastq
Import reads from file:
 /home/milenatr/private/genome_analysis_data/trim_by_me/SRR5819795_P2.fastq
Import reads from file:
 /home/milenatr/private/genome_analysis_data/trim_by_me/SRR5819795_U1.fastq
Import reads from file:
 /home/milenatr/private/genome_analysis_data/trim_by_me/SRR5819795_U2.fastq
Import reads from file:
 /home/milenatr/private/genome_analysis_data/trim_by_me/SRR5819798_P1.fastq
Import reads from file:
 /home/milenatr/private/genome_analysis_data/trim_by_me/SRR5819798_P2.fastq
Import reads from file:
 /home/milenatr/private/genome_analysis_data/trim_by_me/SRR5819798_U1.fastq
Import reads from file:
 /home/milenatr/private/genome_analysis_data/trim_by_me/SRR5819798_U2.fastq
Import reads from file:
 /home/milenatr/private/genome_analysis_data/trim_by_me/SRR5819799_P1.fastq
Import reads from file:
 /home/milenatr/private/genome_analysis_data/trim_by_me/SRR5819799_P2.fastq
Import reads from file:
 /home/milenatr/private/genome_analysis_data/trim_by_me/SRR5819799_U1.fastq
Import reads from file:
 /home/milenatr/private/genome_analysis_data/trim_by_me/SRR5819799_U2.fastq
Import reads from file:
 /home/milenatr/private/genome_analysis_data/trim_by_me/SRR5819796_P1.fastq
Import reads from file:
 /home/milenatr/private/genome_analysis_data/trim_by_me/SRR5819796_P2.fastq
Import reads from file:
 /home/milenatr/private/genome_analysis_data/trim_by_me/SRR5819796_U1.fastq
Import reads from file:
 /home/milenatr/private/genome_analysis_data/trim_by_me/SRR5819796_U2.fastq
Time spent on hashing reads: 863s, 99524760 read(s) processed.
LIB(s) information:
 [LIB] 0, avg_ins 175, reverse 0.
 [LIB] 1, avg_ins 400, reverse 0.
 [LIB] 2, avg_ins 800, reverse 0.
 [LIB] 3, avg_ins 3000, reverse 0.
 [LIB] 4, avg_ins 5500, reverse 0.
 [LIB] 5, avg_ins 9000, reverse 0.
114388883 node(s) allocated, 4896726150 kmer(s) in reads, 4896726150 kmer(s) processed.
done hashing nodes
109532281 linear node(s) marked.
Time spent on marking linear nodes: 4s.
Time spent on pre-graph construction: 867s.

Start to remove frequency-one-kmer tips shorter than 98.
Total 0 tip(s) removed.
6 thread(s) initialized.
0 linear node(s) marked.
Start to remove tips with minority links.
1478661 tip(s) removed in cycle 1.
20942 tip(s) removed in cycle 2.
85 tip(s) removed in cycle 3.
0 tip(s) removed in cycle 4.
Total 1499688 tip(s) removed.
6 thread(s) initialized.
0 linear node(s) marked.
Time spent on removing tips: 91s.

5429826 (2714940) edge(s) and 602796 extra node(s) constructed.
Time spent on constructing edges: 72s.

In file: soapdenovo.config, max seq len 100, max name len 256.
6 thread(s) initialized.
Import reads from file:
 /home/milenatr/private/genome_analysis_data/trim_by_me/SRR5819797_P1.fastq
Import reads from file:
 /home/milenatr/private/genome_analysis_data/trim_by_me/SRR5819797_P2.fastq
Import reads from file:
 /home/milenatr/private/genome_analysis_data/trim_by_me/SRR5819797_U1.fastq
Import reads from file:
 /home/milenatr/private/genome_analysis_data/trim_by_me/SRR5819797_U2.fastq
Import reads from file:
 /home/milenatr/private/genome_analysis_data/trim_by_me/SRR5819794_P1.fastq
Import reads from file:
 /home/milenatr/private/genome_analysis_data/trim_by_me/SRR5819794_P2.fastq
Import reads from file:
 /home/milenatr/private/genome_analysis_data/trim_by_me/SRR5819794_U1.fastq
Import reads from file:
 /home/milenatr/private/genome_analysis_data/trim_by_me/SRR5819794_U2.fastq
Import reads from file:
 /home/milenatr/private/genome_analysis_data/trim_by_me/SRR5819795_P1.fastq
Import reads from file:
 /home/milenatr/private/genome_analysis_data/trim_by_me/SRR5819795_P2.fastq
Import reads from file:
 /home/milenatr/private/genome_analysis_data/trim_by_me/SRR5819795_U1.fastq
Import reads from file:
 /home/milenatr/private/genome_analysis_data/trim_by_me/SRR5819795_U2.fastq
Import reads from file:
 /home/milenatr/private/genome_analysis_data/trim_by_me/SRR5819798_P1.fastq
Import reads from file:
 /home/milenatr/private/genome_analysis_data/trim_by_me/SRR5819798_P2.fastq
Import reads from file:
 /home/milenatr/private/genome_analysis_data/trim_by_me/SRR5819798_U1.fastq
Import reads from file:
 /home/milenatr/private/genome_analysis_data/trim_by_me/SRR5819798_U2.fastq
Import reads from file:
 /home/milenatr/private/genome_analysis_data/trim_by_me/SRR5819799_P1.fastq
Import reads from file:
 /home/milenatr/private/genome_analysis_data/trim_by_me/SRR5819799_P2.fastq
Import reads from file:
 /home/milenatr/private/genome_analysis_data/trim_by_me/SRR5819799_U1.fastq
Import reads from file:
 /home/milenatr/private/genome_analysis_data/trim_by_me/SRR5819799_U2.fastq
Import reads from file:
 /home/milenatr/private/genome_analysis_data/trim_by_me/SRR5819796_P1.fastq
Import reads from file:
 /home/milenatr/private/genome_analysis_data/trim_by_me/SRR5819796_P2.fastq
Import reads from file:
 /home/milenatr/private/genome_analysis_data/trim_by_me/SRR5819796_U1.fastq
Import reads from file:
 /home/milenatr/private/genome_analysis_data/trim_by_me/SRR5819796_U2.fastq
99524760 read(s) processed.
Time spent on:
 importing reads: 46s,
 chopping reads to kmers: 91s,
 searching kmers: 300s,
 aligning reads to edges: 117s,
 searching (K+1)mers: 53s,
 adding pre-arcs: 61s,
 recording read paths: 0s.
0 marker(s) output.
Reads alignment done, 6934308 read(s) deleted, 5517536 pre-arc(s) added.
LIB(s) information:
 [LIB] 0, avg_ins 175, reverse 0.
 [LIB] 1, avg_ins 400, reverse 0.
 [LIB] 2, avg_ins 800, reverse 0.
 [LIB] 3, avg_ins 3000, reverse 0.
 [LIB] 4, avg_ins 5500, reverse 0.
 [LIB] 5, avg_ins 9000, reverse 0.
Time spent on aligning reads: 681s.

2044546 vertex(es) output.
Overall time spent on constructing pre-graph: 28m.


********************
Contig
********************

Parameters: contig -g /home/milenatr/private/genome_analysis_data/soap_assembly -M 1 -s soapdenovo.config -p 6 

There are 2044546 kmer(s) in vertex file.
There are 5429826 edge(s) in edge file.
Kmers sorted.
5429826 edge(s) input.
6667600 pre-arcs loaded.
1356865 none-palindrome edge(s) swapped, 0 palindrome edge(s) processed.
5429826 edge(s) sorted.
Arcs sorted.
Start to pinch bubbles, cutoff 0.100000, MAX NODE NUM 3, MAX DIFF NUM 2.
201067 start points, 4311565 dheap nodes.
1345396 pair(s) found, 11480 pair of path(s) compared, 8735 pair(s) merged.
Sequence comparison failed:
 Path crossing deleted edge                         0
 Length difference of two paths greater than two    1077
 Mismatch score greater than cutoff (2)             369
 Mismatch score ratio greater than cutoff (0.1)     0
 Path length shorter than (Kmer-1)                  1299
DFibHeap: 442673 node(s) allocated.
119960 edge(s) concatenated in cycle 1.
841 edge(s) concatenated in cycle 2.
6 edge(s) concatenated in cycle 3.
0 edge(s) concatenated in cycle 4.
Time spent on pinching bubbles: 13s.
Start to destroy weak inner edges.
0 weak inner edge(s) destroyed in cycle 1.
0 dead arc(s) removed.
3523 inner edge(s) with coverage lower than or equal to 1 destroyed.
10763 dead arc(s) removed.
3207 edge(s) concatenated in cycle 1.
0 edge(s) concatenated in cycle 2.
Before compacting, 5429826 edge(s) existed.
After compacting, 5156964 edge(s) left.

Strict: 0, cutoff length: 98.
436420 tips cut in cycle 1.
84147 tips cut in cycle 2.
20587 tips cut in cycle 3.
6408 tips cut in cycle 4.
2584 tips cut in cycle 5.
1128 tips cut in cycle 6.
521 tips cut in cycle 7.
291 tips cut in cycle 8.
162 tips cut in cycle 9.
115 tips cut in cycle 10.
88 tips cut in cycle 11.
56 tips cut in cycle 12.
31 tips cut in cycle 13.
13 tips cut in cycle 14.
16 tips cut in cycle 15.
12 tips cut in cycle 16.
9 tips cut in cycle 17.
10 tips cut in cycle 18.
6 tips cut in cycle 19.
4 tips cut in cycle 20.
3 tips cut in cycle 21.
0 tips cut in cycle 22.
254904 dead arc(s) removed.
192798 edge(s) concatenated in cycle 1.
1249 edge(s) concatenated in cycle 2.
0 edge(s) concatenated in cycle 3.
Before compacting, 5156964 edge(s) existed.
After compacting, 3663648 edge(s) left.

There are 281851 contig(s) longer than 100, sum up 52955156 bp, with average length 187.
The longest length is 23419 bp, contig N50 is 188 bp,contig N90 is 117 bp.
1831850 contig(s) longer than 50 output.

Time spent on constructing contig: 1m.


********************
Map
********************

Parameters: map -s soapdenovo.config -g /home/milenatr/private/genome_analysis_data/soap_assembly -p 6 -K 49 

Kmer size: 49.
Contig length cutoff: 51.

1831850 contig(s), maximum sequence length 23419, minimum sequence length 50, maximum name length 10.
Time spent on parsing contigs file: 1s.
6 thread(s) initialized.
Time spent on hashing contigs: 11s.
51471599 node(s) allocated, 53000367 kmer(s) in contigs, 53000367 kmer(s) processed.
Time spent on graph construction: 12s.

Time spent on aligning long reads: 0s.

In file: soapdenovo.config, max seq len 100, max name len 256
6 thread(s) initialized.
3663648 edge(s) in the graph.
Import reads from file:
 /home/milenatr/private/genome_analysis_data/trim_by_me/SRR5819797_P1.fastq
Import reads from file:
 /home/milenatr/private/genome_analysis_data/trim_by_me/SRR5819797_P2.fastq
Current insert size is 175, map_len is 32.
Import reads from file:
 /home/milenatr/private/genome_analysis_data/trim_by_me/SRR5819794_P1.fastq
Import reads from file:
 /home/milenatr/private/genome_analysis_data/trim_by_me/SRR5819794_P2.fastq
Current insert size is 400, map_len is 32.
Import reads from file:
 /home/milenatr/private/genome_analysis_data/trim_by_me/SRR5819795_P1.fastq
Import reads from file:
 /home/milenatr/private/genome_analysis_data/trim_by_me/SRR5819795_P2.fastq
Current insert size is 800, map_len is 32.
Import reads from file:
 /home/milenatr/private/genome_analysis_data/trim_by_me/SRR5819798_P1.fastq
Import reads from file:
 /home/milenatr/private/genome_analysis_data/trim_by_me/SRR5819798_P2.fastq
Current insert size is 3000, map_len is 35.
Import reads from file:
 /home/milenatr/private/genome_analysis_data/trim_by_me/SRR5819799_P1.fastq
Import reads from file:
 /home/milenatr/private/genome_analysis_data/trim_by_me/SRR5819799_P2.fastq
Current insert size is 5500, map_len is 35.
Import reads from file:
 /home/milenatr/private/genome_analysis_data/trim_by_me/SRR5819796_P1.fastq
Import reads from file:
 /home/milenatr/private/genome_analysis_data/trim_by_me/SRR5819796_P2.fastq
Current insert size is 9000, map_len is 35.

Total reads         99278076
Reads in gaps       58068344
Ratio               58.5%
Reads on contigs    80088717
Ratio               80.7%
6 pe insert size, the largest boundary is 99278076.

LIB(s) information:
 [LIB] 0, avg_ins 175, reverse 0.
 [LIB] 1, avg_ins 400, reverse 0.
 [LIB] 2, avg_ins 800, reverse 0.
 [LIB] 3, avg_ins 3000, reverse 0.
 [LIB] 4, avg_ins 5500, reverse 0.
 [LIB] 5, avg_ins 9000, reverse 0.
Time spent on aligning reads: 891s.

Overall time spent on alignment: 15m.


********************
Scaff
********************

Parameters: scaff -g /home/milenatr/private/genome_analysis_data/soap_assembly -p 6 

Files for scaffold construction are OK.

There are 6 grad(s), 99278076 read(s), max read len 100.
Kmer size: 49
There are 3663648 edge(s) in edge file.
Mask contigs with coverage lower than 2.8 or higher than 56.0, and strict length 0.
Average contig coverage is 28, 1351079 contig(s) masked.
Mask contigs shorter than 51, 1820780 contig(s) masked.
4834038 arc(s) loaded, average weight is 24.
1831850 contig(s) loaded.
Done loading updated edges.
Time spent on loading updated edges: 11s.

*****************************************************
Start to load paired-end reads information.

For insert size: 175
 Total PE links                      5797151
 Normal PE links on same contig      1212425
 Incorrect oriented PE links         375
 PE links of too small insert size   1105563
 PE links of too large insert size   0
 Correct PE links                    3478772
 Accumulated connections             2774802
Use contigs longer than 175 to estimate insert size: 
 PE links               1146547
 Average insert size    280
 SD                     56
1387401 new connections.

For insert size: 400
 Total PE links                      5797151
 Normal PE links on same contig      1212425
 Incorrect oriented PE links         375
 PE links of too small insert size   2491
 PE links of too large insert size   0
 Correct PE links                    4581844
 Accumulated connections             3181074
Use contigs longer than 400 to estimate insert size: 
 PE links               1040507
 Average insert size    282
 SD                     56
1590537 new connections.

For insert size: 800
 Total PE links                      5759282
 Normal PE links on same contig      1212160
 Incorrect oriented PE links         369
 PE links of too small insert size   728
 PE links of too large insert size   0
 Correct PE links                    4546009
 Accumulated connections             3154282
Use contigs longer than 800 to estimate insert size: 
 PE links               1005132
 Average insert size    283
 SD                     56
1577141 new connections.

For insert size: 3000
 Total PE links                      5396784
 Normal PE links on same contig      1209476
 Incorrect oriented PE links         330
 PE links of too small insert size   253
 PE links of too large insert size   0
 Correct PE links                    4186709
 Accumulated connections             2810796
Use contigs longer than 3000 to estimate insert size: 
 PE links               719238
 Average insert size    283
 SD                     56
1405398 new connections.

For insert size: 5500
 Total PE links                      5396784
 Normal PE links on same contig      1209476
 Incorrect oriented PE links         330
 PE links of too small insert size   114
 PE links of too large insert size   0
 Correct PE links                    4186848
 Accumulated connections             2811006
Use contigs longer than 5500 to estimate insert size: 
 PE links               409872
 Average insert size    283
 SD                     56
1405503 new connections.

For insert size: 9000
 Total PE links                      5396784
 Normal PE links on same contig      1209476
 Incorrect oriented PE links         330
 PE links of too small insert size   36
 PE links of too large insert size   0
 Correct PE links                    4186926
 Accumulated connections             2811130
Use contigs longer than 9000 to estimate insert size: 
 PE links               193426
 Average insert size    284
 SD                     56
1405565 new connections.

All paired-end reads information loaded.
Time spent on loading paired-end reads information: 70s.

*****************************************************
Start to construct scaffolds.

***************************
For insert size: 175
 Total PE links                1387400
 PE links to masked contigs    1315194
 On same scaffold PE links     0
***************************
For insert size: 400
 Total PE links                1590537
 PE links to masked contigs    1478196
 On same scaffold PE links     0
***************************
For insert size: 800
 Total PE links                1577141
 PE links to masked contigs    1464464
 On same scaffold PE links     0
Report from smallScaf: 0 scaffolds by smallPE.
***************************
For insert size: 3000
 Total PE links                1405398
 PE links to masked contigs    1295651
 On same scaffold PE links     0
***************************
For insert size: 5500
 Total PE links                1405503
 PE links to masked contigs    1295756
 On same scaffold PE links     0
***************************
For insert size: 9000
 Total PE links                1405565
 PE links to masked contigs    1295818
 On same scaffold PE links     0
Cutoff of PE links to make a reliable connection: 5
Report from checkScaf: 0 scaffold segments broken.
 Active connections    225828
 Weak connections      5648
 Weak ratio            2.5%
2 circles removed.
Start to remove transitive connection.
Total contigs                         3663648
Masked contigs                        3171867
Remained contigs                      491781
None-outgoing-connection contigs      312914 (63.628727%)
Single-outgoing-connection contigs    142185
Multi-outgoing-connection contigs     4690
Cycle 1
 Two-outgoing-connection contigs     31992
 Potential transitive connections    7188
 Transitive connections              3812
 Transitive ratio                    11.9%
Cycle 2
 Two-outgoing-connection contigs     27959
 Potential transitive connections    3376
 Transitive connections              0
 Transitive ratio                    0.0%
Start to linearize sub-graph.
 Picked sub-graphs          20511
 Connection-conflict        14
 Significant overlapping    12014
 Eligible                   12
 Bubble structures          0
Mask repeats:
 Puzzles           7761
 Masked contigs    6049
Start to remove transitive connection.
Total contigs                         3663648
Masked contigs                        3183965
Remained contigs                      479683
None-outgoing-connection contigs      313784 (65.414871%)
Single-outgoing-connection contigs    164893
Multi-outgoing-connection contigs     114
Cycle 1
 Two-outgoing-connection contigs     892
 Potential transitive connections    525
 Transitive connections              298
 Transitive ratio                    33.4%
Cycle 2
 Two-outgoing-connection contigs     590
 Potential transitive connections    227
 Transitive connections              0
 Transitive ratio                    0.0%
Start to linearize sub-graph.
 Picked sub-graphs          469
 Connection-conflict        2
 Significant overlapping    139
 Eligible                   0
 Bubble structures          0
Non-strict linearization.
Start to linearize sub-graph.
 Picked sub-graphs          122
 Connection-conflict        2
 Significant overlapping    104
 Eligible                   0
 Bubble structures          0
Start to mask puzzles.
 Masked contigs      80
 Remained puzzles    0
Freezing done.

Recover contigs.
 Total recovered contigs    0
 Single-route cases         0
 Multi-route cases          0

All links loaded.
Time spent on constructing scaffolds: 12s.

The final rank

*******************************
 Scaffold number                  45190
 In-scaffold contig number        281848
 Total scaffold length            255678865
 Average scaffold length          5657
 Filled gap number                196
 Longest scaffold                 48863
 Scaffold and singleton number    198967
 Scaffold and singleton length    278339390
 Average length                   1398
 N50                              6807
 N90                              3248
 Weak points                      0

*******************************
1000 scaffolds processed.
2000 scaffolds processed.
3000 scaffolds processed.
4000 scaffolds processed.
