------------currently counting: 
/home/milenatr/private/genome_analysis_data/mapping/results/SRR1719013_Aligned.sortedByCoord.out.bam
to: 
/home/milenatr/private/genome_analysis_data/htseq_counting/RR1719013_
100000 GFF lines processed.
200000 GFF lines processed.
300000 GFF lines processed.
400000 GFF lines processed.
500000 GFF lines processed.
600000 GFF lines processed.
700000 GFF lines processed.
769388 GFF lines processed.
100000 alignment record pairs processed.
200000 alignment record pairs processed.
217468 alignment pairs processed.
-------------------------------------------------------------
------------currently counting: 
/home/milenatr/private/genome_analysis_data/mapping/results/SRR1719014_Aligned.sortedByCoord.out.bam
to: 
/home/milenatr/private/genome_analysis_data/htseq_counting/RR1719014_
100000 GFF lines processed.
200000 GFF lines processed.
300000 GFF lines processed.
400000 GFF lines processed.
500000 GFF lines processed.
600000 GFF lines processed.
700000 GFF lines processed.
769388 GFF lines processed.
100000 alignment record pairs processed.
200000 alignment record pairs processed.
232185 alignment pairs processed.
-------------------------------------------------------------
------------currently counting: 
/home/milenatr/private/genome_analysis_data/mapping/results/SRR1719015_Aligned.sortedByCoord.out.bam
to: 
/home/milenatr/private/genome_analysis_data/htseq_counting/RR1719015_
100000 GFF lines processed.
200000 GFF lines processed.
300000 GFF lines processed.
400000 GFF lines processed.
500000 GFF lines processed.
600000 GFF lines processed.
700000 GFF lines processed.
769388 GFF lines processed.
100000 alignment record pairs processed.
178247 alignment pairs processed.
-------------------------------------------------------------
------------currently counting: 
/home/milenatr/private/genome_analysis_data/mapping/results/SRR1719016_Aligned.sortedByCoord.out.bam
to: 
/home/milenatr/private/genome_analysis_data/htseq_counting/RR1719016_
100000 GFF lines processed.
200000 GFF lines processed.
300000 GFF lines processed.
400000 GFF lines processed.
500000 GFF lines processed.
600000 GFF lines processed.
700000 GFF lines processed.
769388 GFF lines processed.
100000 alignment record pairs processed.
200000 alignment record pairs processed.
218482 alignment pairs processed.
-------------------------------------------------------------
------------currently counting: 
/home/milenatr/private/genome_analysis_data/mapping/results/SRR1719017_Aligned.sortedByCoord.out.bam
to: 
/home/milenatr/private/genome_analysis_data/htseq_counting/RR1719017_
100000 GFF lines processed.
200000 GFF lines processed.
300000 GFF lines processed.
400000 GFF lines processed.
500000 GFF lines processed.
600000 GFF lines processed.
700000 GFF lines processed.
769388 GFF lines processed.
100000 alignment record pairs processed.
200000 alignment record pairs processed.
209521 alignment pairs processed.
-------------------------------------------------------------
------------currently counting: 
/home/milenatr/private/genome_analysis_data/mapping/results/SRR1719018_Aligned.sortedByCoord.out.bam
to: 
/home/milenatr/private/genome_analysis_data/htseq_counting/RR1719018_
100000 GFF lines processed.
200000 GFF lines processed.
300000 GFF lines processed.
400000 GFF lines processed.
500000 GFF lines processed.
600000 GFF lines processed.
700000 GFF lines processed.
769388 GFF lines processed.
100000 alignment record pairs processed.
200000 alignment record pairs processed.
213533 alignment pairs processed.
-------------------------------------------------------------
------------currently counting: 
/home/milenatr/private/genome_analysis_data/mapping/results/SRR1719204_Aligned.sortedByCoord.out.bam
to: 
/home/milenatr/private/genome_analysis_data/htseq_counting/RR1719204_
100000 GFF lines processed.
200000 GFF lines processed.
300000 GFF lines processed.
400000 GFF lines processed.
500000 GFF lines processed.
600000 GFF lines processed.
700000 GFF lines processed.
769388 GFF lines processed.
100000 alignment record pairs processed.
200000 alignment record pairs processed.
300000 alignment record pairs processed.
326313 alignment pairs processed.
-------------------------------------------------------------
------------currently counting: 
/home/milenatr/private/genome_analysis_data/mapping/results/SRR1719206_Aligned.sortedByCoord.out.bam
to: 
/home/milenatr/private/genome_analysis_data/htseq_counting/RR1719206_
100000 GFF lines processed.
200000 GFF lines processed.
300000 GFF lines processed.
400000 GFF lines processed.
500000 GFF lines processed.
600000 GFF lines processed.
700000 GFF lines processed.
769388 GFF lines processed.
100000 alignment record pairs processed.
200000 alignment record pairs processed.
251590 alignment pairs processed.
-------------------------------------------------------------
------------currently counting: 
/home/milenatr/private/genome_analysis_data/mapping/results/SRR1719207_Aligned.sortedByCoord.out.bam
to: 
/home/milenatr/private/genome_analysis_data/htseq_counting/RR1719207_
100000 GFF lines processed.
200000 GFF lines processed.
300000 GFF lines processed.
400000 GFF lines processed.
500000 GFF lines processed.
600000 GFF lines processed.
700000 GFF lines processed.
769388 GFF lines processed.
100000 alignment record pairs processed.
200000 alignment record pairs processed.
207204 alignment pairs processed.
-------------------------------------------------------------
------------currently counting: 
/home/milenatr/private/genome_analysis_data/mapping/results/SRR1719208_Aligned.sortedByCoord.out.bam
to: 
/home/milenatr/private/genome_analysis_data/htseq_counting/RR1719208_
100000 GFF lines processed.
200000 GFF lines processed.
300000 GFF lines processed.
400000 GFF lines processed.
500000 GFF lines processed.
600000 GFF lines processed.
700000 GFF lines processed.
769388 GFF lines processed.
100000 alignment record pairs processed.
200000 alignment record pairs processed.
201672 alignment pairs processed.
-------------------------------------------------------------
------------currently counting: 
/home/milenatr/private/genome_analysis_data/mapping/results/SRR1719209_Aligned.sortedByCoord.out.bam
to: 
/home/milenatr/private/genome_analysis_data/htseq_counting/RR1719209_
100000 GFF lines processed.
200000 GFF lines processed.
300000 GFF lines processed.
400000 GFF lines processed.
500000 GFF lines processed.
600000 GFF lines processed.
700000 GFF lines processed.
769388 GFF lines processed.
100000 alignment record pairs processed.
200000 alignment record pairs processed.
214319 alignment pairs processed.
-------------------------------------------------------------
------------currently counting: 
/home/milenatr/private/genome_analysis_data/mapping/results/SRR1719211_Aligned.sortedByCoord.out.bam
to: 
/home/milenatr/private/genome_analysis_data/htseq_counting/RR1719211_
100000 GFF lines processed.
200000 GFF lines processed.
300000 GFF lines processed.
400000 GFF lines processed.
500000 GFF lines processed.
600000 GFF lines processed.
700000 GFF lines processed.
769388 GFF lines processed.
100000 alignment record pairs processed.
200000 alignment record pairs processed.
278624 alignment pairs processed.
-------------------------------------------------------------
------------currently counting: 
/home/milenatr/private/genome_analysis_data/mapping/results/SRR1719212_Aligned.sortedByCoord.out.bam
to: 
/home/milenatr/private/genome_analysis_data/htseq_counting/RR1719212_
100000 GFF lines processed.
200000 GFF lines processed.
300000 GFF lines processed.
400000 GFF lines processed.
500000 GFF lines processed.
600000 GFF lines processed.
700000 GFF lines processed.
769388 GFF lines processed.
100000 alignment record pairs processed.
197905 alignment pairs processed.
-------------------------------------------------------------
------------currently counting: 
/home/milenatr/private/genome_analysis_data/mapping/results/SRR1719213_Aligned.sortedByCoord.out.bam
to: 
/home/milenatr/private/genome_analysis_data/htseq_counting/RR1719213_
100000 GFF lines processed.
200000 GFF lines processed.
300000 GFF lines processed.
400000 GFF lines processed.
500000 GFF lines processed.
600000 GFF lines processed.
700000 GFF lines processed.
769388 GFF lines processed.
100000 alignment record pairs processed.
200000 alignment record pairs processed.
230376 alignment pairs processed.
-------------------------------------------------------------
------------currently counting: 
/home/milenatr/private/genome_analysis_data/mapping/results/SRR1719214_Aligned.sortedByCoord.out.bam
to: 
/home/milenatr/private/genome_analysis_data/htseq_counting/RR1719214_
100000 GFF lines processed.
200000 GFF lines processed.
300000 GFF lines processed.
400000 GFF lines processed.
500000 GFF lines processed.
600000 GFF lines processed.
700000 GFF lines processed.
769388 GFF lines processed.
100000 alignment record pairs processed.
200000 alignment record pairs processed.
259911 alignment pairs processed.
-------------------------------------------------------------
------------currently counting: 
/home/milenatr/private/genome_analysis_data/mapping/results/SRR1719241_Aligned.sortedByCoord.out.bam
to: 
/home/milenatr/private/genome_analysis_data/htseq_counting/RR1719241_
100000 GFF lines processed.
200000 GFF lines processed.
300000 GFF lines processed.
400000 GFF lines processed.
500000 GFF lines processed.
600000 GFF lines processed.
700000 GFF lines processed.
769388 GFF lines processed.
100000 alignment record pairs processed.
200000 alignment record pairs processed.
300000 alignment record pairs processed.
400000 alignment record pairs processed.
406778 alignment pairs processed.
-------------------------------------------------------------
------------currently counting: 
/home/milenatr/private/genome_analysis_data/mapping/results/SRR1719242_Aligned.sortedByCoord.out.bam
to: 
/home/milenatr/private/genome_analysis_data/htseq_counting/RR1719242_
100000 GFF lines processed.
200000 GFF lines processed.
300000 GFF lines processed.
400000 GFF lines processed.
500000 GFF lines processed.
600000 GFF lines processed.
700000 GFF lines processed.
769388 GFF lines processed.
100000 alignment record pairs processed.
200000 alignment record pairs processed.
222128 alignment pairs processed.
-------------------------------------------------------------
finished count
