
The following have been reloaded with a version change:
  1) python/3.8.7 => python/3.7.2

/sw/bioinfo/quast/5.0.2/snowy/bin/quast.py -o /home/milenatr/private/genome_analysis_2021_git/files/assembly_quality_results -r /home/milenatr/private/genome_analysis_data/example_scaffold/sel1_NW_015504190.fna.gz --min-contig 50 -t 2 --eukaryote /home/milenatr/private/genome_analysis_data/soap_assembly/assembly_test.contig

Version: 5.0.2

System information:
  OS: Linux-3.10.0-1160.21.1.el7.x86_64-x86_64-with-centos-7.9.2009-Core (linux_64)
  Python version: 3.7.2
  CPUs number: 16

Started: 2021-04-15 12:52:38

Logging to /home/milenatr/private/genome_analysis_2021_git/files/assembly_quality_results/quast.log

CWD: /domus/h1/milenatr/private/genome_analysis_2021_git/code
Main parameters: 
  MODE: default, threads: 2, eukaryotic: true, minimum contig length: 50, minimum alignment length: 65, \
  ambiguity: one, threshold for extensive misassembly size: 1000

Reference:
  /home/milenatr/private/genome_analysis_data/example_scaffold/sel1_NW_015504190.fna.gz ==> sel1_NW_015504190

Contigs:
  Pre-processing...
  /home/milenatr/private/genome_analysis_data/soap_assembly/assembly_test.contig ==> assembly_test

2021-04-15 12:52:40
Running Basic statistics processor...
  Reference genome:
    sel1_NW_015504190.fna, length = 3990777, num fragments = 1, GC % = 36.99
  Contig files: 
    assembly_test
  Calculating N50 and L50...
    assembly_test, N50 = 100, L50 = 2149, Total length = 746382, GC % = 41.83, # N's per 100 kbp =  0.00
  Drawing Nx plot...
    saved to /home/milenatr/private/genome_analysis_2021_git/files/assembly_quality_results/basic_stats/Nx_plot.pdf
  Drawing NGx plot...
    saved to /home/milenatr/private/genome_analysis_2021_git/files/assembly_quality_results/basic_stats/NGx_plot.pdf
  Drawing cumulative plot...
    saved to /home/milenatr/private/genome_analysis_2021_git/files/assembly_quality_results/basic_stats/cumulative_plot.pdf
  Drawing GC content plot...
    saved to /home/milenatr/private/genome_analysis_2021_git/files/assembly_quality_results/basic_stats/GC_content_plot.pdf
  Drawing assembly_test GC content plot...
    saved to /home/milenatr/private/genome_analysis_2021_git/files/assembly_quality_results/basic_stats/assembly_test_GC_content_plot.pdf
Done.

2021-04-15 12:52:42
Running Contig analyzer...
  assembly_test
  Logging to files /home/milenatr/private/genome_analysis_2021_git/files/assembly_quality_results/contigs_reports/contigs_report_assembly_test.stdout and contigs_report_assembly_test.stderr...
  Aligning contigs to the reference
  Analysis is finished.
  Creating total report...
    saved to /home/milenatr/private/genome_analysis_2021_git/files/assembly_quality_results/contigs_reports/misassemblies_report.txt, misassemblies_report.tsv, and misassemblies_report.tex
  Transposed version of total report...
    saved to /home/milenatr/private/genome_analysis_2021_git/files/assembly_quality_results/contigs_reports/transposed_report_misassemblies.txt, transposed_report_misassemblies.tsv, and transposed_report_misassemblies.tex
  Creating total report...
    saved to /home/milenatr/private/genome_analysis_2021_git/files/assembly_quality_results/contigs_reports/unaligned_report.txt, unaligned_report.tsv, and unaligned_report.tex
  Drawing misassemblies by types plot...
    saved to /home/milenatr/private/genome_analysis_2021_git/files/assembly_quality_results/contigs_reports/misassemblies_plot.pdf
  Drawing misassemblies FRCurve plot...
    saved to /home/milenatr/private/genome_analysis_2021_git/files/assembly_quality_results/contigs_reports/misassemblies_frcurve_plot.pdf
Done.

2021-04-15 12:52:44
Running NA-NGA calculation...
  assembly_test, Largest alignment = 728, NA50 = None, LA50 = None
  Drawing cumulative plot...
    saved to /home/milenatr/private/genome_analysis_2021_git/files/assembly_quality_results/aligned_stats/cumulative_plot.pdf
  Drawing NAx plot...
    saved to /home/milenatr/private/genome_analysis_2021_git/files/assembly_quality_results/aligned_stats/NAx_plot.pdf
  Drawing NGAx plot...
    saved to /home/milenatr/private/genome_analysis_2021_git/files/assembly_quality_results/aligned_stats/NGAx_plot.pdf
Done.

2021-04-15 12:52:46
Running Genome analyzer...
  NOTICE: No file with genomic features were provided. Use the --features option if you want to specify it.

  NOTICE: No file with operons were provided. Use the -O option if you want to specify it.
  assembly_test
  Analysis is finished.
  Skipping drawing Genome fraction, % histogram... (less than 2 columns histogram makes no sense)
Done.

NOTICE: Genes are not predicted by default. Use --gene-finding or --glimmer option to enable it.

2021-04-15 12:52:47
Creating large visual summaries...
This may take a while: press Ctrl-C to skip this step..
  1 of 2: Creating Icarus viewers...
  2 of 2: Creating PDF with all tables and plots...
Done

2021-04-15 12:52:50
RESULTS:
  Text versions of total report are saved to /home/milenatr/private/genome_analysis_2021_git/files/assembly_quality_results/report.txt, report.tsv, and report.tex
  Text versions of transposed total report are saved to /home/milenatr/private/genome_analysis_2021_git/files/assembly_quality_results/transposed_report.txt, transposed_report.tsv, and transposed_report.tex
  HTML version (interactive tables and plots) is saved to /home/milenatr/private/genome_analysis_2021_git/files/assembly_quality_results/report.html
  PDF version (tables and plots) is saved to /home/milenatr/private/genome_analysis_2021_git/files/assembly_quality_results/report.pdf
  Icarus (contig browser) is saved to /home/milenatr/private/genome_analysis_2021_git/files/assembly_quality_results/icarus.html
  Log is saved to /home/milenatr/private/genome_analysis_2021_git/files/assembly_quality_results/quast.log

Finished: 2021-04-15 12:52:50
Elapsed time: 0:00:12.073581
NOTICEs: 3; WARNINGs: 0; non-fatal ERRORs: 0

Thank you for using QUAST!
finished assembly
