[2021-04-16 16:40:01,004] multiqc                                            [DEBUG  ]  No MultiQC config found: /sw/bioinfo/MultiQC/1.9/rackham/lib/python3.7/site-packages/multiqc_config.yaml
[2021-04-16 16:40:01,004] multiqc                                            [DEBUG  ]  No MultiQC config found: /home/milenatr/.multiqc_config.yaml
[2021-04-16 16:40:01,005] multiqc                                            [DEBUG  ]  No MultiQC config found: multiqc_config.yaml
[2021-04-16 16:40:01,005] multiqc                                            [DEBUG  ]  Command used: /sw/bioinfo/MultiQC/1.9/rackham/bin/multiqc /home/milenatr/private/genome_analysis_2021_git/files/fastQC_after_trim
[2021-04-16 16:40:02,235] multiqc                                            [WARNING]  MultiQC Version v1.10.1 now available!
[2021-04-16 16:40:02,235] multiqc                                            [INFO   ]  This is MultiQC v1.9
[2021-04-16 16:40:02,235] multiqc                                            [DEBUG  ]  Command     : /sw/bioinfo/MultiQC/1.9/rackham/bin/multiqc /home/milenatr/private/genome_analysis_2021_git/files/fastQC_after_trim
[2021-04-16 16:40:02,235] multiqc                                            [DEBUG  ]  Working dir : /domus/h1/milenatr/private/genome_analysis_2021_git/code
[2021-04-16 16:40:02,236] multiqc                                            [INFO   ]  Template    : default
[2021-04-16 16:40:02,236] multiqc                                            [DEBUG  ]  Running Python 3.7.2 (default, Mar 14 2019, 18:52:14)  [GCC 4.8.5 20150623 (Red Hat 4.8.5-36)]
[2021-04-16 16:40:02,236] multiqc                                            [INFO   ]  Searching   : /home/milenatr/private/genome_analysis_2021_git/files/fastQC_after_trim
[2021-04-16 16:40:02,236] multiqc                                            [DEBUG  ]  Analysing modules: custom_content, conpair, peddy, somalier, methylQA, mosdepth, phantompeakqualtools, qualimap, preseq, quast, qorts, rna_seqc, rockhopper, rsem, rseqc, busco, goleft_indexcov, disambiguate, supernova, deeptools, sargasso, verifybamid, mirtrace, happy, mirtop, homer, macs2, theta2, snpeff, gatk, htseq, bcftools, featureCounts, fgbio, dragen, dedup, damageprofiler, biobambam2, mtnucratio, picard, prokka, samblaster, samtools, sexdeterrmine, bamtools, jellyfish, vcftools, longranger, stacks, varscan2, bbmap, bismark, biscuit, hicexplorer, hicup, hicpro, salmon, kallisto, slamdunk, star, hisat2, tophat, bowtie2, bowtie1, snpsplit, kat, leehom, adapterRemoval, clipandmerge, cutadapt, flexbar, kaiju, kraken, malt, trimmomatic, sickle, skewer, sortmerna, biobloomtools, fastq_screen, afterqc, fastp, fastqc, pycoqc, minionqc, multivcfanalyzer, clusterflow, bcl2fastq, interop, ivar, flash, seqyclean
[2021-04-16 16:40:02,236] multiqc                                            [DEBUG  ]  Using temporary directory for creating report: /scratch/4432993/tmp6pqd10sf
[2021-04-16 16:40:02,553] multiqc                                            [DEBUG  ]  File ignored by hicexplorer because it exceeded search pattern filesize limit: SRR1719013_P1_fastqc.html
[2021-04-16 16:40:02,563] multiqc                                            [DEBUG  ]  File ignored by longranger/invocation because it exceeded search pattern filesize limit: SRR1719013_P1_fastqc.html
[2021-04-16 16:40:02,638] multiqc                                            [DEBUG  ]  File ignored by hicexplorer because it exceeded search pattern filesize limit: SRR1719013_P2_fastqc.html
[2021-04-16 16:40:02,646] multiqc                                            [DEBUG  ]  File ignored by longranger/invocation because it exceeded search pattern filesize limit: SRR1719013_P2_fastqc.html
[2021-04-16 16:40:02,720] multiqc                                            [DEBUG  ]  File ignored by hicexplorer because it exceeded search pattern filesize limit: SRR1719013_U1_fastqc.html
[2021-04-16 16:40:02,727] multiqc                                            [DEBUG  ]  File ignored by longranger/invocation because it exceeded search pattern filesize limit: SRR1719013_U1_fastqc.html
[2021-04-16 16:40:02,803] multiqc                                            [DEBUG  ]  File ignored by hicexplorer because it exceeded search pattern filesize limit: SRR1719013_u2_fastqc.html
[2021-04-16 16:40:02,811] multiqc                                            [DEBUG  ]  File ignored by longranger/invocation because it exceeded search pattern filesize limit: SRR1719013_u2_fastqc.html
[2021-04-16 16:40:02,885] multiqc                                            [DEBUG  ]  File ignored by hicexplorer because it exceeded search pattern filesize limit: SRR1719014_P1_fastqc.html
[2021-04-16 16:40:02,894] multiqc                                            [DEBUG  ]  File ignored by longranger/invocation because it exceeded search pattern filesize limit: SRR1719014_P1_fastqc.html
[2021-04-16 16:40:02,965] multiqc                                            [DEBUG  ]  File ignored by hicexplorer because it exceeded search pattern filesize limit: SRR1719014_P2_fastqc.html
[2021-04-16 16:40:02,973] multiqc                                            [DEBUG  ]  File ignored by longranger/invocation because it exceeded search pattern filesize limit: SRR1719014_P2_fastqc.html
[2021-04-16 16:40:03,042] multiqc                                            [DEBUG  ]  File ignored by hicexplorer because it exceeded search pattern filesize limit: SRR1719014_U1_fastqc.html
[2021-04-16 16:40:03,050] multiqc                                            [DEBUG  ]  File ignored by longranger/invocation because it exceeded search pattern filesize limit: SRR1719014_U1_fastqc.html
[2021-04-16 16:40:03,127] multiqc                                            [DEBUG  ]  File ignored by hicexplorer because it exceeded search pattern filesize limit: SRR1719014_u2_fastqc.html
[2021-04-16 16:40:03,136] multiqc                                            [DEBUG  ]  File ignored by longranger/invocation because it exceeded search pattern filesize limit: SRR1719014_u2_fastqc.html
[2021-04-16 16:40:03,210] multiqc                                            [DEBUG  ]  File ignored by hicexplorer because it exceeded search pattern filesize limit: SRR1719015_P1_fastqc.html
[2021-04-16 16:40:03,218] multiqc                                            [DEBUG  ]  File ignored by longranger/invocation because it exceeded search pattern filesize limit: SRR1719015_P1_fastqc.html
[2021-04-16 16:40:03,289] multiqc                                            [DEBUG  ]  File ignored by hicexplorer because it exceeded search pattern filesize limit: SRR1719015_P2_fastqc.html
[2021-04-16 16:40:03,297] multiqc                                            [DEBUG  ]  File ignored by longranger/invocation because it exceeded search pattern filesize limit: SRR1719015_P2_fastqc.html
[2021-04-16 16:40:03,365] multiqc                                            [DEBUG  ]  File ignored by hicexplorer because it exceeded search pattern filesize limit: SRR1719015_U1_fastqc.html
[2021-04-16 16:40:03,373] multiqc                                            [DEBUG  ]  File ignored by longranger/invocation because it exceeded search pattern filesize limit: SRR1719015_U1_fastqc.html
[2021-04-16 16:40:03,448] multiqc                                            [DEBUG  ]  File ignored by hicexplorer because it exceeded search pattern filesize limit: SRR1719015_u2_fastqc.html
[2021-04-16 16:40:03,456] multiqc                                            [DEBUG  ]  File ignored by longranger/invocation because it exceeded search pattern filesize limit: SRR1719015_u2_fastqc.html
[2021-04-16 16:40:03,531] multiqc                                            [DEBUG  ]  File ignored by hicexplorer because it exceeded search pattern filesize limit: SRR1719016_P1_fastqc.html
[2021-04-16 16:40:03,539] multiqc                                            [DEBUG  ]  File ignored by longranger/invocation because it exceeded search pattern filesize limit: SRR1719016_P1_fastqc.html
[2021-04-16 16:40:03,620] multiqc                                            [DEBUG  ]  File ignored by hicexplorer because it exceeded search pattern filesize limit: SRR1719016_P2_fastqc.html
[2021-04-16 16:40:03,628] multiqc                                            [DEBUG  ]  File ignored by longranger/invocation because it exceeded search pattern filesize limit: SRR1719016_P2_fastqc.html
[2021-04-16 16:40:03,699] multiqc                                            [DEBUG  ]  File ignored by hicexplorer because it exceeded search pattern filesize limit: SRR1719016_U1_fastqc.html
[2021-04-16 16:40:03,707] multiqc                                            [DEBUG  ]  File ignored by longranger/invocation because it exceeded search pattern filesize limit: SRR1719016_U1_fastqc.html
[2021-04-16 16:40:03,781] multiqc                                            [DEBUG  ]  File ignored by hicexplorer because it exceeded search pattern filesize limit: SRR1719016_u2_fastqc.html
[2021-04-16 16:40:03,789] multiqc                                            [DEBUG  ]  File ignored by longranger/invocation because it exceeded search pattern filesize limit: SRR1719016_u2_fastqc.html
[2021-04-16 16:40:03,863] multiqc                                            [DEBUG  ]  File ignored by hicexplorer because it exceeded search pattern filesize limit: SRR1719017_P1_fastqc.html
[2021-04-16 16:40:03,871] multiqc                                            [DEBUG  ]  File ignored by longranger/invocation because it exceeded search pattern filesize limit: SRR1719017_P1_fastqc.html
[2021-04-16 16:40:03,941] multiqc                                            [DEBUG  ]  File ignored by hicexplorer because it exceeded search pattern filesize limit: SRR1719017_P2_fastqc.html
[2021-04-16 16:40:03,949] multiqc                                            [DEBUG  ]  File ignored by longranger/invocation because it exceeded search pattern filesize limit: SRR1719017_P2_fastqc.html
[2021-04-16 16:40:04,017] multiqc                                            [DEBUG  ]  File ignored by hicexplorer because it exceeded search pattern filesize limit: SRR1719017_U1_fastqc.html
[2021-04-16 16:40:04,025] multiqc                                            [DEBUG  ]  File ignored by longranger/invocation because it exceeded search pattern filesize limit: SRR1719017_U1_fastqc.html
[2021-04-16 16:40:04,102] multiqc                                            [DEBUG  ]  File ignored by hicexplorer because it exceeded search pattern filesize limit: SRR1719017_u2_fastqc.html
[2021-04-16 16:40:04,111] multiqc                                            [DEBUG  ]  File ignored by longranger/invocation because it exceeded search pattern filesize limit: SRR1719017_u2_fastqc.html
[2021-04-16 16:40:04,187] multiqc                                            [DEBUG  ]  File ignored by hicexplorer because it exceeded search pattern filesize limit: SRR1719018_P1_fastqc.html
[2021-04-16 16:40:04,194] multiqc                                            [DEBUG  ]  File ignored by longranger/invocation because it exceeded search pattern filesize limit: SRR1719018_P1_fastqc.html
[2021-04-16 16:40:04,273] multiqc                                            [DEBUG  ]  File ignored by hicexplorer because it exceeded search pattern filesize limit: SRR1719018_P2_fastqc.html
[2021-04-16 16:40:04,280] multiqc                                            [DEBUG  ]  File ignored by longranger/invocation because it exceeded search pattern filesize limit: SRR1719018_P2_fastqc.html
[2021-04-16 16:40:04,348] multiqc                                            [DEBUG  ]  File ignored by hicexplorer because it exceeded search pattern filesize limit: SRR1719018_U1_fastqc.html
[2021-04-16 16:40:04,355] multiqc                                            [DEBUG  ]  File ignored by longranger/invocation because it exceeded search pattern filesize limit: SRR1719018_U1_fastqc.html
[2021-04-16 16:40:04,431] multiqc                                            [DEBUG  ]  File ignored by hicexplorer because it exceeded search pattern filesize limit: SRR1719018_u2_fastqc.html
[2021-04-16 16:40:04,439] multiqc                                            [DEBUG  ]  File ignored by longranger/invocation because it exceeded search pattern filesize limit: SRR1719018_u2_fastqc.html
[2021-04-16 16:40:04,514] multiqc                                            [DEBUG  ]  File ignored by hicexplorer because it exceeded search pattern filesize limit: SRR1719204_P1_fastqc.html
[2021-04-16 16:40:04,522] multiqc                                            [DEBUG  ]  File ignored by longranger/invocation because it exceeded search pattern filesize limit: SRR1719204_P1_fastqc.html
[2021-04-16 16:40:04,594] multiqc                                            [DEBUG  ]  File ignored by hicexplorer because it exceeded search pattern filesize limit: SRR1719204_P2_fastqc.html
[2021-04-16 16:40:04,602] multiqc                                            [DEBUG  ]  File ignored by longranger/invocation because it exceeded search pattern filesize limit: SRR1719204_P2_fastqc.html
[2021-04-16 16:40:04,672] multiqc                                            [DEBUG  ]  File ignored by hicexplorer because it exceeded search pattern filesize limit: SRR1719204_U1_fastqc.html
[2021-04-16 16:40:04,679] multiqc                                            [DEBUG  ]  File ignored by longranger/invocation because it exceeded search pattern filesize limit: SRR1719204_U1_fastqc.html
[2021-04-16 16:40:04,752] multiqc                                            [DEBUG  ]  File ignored by hicexplorer because it exceeded search pattern filesize limit: SRR1719204_u2_fastqc.html
[2021-04-16 16:40:04,759] multiqc                                            [DEBUG  ]  File ignored by longranger/invocation because it exceeded search pattern filesize limit: SRR1719204_u2_fastqc.html
[2021-04-16 16:40:04,830] multiqc                                            [DEBUG  ]  File ignored by hicexplorer because it exceeded search pattern filesize limit: SRR1719206_P1_fastqc.html
[2021-04-16 16:40:04,839] multiqc                                            [DEBUG  ]  File ignored by longranger/invocation because it exceeded search pattern filesize limit: SRR1719206_P1_fastqc.html
[2021-04-16 16:40:04,912] multiqc                                            [DEBUG  ]  File ignored by hicexplorer because it exceeded search pattern filesize limit: SRR1719206_P2_fastqc.html
[2021-04-16 16:40:04,921] multiqc                                            [DEBUG  ]  File ignored by longranger/invocation because it exceeded search pattern filesize limit: SRR1719206_P2_fastqc.html
[2021-04-16 16:40:04,992] multiqc                                            [DEBUG  ]  File ignored by hicexplorer because it exceeded search pattern filesize limit: SRR1719206_U1_fastqc.html
[2021-04-16 16:40:05,000] multiqc                                            [DEBUG  ]  File ignored by longranger/invocation because it exceeded search pattern filesize limit: SRR1719206_U1_fastqc.html
[2021-04-16 16:40:05,073] multiqc                                            [DEBUG  ]  File ignored by hicexplorer because it exceeded search pattern filesize limit: SRR1719206_u2_fastqc.html
[2021-04-16 16:40:05,080] multiqc                                            [DEBUG  ]  File ignored by longranger/invocation because it exceeded search pattern filesize limit: SRR1719206_u2_fastqc.html
[2021-04-16 16:40:05,152] multiqc                                            [DEBUG  ]  File ignored by hicexplorer because it exceeded search pattern filesize limit: SRR1719207_P1_fastqc.html
[2021-04-16 16:40:05,160] multiqc                                            [DEBUG  ]  File ignored by longranger/invocation because it exceeded search pattern filesize limit: SRR1719207_P1_fastqc.html
[2021-04-16 16:40:05,230] multiqc                                            [DEBUG  ]  File ignored by hicexplorer because it exceeded search pattern filesize limit: SRR1719207_P2_fastqc.html
[2021-04-16 16:40:05,237] multiqc                                            [DEBUG  ]  File ignored by longranger/invocation because it exceeded search pattern filesize limit: SRR1719207_P2_fastqc.html
[2021-04-16 16:40:05,302] multiqc                                            [DEBUG  ]  File ignored by hicexplorer because it exceeded search pattern filesize limit: SRR1719207_U1_fastqc.html
[2021-04-16 16:40:05,310] multiqc                                            [DEBUG  ]  File ignored by longranger/invocation because it exceeded search pattern filesize limit: SRR1719207_U1_fastqc.html
[2021-04-16 16:40:05,384] multiqc                                            [DEBUG  ]  File ignored by hicexplorer because it exceeded search pattern filesize limit: SRR1719207_u2_fastqc.html
[2021-04-16 16:40:05,391] multiqc                                            [DEBUG  ]  File ignored by longranger/invocation because it exceeded search pattern filesize limit: SRR1719207_u2_fastqc.html
[2021-04-16 16:40:05,484] multiqc                                            [DEBUG  ]  File ignored by hicexplorer because it exceeded search pattern filesize limit: SRR1719208_P1_fastqc.html
[2021-04-16 16:40:05,492] multiqc                                            [DEBUG  ]  File ignored by longranger/invocation because it exceeded search pattern filesize limit: SRR1719208_P1_fastqc.html
[2021-04-16 16:40:05,566] multiqc                                            [DEBUG  ]  File ignored by hicexplorer because it exceeded search pattern filesize limit: SRR1719208_P2_fastqc.html
[2021-04-16 16:40:05,573] multiqc                                            [DEBUG  ]  File ignored by longranger/invocation because it exceeded search pattern filesize limit: SRR1719208_P2_fastqc.html
[2021-04-16 16:40:05,646] multiqc                                            [DEBUG  ]  File ignored by hicexplorer because it exceeded search pattern filesize limit: SRR1719208_U1_fastqc.html
[2021-04-16 16:40:05,654] multiqc                                            [DEBUG  ]  File ignored by longranger/invocation because it exceeded search pattern filesize limit: SRR1719208_U1_fastqc.html
[2021-04-16 16:40:05,729] multiqc                                            [DEBUG  ]  File ignored by hicexplorer because it exceeded search pattern filesize limit: SRR1719208_u2_fastqc.html
[2021-04-16 16:40:05,736] multiqc                                            [DEBUG  ]  File ignored by longranger/invocation because it exceeded search pattern filesize limit: SRR1719208_u2_fastqc.html
[2021-04-16 16:40:05,811] multiqc                                            [DEBUG  ]  File ignored by hicexplorer because it exceeded search pattern filesize limit: SRR1719209_P1_fastqc.html
[2021-04-16 16:40:05,818] multiqc                                            [DEBUG  ]  File ignored by longranger/invocation because it exceeded search pattern filesize limit: SRR1719209_P1_fastqc.html
[2021-04-16 16:40:05,888] multiqc                                            [DEBUG  ]  File ignored by hicexplorer because it exceeded search pattern filesize limit: SRR1719209_P2_fastqc.html
[2021-04-16 16:40:05,896] multiqc                                            [DEBUG  ]  File ignored by longranger/invocation because it exceeded search pattern filesize limit: SRR1719209_P2_fastqc.html
[2021-04-16 16:40:05,963] multiqc                                            [DEBUG  ]  File ignored by hicexplorer because it exceeded search pattern filesize limit: SRR1719209_U1_fastqc.html
[2021-04-16 16:40:05,971] multiqc                                            [DEBUG  ]  File ignored by longranger/invocation because it exceeded search pattern filesize limit: SRR1719209_U1_fastqc.html
[2021-04-16 16:40:06,045] multiqc                                            [DEBUG  ]  File ignored by hicexplorer because it exceeded search pattern filesize limit: SRR1719209_u2_fastqc.html
[2021-04-16 16:40:06,052] multiqc                                            [DEBUG  ]  File ignored by longranger/invocation because it exceeded search pattern filesize limit: SRR1719209_u2_fastqc.html
[2021-04-16 16:40:06,133] multiqc                                            [DEBUG  ]  File ignored by hicexplorer because it exceeded search pattern filesize limit: SRR1719211_P1_fastqc.html
[2021-04-16 16:40:06,140] multiqc                                            [DEBUG  ]  File ignored by longranger/invocation because it exceeded search pattern filesize limit: SRR1719211_P1_fastqc.html
[2021-04-16 16:40:06,209] multiqc                                            [DEBUG  ]  File ignored by hicexplorer because it exceeded search pattern filesize limit: SRR1719211_P2_fastqc.html
[2021-04-16 16:40:06,217] multiqc                                            [DEBUG  ]  File ignored by longranger/invocation because it exceeded search pattern filesize limit: SRR1719211_P2_fastqc.html
[2021-04-16 16:40:06,283] multiqc                                            [DEBUG  ]  File ignored by hicexplorer because it exceeded search pattern filesize limit: SRR1719211_U1_fastqc.html
[2021-04-16 16:40:06,290] multiqc                                            [DEBUG  ]  File ignored by longranger/invocation because it exceeded search pattern filesize limit: SRR1719211_U1_fastqc.html
[2021-04-16 16:40:06,365] multiqc                                            [DEBUG  ]  File ignored by hicexplorer because it exceeded search pattern filesize limit: SRR1719211_u2_fastqc.html
[2021-04-16 16:40:06,372] multiqc                                            [DEBUG  ]  File ignored by longranger/invocation because it exceeded search pattern filesize limit: SRR1719211_u2_fastqc.html
[2021-04-16 16:40:06,447] multiqc                                            [DEBUG  ]  File ignored by hicexplorer because it exceeded search pattern filesize limit: SRR1719212_P1_fastqc.html
[2021-04-16 16:40:06,456] multiqc                                            [DEBUG  ]  File ignored by longranger/invocation because it exceeded search pattern filesize limit: SRR1719212_P1_fastqc.html
[2021-04-16 16:40:06,531] multiqc                                            [DEBUG  ]  File ignored by hicexplorer because it exceeded search pattern filesize limit: SRR1719212_P2_fastqc.html
[2021-04-16 16:40:06,539] multiqc                                            [DEBUG  ]  File ignored by longranger/invocation because it exceeded search pattern filesize limit: SRR1719212_P2_fastqc.html
[2021-04-16 16:40:06,607] multiqc                                            [DEBUG  ]  File ignored by hicexplorer because it exceeded search pattern filesize limit: SRR1719212_U1_fastqc.html
[2021-04-16 16:40:06,615] multiqc                                            [DEBUG  ]  File ignored by longranger/invocation because it exceeded search pattern filesize limit: SRR1719212_U1_fastqc.html
[2021-04-16 16:40:06,689] multiqc                                            [DEBUG  ]  File ignored by hicexplorer because it exceeded search pattern filesize limit: SRR1719212_u2_fastqc.html
[2021-04-16 16:40:06,697] multiqc                                            [DEBUG  ]  File ignored by longranger/invocation because it exceeded search pattern filesize limit: SRR1719212_u2_fastqc.html
[2021-04-16 16:40:06,771] multiqc                                            [DEBUG  ]  File ignored by hicexplorer because it exceeded search pattern filesize limit: SRR1719213_P1_fastqc.html
[2021-04-16 16:40:06,778] multiqc                                            [DEBUG  ]  File ignored by longranger/invocation because it exceeded search pattern filesize limit: SRR1719213_P1_fastqc.html
[2021-04-16 16:40:06,848] multiqc                                            [DEBUG  ]  File ignored by hicexplorer because it exceeded search pattern filesize limit: SRR1719213_P2_fastqc.html
[2021-04-16 16:40:06,855] multiqc                                            [DEBUG  ]  File ignored by longranger/invocation because it exceeded search pattern filesize limit: SRR1719213_P2_fastqc.html
[2021-04-16 16:40:06,922] multiqc                                            [DEBUG  ]  File ignored by hicexplorer because it exceeded search pattern filesize limit: SRR1719213_U1_fastqc.html
[2021-04-16 16:40:06,929] multiqc                                            [DEBUG  ]  File ignored by longranger/invocation because it exceeded search pattern filesize limit: SRR1719213_U1_fastqc.html
[2021-04-16 16:40:07,003] multiqc                                            [DEBUG  ]  File ignored by hicexplorer because it exceeded search pattern filesize limit: SRR1719213_u2_fastqc.html
[2021-04-16 16:40:07,011] multiqc                                            [DEBUG  ]  File ignored by longranger/invocation because it exceeded search pattern filesize limit: SRR1719213_u2_fastqc.html
[2021-04-16 16:40:07,082] multiqc                                            [DEBUG  ]  File ignored by hicexplorer because it exceeded search pattern filesize limit: SRR1719214_P1_fastqc.html
[2021-04-16 16:40:07,089] multiqc                                            [DEBUG  ]  File ignored by longranger/invocation because it exceeded search pattern filesize limit: SRR1719214_P1_fastqc.html
[2021-04-16 16:40:07,158] multiqc                                            [DEBUG  ]  File ignored by hicexplorer because it exceeded search pattern filesize limit: SRR1719214_P2_fastqc.html
[2021-04-16 16:40:07,167] multiqc                                            [DEBUG  ]  File ignored by longranger/invocation because it exceeded search pattern filesize limit: SRR1719214_P2_fastqc.html
[2021-04-16 16:40:07,236] multiqc                                            [DEBUG  ]  File ignored by hicexplorer because it exceeded search pattern filesize limit: SRR1719214_U1_fastqc.html
[2021-04-16 16:40:07,244] multiqc                                            [DEBUG  ]  File ignored by longranger/invocation because it exceeded search pattern filesize limit: SRR1719214_U1_fastqc.html
[2021-04-16 16:40:07,322] multiqc                                            [DEBUG  ]  File ignored by hicexplorer because it exceeded search pattern filesize limit: SRR1719214_u2_fastqc.html
[2021-04-16 16:40:07,329] multiqc                                            [DEBUG  ]  File ignored by longranger/invocation because it exceeded search pattern filesize limit: SRR1719214_u2_fastqc.html
[2021-04-16 16:40:07,401] multiqc                                            [DEBUG  ]  File ignored by hicexplorer because it exceeded search pattern filesize limit: SRR1719241_P1_fastqc.html
[2021-04-16 16:40:07,409] multiqc                                            [DEBUG  ]  File ignored by longranger/invocation because it exceeded search pattern filesize limit: SRR1719241_P1_fastqc.html
[2021-04-16 16:40:07,481] multiqc                                            [DEBUG  ]  File ignored by hicexplorer because it exceeded search pattern filesize limit: SRR1719241_P2_fastqc.html
[2021-04-16 16:40:07,489] multiqc                                            [DEBUG  ]  File ignored by longranger/invocation because it exceeded search pattern filesize limit: SRR1719241_P2_fastqc.html
[2021-04-16 16:40:07,559] multiqc                                            [DEBUG  ]  File ignored by hicexplorer because it exceeded search pattern filesize limit: SRR1719241_U1_fastqc.html
[2021-04-16 16:40:07,566] multiqc                                            [DEBUG  ]  File ignored by longranger/invocation because it exceeded search pattern filesize limit: SRR1719241_U1_fastqc.html
[2021-04-16 16:40:07,642] multiqc                                            [DEBUG  ]  File ignored by hicexplorer because it exceeded search pattern filesize limit: SRR1719241_u2_fastqc.html
[2021-04-16 16:40:07,654] multiqc                                            [DEBUG  ]  File ignored by longranger/invocation because it exceeded search pattern filesize limit: SRR1719241_u2_fastqc.html
[2021-04-16 16:40:07,726] multiqc                                            [DEBUG  ]  File ignored by hicexplorer because it exceeded search pattern filesize limit: SRR1719242_P1_fastqc.html
[2021-04-16 16:40:07,736] multiqc                                            [DEBUG  ]  File ignored by longranger/invocation because it exceeded search pattern filesize limit: SRR1719242_P1_fastqc.html
[2021-04-16 16:40:07,814] multiqc                                            [DEBUG  ]  File ignored by hicexplorer because it exceeded search pattern filesize limit: SRR1719242_P2_fastqc.html
[2021-04-16 16:40:07,822] multiqc                                            [DEBUG  ]  File ignored by longranger/invocation because it exceeded search pattern filesize limit: SRR1719242_P2_fastqc.html
[2021-04-16 16:40:07,893] multiqc                                            [DEBUG  ]  File ignored by hicexplorer because it exceeded search pattern filesize limit: SRR1719242_U1_fastqc.html
[2021-04-16 16:40:07,901] multiqc                                            [DEBUG  ]  File ignored by longranger/invocation because it exceeded search pattern filesize limit: SRR1719242_U1_fastqc.html
[2021-04-16 16:40:07,977] multiqc                                            [DEBUG  ]  File ignored by hicexplorer because it exceeded search pattern filesize limit: SRR1719242_u2_fastqc.html
[2021-04-16 16:40:07,986] multiqc                                            [DEBUG  ]  File ignored by longranger/invocation because it exceeded search pattern filesize limit: SRR1719242_u2_fastqc.html
[2021-04-16 16:40:08,071] multiqc                                            [DEBUG  ]  File ignored by hicexplorer because it exceeded search pattern filesize limit: multiqc_sources.txt
[2021-04-16 16:40:08,078] multiqc                                            [DEBUG  ]  File ignored by longranger/invocation because it exceeded search pattern filesize limit: multiqc_sources.txt
[2021-04-16 16:40:08,120] multiqc                                            [DEBUG  ]  File ignored by hicexplorer because it exceeded search pattern filesize limit: multiqc_fastqc.txt
[2021-04-16 16:40:08,127] multiqc                                            [DEBUG  ]  File ignored by longranger/invocation because it exceeded search pattern filesize limit: multiqc_fastqc.txt
[2021-04-16 16:40:08,179] multiqc                                            [DEBUG  ]  File ignored by hicexplorer because it exceeded search pattern filesize limit: multiqc_data.json
[2021-04-16 16:40:08,186] multiqc                                            [DEBUG  ]  File ignored by longranger/invocation because it exceeded search pattern filesize limit: multiqc_data.json
[2021-04-16 16:40:08,186] multiqc                                            [DEBUG  ]  File ignored by rockhopper because it exceeded search pattern filesize limit: multiqc_data.json
[2021-04-16 16:40:08,186] multiqc                                            [DEBUG  ]  File ignored by rseqc/bam_stat because it exceeded search pattern filesize limit: multiqc_data.json
[2021-04-16 16:40:08,186] multiqc                                            [DEBUG  ]  File ignored by rseqc/junction_annotation because it exceeded search pattern filesize limit: multiqc_data.json
[2021-04-16 16:40:08,186] multiqc                                            [DEBUG  ]  File ignored by rseqc/read_distribution because it exceeded search pattern filesize limit: multiqc_data.json
[2021-04-16 16:40:08,187] multiqc                                            [DEBUG  ]  File ignored by rseqc/infer_experiment because it exceeded search pattern filesize limit: multiqc_data.json
[2021-04-16 16:40:08,265] multiqc                                            [DEBUG  ]  File ignored by stacks/sumstats because it exceeded search pattern filesize limit: multiqc_data.json
[2021-04-16 16:40:10,664] multiqc                                            [DEBUG  ]  File ignored by hicexplorer because it exceeded search pattern filesize limit: multiqc_general_stats.txt
[2021-04-16 16:40:10,672] multiqc                                            [DEBUG  ]  File ignored by longranger/invocation because it exceeded search pattern filesize limit: multiqc_general_stats.txt
[2021-04-16 16:40:10,725] multiqc                                            [DEBUG  ]  File ignored by hicexplorer because it exceeded search pattern filesize limit: multiqc.log
[2021-04-16 16:40:10,733] multiqc                                            [DEBUG  ]  File ignored by longranger/invocation because it exceeded search pattern filesize limit: multiqc.log
[2021-04-16 16:40:11,485] multiqc.plots.bargraph                             [DEBUG  ]  Using matplotlib version 3.0.3
[2021-04-16 16:40:11,488] multiqc.plots.linegraph                            [DEBUG  ]  Using matplotlib version 3.0.3
[2021-04-16 16:40:11,491] multiqc                                            [DEBUG  ]  No samples found: custom_content
[2021-04-16 16:40:11,501] multiqc                                            [DEBUG  ]  No samples found: conpair
[2021-04-16 16:40:11,512] multiqc                                            [DEBUG  ]  No samples found: peddy
[2021-04-16 16:40:11,522] multiqc                                            [DEBUG  ]  No samples found: somalier
[2021-04-16 16:40:11,532] multiqc                                            [DEBUG  ]  No samples found: methylQA
[2021-04-16 16:40:11,551] multiqc                                            [DEBUG  ]  No samples found: mosdepth
[2021-04-16 16:40:11,561] multiqc                                            [DEBUG  ]  No samples found: phantompeakqualtools
[2021-04-16 16:40:11,567] multiqc                                            [DEBUG  ]  No samples found: qualimap
[2021-04-16 16:40:11,578] multiqc                                            [DEBUG  ]  No samples found: preseq
[2021-04-16 16:40:11,589] multiqc                                            [DEBUG  ]  No samples found: quast
[2021-04-16 16:40:11,598] multiqc                                            [DEBUG  ]  No samples found: qorts
[2021-04-16 16:40:11,608] multiqc                                            [DEBUG  ]  No samples found: rna_seqc
[2021-04-16 16:40:11,618] multiqc                                            [DEBUG  ]  No samples found: rockhopper
[2021-04-16 16:40:11,628] multiqc                                            [DEBUG  ]  No samples found: rsem
[2021-04-16 16:40:11,650] multiqc                                            [DEBUG  ]  No samples found: rseqc
[2021-04-16 16:40:11,660] multiqc                                            [DEBUG  ]  No samples found: busco
[2021-04-16 16:40:11,674] multiqc                                            [DEBUG  ]  No samples found: goleft_indexcov
[2021-04-16 16:40:11,684] multiqc                                            [DEBUG  ]  No samples found: disambiguate
[2021-04-16 16:40:11,694] multiqc                                            [DEBUG  ]  No samples found: supernova
[2021-04-16 16:40:11,717] multiqc                                            [DEBUG  ]  No samples found: deeptools
[2021-04-16 16:40:11,727] multiqc                                            [DEBUG  ]  No samples found: sargasso
[2021-04-16 16:40:11,737] multiqc                                            [DEBUG  ]  No samples found: verifybamid
[2021-04-16 16:40:11,747] multiqc                                            [DEBUG  ]  No samples found: mirtrace
[2021-04-16 16:40:11,756] multiqc                                            [DEBUG  ]  No samples found: happy
[2021-04-16 16:40:11,766] multiqc                                            [DEBUG  ]  No samples found: mirtop
[2021-04-16 16:40:11,780] multiqc                                            [DEBUG  ]  No samples found: homer
[2021-04-16 16:40:11,789] multiqc                                            [DEBUG  ]  No samples found: macs2
[2021-04-16 16:40:11,799] multiqc                                            [DEBUG  ]  No samples found: theta2
[2021-04-16 16:40:11,809] multiqc                                            [DEBUG  ]  No samples found: snpeff
[2021-04-16 16:40:11,829] multiqc                                            [DEBUG  ]  No samples found: gatk
[2021-04-16 16:40:11,839] multiqc                                            [DEBUG  ]  No samples found: htseq
[2021-04-16 16:40:11,850] multiqc                                            [DEBUG  ]  No samples found: bcftools
[2021-04-16 16:40:11,859] multiqc                                            [DEBUG  ]  No samples found: featureCounts
[2021-04-16 16:40:11,878] multiqc                                            [DEBUG  ]  No samples found: fgbio
[2021-04-16 16:40:11,901] multiqc                                            [DEBUG  ]  No samples found: dragen
[2021-04-16 16:40:11,911] multiqc                                            [DEBUG  ]  No samples found: dedup
[2021-04-16 16:40:11,920] multiqc                                            [DEBUG  ]  No samples found: damageprofiler
[2021-04-16 16:40:11,962] multiqc                                            [DEBUG  ]  No samples found: biobambam2
[2021-04-16 16:40:11,972] multiqc                                            [DEBUG  ]  No samples found: mtnucratio
[2021-04-16 16:40:11,976] multiqc                                            [DEBUG  ]  No samples found: picard
[2021-04-16 16:40:11,986] multiqc                                            [DEBUG  ]  No samples found: prokka
[2021-04-16 16:40:11,996] multiqc                                            [DEBUG  ]  No samples found: samblaster
[2021-04-16 16:40:12,012] multiqc                                            [DEBUG  ]  No samples found: samtools
[2021-04-16 16:40:12,022] multiqc                                            [DEBUG  ]  No samples found: sexdeterrmine
[2021-04-16 16:40:12,033] multiqc                                            [DEBUG  ]  No samples found: bamtools
[2021-04-16 16:40:12,042] multiqc                                            [DEBUG  ]  No samples found: jellyfish
[2021-04-16 16:40:12,058] multiqc                                            [DEBUG  ]  No samples found: vcftools
[2021-04-16 16:40:12,069] multiqc                                            [DEBUG  ]  No samples found: longranger
[2021-04-16 16:40:12,078] multiqc                                            [DEBUG  ]  No samples found: stacks
[2021-04-16 16:40:12,088] multiqc                                            [DEBUG  ]  No samples found: varscan2
[2021-04-16 16:40:12,114] multiqc                                            [DEBUG  ]  No samples found: bbmap
[2021-04-16 16:40:12,125] multiqc                                            [DEBUG  ]  No samples found: bismark
[2021-04-16 16:40:12,136] multiqc                                            [DEBUG  ]  No samples found: biscuit
[2021-04-16 16:40:12,146] multiqc                                            [DEBUG  ]  No samples found: hicexplorer
[2021-04-16 16:40:12,155] multiqc                                            [DEBUG  ]  No samples found: hicup
[2021-04-16 16:40:12,166] multiqc                                            [DEBUG  ]  No samples found: hicpro
[2021-04-16 16:40:12,176] multiqc                                            [DEBUG  ]  No samples found: salmon
[2021-04-16 16:40:12,185] multiqc                                            [DEBUG  ]  No samples found: kallisto
[2021-04-16 16:40:12,195] multiqc                                            [DEBUG  ]  No samples found: slamdunk
[2021-04-16 16:40:12,205] multiqc                                            [DEBUG  ]  No samples found: star
[2021-04-16 16:40:12,215] multiqc                                            [DEBUG  ]  No samples found: hisat2
[2021-04-16 16:40:12,224] multiqc                                            [DEBUG  ]  No samples found: tophat
[2021-04-16 16:40:12,239] multiqc                                            [DEBUG  ]  No samples found: bowtie2
[2021-04-16 16:40:12,249] multiqc                                            [DEBUG  ]  No samples found: bowtie1
[2021-04-16 16:40:12,259] multiqc                                            [DEBUG  ]  No samples found: snpsplit
[2021-04-16 16:40:12,268] multiqc                                            [DEBUG  ]  No samples found: kat
[2021-04-16 16:40:12,277] multiqc                                            [DEBUG  ]  No samples found: leehom
[2021-04-16 16:40:12,287] multiqc                                            [DEBUG  ]  No samples found: adapterRemoval
[2021-04-16 16:40:12,297] multiqc                                            [DEBUG  ]  No samples found: clipandmerge
[2021-04-16 16:40:12,307] multiqc                                            [DEBUG  ]  No samples found: cutadapt
[2021-04-16 16:40:12,317] multiqc                                            [DEBUG  ]  No samples found: flexbar
[2021-04-16 16:40:12,327] multiqc                                            [DEBUG  ]  No samples found: kaiju
[2021-04-16 16:40:12,336] multiqc                                            [DEBUG  ]  No samples found: kraken
[2021-04-16 16:40:12,346] multiqc                                            [DEBUG  ]  No samples found: malt
[2021-04-16 16:40:12,356] multiqc                                            [DEBUG  ]  No samples found: trimmomatic
[2021-04-16 16:40:12,366] multiqc                                            [DEBUG  ]  No samples found: sickle
[2021-04-16 16:40:12,375] multiqc                                            [DEBUG  ]  No samples found: skewer
[2021-04-16 16:40:12,385] multiqc                                            [DEBUG  ]  No samples found: sortmerna
[2021-04-16 16:40:12,395] multiqc                                            [DEBUG  ]  No samples found: biobloomtools
[2021-04-16 16:40:12,405] multiqc                                            [DEBUG  ]  No samples found: fastq_screen
[2021-04-16 16:40:12,416] multiqc                                            [DEBUG  ]  No samples found: afterqc
[2021-04-16 16:40:12,426] multiqc                                            [DEBUG  ]  No samples found: fastp
[2021-04-16 16:40:14,078] multiqc.modules.fastqc.fastqc                      [INFO   ]  Found 68 reports
[2021-04-16 16:40:15,387] multiqc                                            [DEBUG  ]  No samples found: pycoqc
[2021-04-16 16:40:15,398] multiqc                                            [DEBUG  ]  No samples found: minionqc
[2021-04-16 16:40:15,408] multiqc                                            [DEBUG  ]  No samples found: multivcfanalyzer
[2021-04-16 16:40:15,418] multiqc                                            [DEBUG  ]  No samples found: clusterflow
[2021-04-16 16:40:15,428] multiqc                                            [DEBUG  ]  No samples found: bcl2fastq
[2021-04-16 16:40:15,438] multiqc                                            [DEBUG  ]  No samples found: interop
[2021-04-16 16:40:15,448] multiqc                                            [DEBUG  ]  No samples found: ivar
[2021-04-16 16:40:15,459] multiqc                                            [DEBUG  ]  No samples found: flash
[2021-04-16 16:40:15,479] multiqc                                            [DEBUG  ]  No samples found: seqyclean
[2021-04-16 16:40:15,611] multiqc                                            [INFO   ]  Compressing plot data
[2021-04-16 16:40:16,691] multiqc                                            [INFO   ]  Report      : multiqc_report.html
[2021-04-16 16:40:16,692] multiqc                                            [INFO   ]  Data        : multiqc_data
[2021-04-16 16:40:16,692] multiqc                                            [DEBUG  ]  Moving data file from '/scratch/4432993/tmp6pqd10sf/multiqc_data' to '/domus/h1/milenatr/private/genome_analysis_2021_git/code/multiqc_data'
[2021-04-16 16:40:16,985] multiqc                                            [INFO   ]  MultiQC complete
