[2021-04-09 09:13:49,225] multiqc                                            [DEBUG  ]  No MultiQC config found: /sw/bioinfo/MultiQC/1.10.1/rackham/lib/python3.7/site-packages/multiqc_config.yaml
[2021-04-09 09:13:49,225] multiqc                                            [DEBUG  ]  No MultiQC config found: /home/milenatr/.multiqc_config.yaml
[2021-04-09 09:13:49,225] multiqc                                            [DEBUG  ]  No MultiQC config found: multiqc_config.yaml
[2021-04-09 09:13:49,225] multiqc                                            [DEBUG  ]  Command used: /sw/bioinfo/MultiQC/1.10.1/rackham/bin/multiqc .
[2021-04-09 09:13:49,969] multiqc                                            [DEBUG  ]  Latest MultiQC version is v1.10.1
[2021-04-09 09:13:49,969] multiqc                                            [INFO   ]  This is MultiQC v1.10.1
[2021-04-09 09:13:49,969] multiqc                                            [DEBUG  ]  Command     : /sw/bioinfo/MultiQC/1.10.1/rackham/bin/multiqc .
[2021-04-09 09:13:49,969] multiqc                                            [DEBUG  ]  Working dir : /domus/h1/milenatr/private/genome_analysis_2021_git/files/fastQC_after_trim
[2021-04-09 09:13:49,969] multiqc                                            [INFO   ]  Template    : default
[2021-04-09 09:13:49,969] multiqc                                            [DEBUG  ]  Running Python 3.7.2 (default, Mar 14 2019, 18:52:14)  [GCC 4.8.5 20150623 (Red Hat 4.8.5-36)]
[2021-04-09 09:13:49,969] multiqc                                            [INFO   ]  Searching   : /domus/h1/milenatr/private/genome_analysis_2021_git/files/fastQC_after_trim
[2021-04-09 09:13:49,970] multiqc                                            [DEBUG  ]  Analysing modules: custom_content, ngsderive, purple, conpair, peddy, somalier, methylQA, mosdepth, phantompeakqualtools, qualimap, preseq, quast, qorts, rna_seqc, rockhopper, rsem, rseqc, busco, goleft_indexcov, disambiguate, supernova, deeptools, sargasso, verifybamid, mirtrace, happy, mirtop, homer, hops, macs2, theta2, snpeff, gatk, htseq, bcftools, featureCounts, fgbio, dragen, dedup, damageprofiler, biobambam2, jcvi, mtnucratio, picard, sentieon, prokka, qc3C, samblaster, samtools, sexdeterrmine, eigenstratdatabasetools, bamtools, jellyfish, vcftools, longranger, stacks, varscan2, bbmap, bismark, biscuit, hicexplorer, hicup, hicpro, salmon, kallisto, slamdunk, star, hisat2, tophat, bowtie2, bowtie1, snpsplit, kat, leehom, adapterRemoval, clipandmerge, cutadapt, flexbar, kaiju, kraken, malt, trimmomatic, sickle, skewer, sortmerna, biobloomtools, fastq_screen, afterqc, fastp, fastqc, pychopper, pycoqc, minionqc, multivcfanalyzer, clusterflow, bcl2fastq, interop, ivar, flash, seqyclean, optitype
[2021-04-09 09:13:49,970] multiqc                                            [DEBUG  ]  Using temporary directory for creating report: /scratch/tmpjwp8lcz9
[2021-04-09 09:13:50,191] multiqc                                            [DEBUG  ]  File ignored by hicexplorer because it exceeded search pattern filesize limit: SRR1719013_P1_fastqc.html
[2021-04-09 09:13:50,199] multiqc                                            [DEBUG  ]  File ignored by longranger/invocation because it exceeded search pattern filesize limit: SRR1719013_P1_fastqc.html
[2021-04-09 09:13:50,268] multiqc                                            [DEBUG  ]  File ignored by hicexplorer because it exceeded search pattern filesize limit: SRR1719013_P2_fastqc.html
[2021-04-09 09:13:50,275] multiqc                                            [DEBUG  ]  File ignored by longranger/invocation because it exceeded search pattern filesize limit: SRR1719013_P2_fastqc.html
[2021-04-09 09:13:50,333] multiqc                                            [DEBUG  ]  File ignored by hicexplorer because it exceeded search pattern filesize limit: SRR1719013_U1_fastqc.html
[2021-04-09 09:13:50,339] multiqc                                            [DEBUG  ]  File ignored by longranger/invocation because it exceeded search pattern filesize limit: SRR1719013_U1_fastqc.html
[2021-04-09 09:13:50,403] multiqc                                            [DEBUG  ]  File ignored by hicexplorer because it exceeded search pattern filesize limit: SRR1719013_u2_fastqc.html
[2021-04-09 09:13:50,410] multiqc                                            [DEBUG  ]  File ignored by longranger/invocation because it exceeded search pattern filesize limit: SRR1719013_u2_fastqc.html
[2021-04-09 09:13:50,479] multiqc                                            [DEBUG  ]  File ignored by hicexplorer because it exceeded search pattern filesize limit: SRR1719014_P1_fastqc.html
[2021-04-09 09:13:50,486] multiqc                                            [DEBUG  ]  File ignored by longranger/invocation because it exceeded search pattern filesize limit: SRR1719014_P1_fastqc.html
[2021-04-09 09:13:50,548] multiqc                                            [DEBUG  ]  File ignored by hicexplorer because it exceeded search pattern filesize limit: SRR1719014_P2_fastqc.html
[2021-04-09 09:13:50,554] multiqc                                            [DEBUG  ]  File ignored by longranger/invocation because it exceeded search pattern filesize limit: SRR1719014_P2_fastqc.html
[2021-04-09 09:13:50,615] multiqc                                            [DEBUG  ]  File ignored by hicexplorer because it exceeded search pattern filesize limit: SRR1719014_U1_fastqc.html
[2021-04-09 09:13:50,621] multiqc                                            [DEBUG  ]  File ignored by longranger/invocation because it exceeded search pattern filesize limit: SRR1719014_U1_fastqc.html
[2021-04-09 09:13:50,684] multiqc                                            [DEBUG  ]  File ignored by hicexplorer because it exceeded search pattern filesize limit: SRR1719014_u2_fastqc.html
[2021-04-09 09:13:50,691] multiqc                                            [DEBUG  ]  File ignored by longranger/invocation because it exceeded search pattern filesize limit: SRR1719014_u2_fastqc.html
[2021-04-09 09:13:50,757] multiqc                                            [DEBUG  ]  File ignored by hicexplorer because it exceeded search pattern filesize limit: SRR1719015_P1_fastqc.html
[2021-04-09 09:13:50,766] multiqc                                            [DEBUG  ]  File ignored by longranger/invocation because it exceeded search pattern filesize limit: SRR1719015_P1_fastqc.html
[2021-04-09 09:13:50,827] multiqc                                            [DEBUG  ]  File ignored by hicexplorer because it exceeded search pattern filesize limit: SRR1719015_P2_fastqc.html
[2021-04-09 09:13:50,834] multiqc                                            [DEBUG  ]  File ignored by longranger/invocation because it exceeded search pattern filesize limit: SRR1719015_P2_fastqc.html
[2021-04-09 09:13:50,904] multiqc                                            [DEBUG  ]  File ignored by hicexplorer because it exceeded search pattern filesize limit: SRR1719015_U1_fastqc.html
[2021-04-09 09:13:50,911] multiqc                                            [DEBUG  ]  File ignored by longranger/invocation because it exceeded search pattern filesize limit: SRR1719015_U1_fastqc.html
[2021-04-09 09:13:50,984] multiqc                                            [DEBUG  ]  File ignored by hicexplorer because it exceeded search pattern filesize limit: SRR1719015_u2_fastqc.html
[2021-04-09 09:13:50,991] multiqc                                            [DEBUG  ]  File ignored by longranger/invocation because it exceeded search pattern filesize limit: SRR1719015_u2_fastqc.html
[2021-04-09 09:13:51,062] multiqc                                            [DEBUG  ]  File ignored by hicexplorer because it exceeded search pattern filesize limit: SRR1719016_P1_fastqc.html
[2021-04-09 09:13:51,069] multiqc                                            [DEBUG  ]  File ignored by longranger/invocation because it exceeded search pattern filesize limit: SRR1719016_P1_fastqc.html
[2021-04-09 09:13:51,133] multiqc                                            [DEBUG  ]  File ignored by hicexplorer because it exceeded search pattern filesize limit: SRR1719016_P2_fastqc.html
[2021-04-09 09:13:51,140] multiqc                                            [DEBUG  ]  File ignored by longranger/invocation because it exceeded search pattern filesize limit: SRR1719016_P2_fastqc.html
[2021-04-09 09:13:51,208] multiqc                                            [DEBUG  ]  File ignored by hicexplorer because it exceeded search pattern filesize limit: SRR1719016_U1_fastqc.html
[2021-04-09 09:13:51,215] multiqc                                            [DEBUG  ]  File ignored by longranger/invocation because it exceeded search pattern filesize limit: SRR1719016_U1_fastqc.html
[2021-04-09 09:13:51,286] multiqc                                            [DEBUG  ]  File ignored by hicexplorer because it exceeded search pattern filesize limit: SRR1719016_u2_fastqc.html
[2021-04-09 09:13:51,293] multiqc                                            [DEBUG  ]  File ignored by longranger/invocation because it exceeded search pattern filesize limit: SRR1719016_u2_fastqc.html
[2021-04-09 09:13:51,367] multiqc                                            [DEBUG  ]  File ignored by hicexplorer because it exceeded search pattern filesize limit: SRR1719017_P1_fastqc.html
[2021-04-09 09:13:51,373] multiqc                                            [DEBUG  ]  File ignored by longranger/invocation because it exceeded search pattern filesize limit: SRR1719017_P1_fastqc.html
[2021-04-09 09:13:51,440] multiqc                                            [DEBUG  ]  File ignored by hicexplorer because it exceeded search pattern filesize limit: SRR1719017_P2_fastqc.html
[2021-04-09 09:13:51,447] multiqc                                            [DEBUG  ]  File ignored by longranger/invocation because it exceeded search pattern filesize limit: SRR1719017_P2_fastqc.html
[2021-04-09 09:13:51,508] multiqc                                            [DEBUG  ]  File ignored by hicexplorer because it exceeded search pattern filesize limit: SRR1719017_U1_fastqc.html
[2021-04-09 09:13:51,515] multiqc                                            [DEBUG  ]  File ignored by longranger/invocation because it exceeded search pattern filesize limit: SRR1719017_U1_fastqc.html
[2021-04-09 09:13:51,575] multiqc                                            [DEBUG  ]  File ignored by hicexplorer because it exceeded search pattern filesize limit: SRR1719017_u2_fastqc.html
[2021-04-09 09:13:51,582] multiqc                                            [DEBUG  ]  File ignored by longranger/invocation because it exceeded search pattern filesize limit: SRR1719017_u2_fastqc.html
[2021-04-09 09:13:51,651] multiqc                                            [DEBUG  ]  File ignored by hicexplorer because it exceeded search pattern filesize limit: SRR1719018_P1_fastqc.html
[2021-04-09 09:13:51,658] multiqc                                            [DEBUG  ]  File ignored by longranger/invocation because it exceeded search pattern filesize limit: SRR1719018_P1_fastqc.html
[2021-04-09 09:13:51,723] multiqc                                            [DEBUG  ]  File ignored by hicexplorer because it exceeded search pattern filesize limit: SRR1719018_P2_fastqc.html
[2021-04-09 09:13:51,730] multiqc                                            [DEBUG  ]  File ignored by longranger/invocation because it exceeded search pattern filesize limit: SRR1719018_P2_fastqc.html
[2021-04-09 09:13:51,789] multiqc                                            [DEBUG  ]  File ignored by hicexplorer because it exceeded search pattern filesize limit: SRR1719018_U1_fastqc.html
[2021-04-09 09:13:51,796] multiqc                                            [DEBUG  ]  File ignored by longranger/invocation because it exceeded search pattern filesize limit: SRR1719018_U1_fastqc.html
[2021-04-09 09:13:51,859] multiqc                                            [DEBUG  ]  File ignored by hicexplorer because it exceeded search pattern filesize limit: SRR1719018_u2_fastqc.html
[2021-04-09 09:13:51,866] multiqc                                            [DEBUG  ]  File ignored by longranger/invocation because it exceeded search pattern filesize limit: SRR1719018_u2_fastqc.html
[2021-04-09 09:13:51,933] multiqc                                            [DEBUG  ]  File ignored by hicexplorer because it exceeded search pattern filesize limit: SRR1719204_P1_fastqc.html
[2021-04-09 09:13:51,940] multiqc                                            [DEBUG  ]  File ignored by longranger/invocation because it exceeded search pattern filesize limit: SRR1719204_P1_fastqc.html
[2021-04-09 09:13:52,001] multiqc                                            [DEBUG  ]  File ignored by hicexplorer because it exceeded search pattern filesize limit: SRR1719204_P2_fastqc.html
[2021-04-09 09:13:52,010] multiqc                                            [DEBUG  ]  File ignored by longranger/invocation because it exceeded search pattern filesize limit: SRR1719204_P2_fastqc.html
[2021-04-09 09:13:52,067] multiqc                                            [DEBUG  ]  File ignored by hicexplorer because it exceeded search pattern filesize limit: SRR1719204_U1_fastqc.html
[2021-04-09 09:13:52,074] multiqc                                            [DEBUG  ]  File ignored by longranger/invocation because it exceeded search pattern filesize limit: SRR1719204_U1_fastqc.html
[2021-04-09 09:13:52,137] multiqc                                            [DEBUG  ]  File ignored by hicexplorer because it exceeded search pattern filesize limit: SRR1719204_u2_fastqc.html
[2021-04-09 09:13:52,144] multiqc                                            [DEBUG  ]  File ignored by longranger/invocation because it exceeded search pattern filesize limit: SRR1719204_u2_fastqc.html
[2021-04-09 09:13:52,209] multiqc                                            [DEBUG  ]  File ignored by hicexplorer because it exceeded search pattern filesize limit: SRR1719206_P1_fastqc.html
[2021-04-09 09:13:52,218] multiqc                                            [DEBUG  ]  File ignored by longranger/invocation because it exceeded search pattern filesize limit: SRR1719206_P1_fastqc.html
[2021-04-09 09:13:52,281] multiqc                                            [DEBUG  ]  File ignored by hicexplorer because it exceeded search pattern filesize limit: SRR1719206_P2_fastqc.html
[2021-04-09 09:13:52,288] multiqc                                            [DEBUG  ]  File ignored by longranger/invocation because it exceeded search pattern filesize limit: SRR1719206_P2_fastqc.html
[2021-04-09 09:13:52,353] multiqc                                            [DEBUG  ]  File ignored by hicexplorer because it exceeded search pattern filesize limit: SRR1719206_U1_fastqc.html
[2021-04-09 09:13:52,361] multiqc                                            [DEBUG  ]  File ignored by longranger/invocation because it exceeded search pattern filesize limit: SRR1719206_U1_fastqc.html
[2021-04-09 09:13:52,424] multiqc                                            [DEBUG  ]  File ignored by hicexplorer because it exceeded search pattern filesize limit: SRR1719206_u2_fastqc.html
[2021-04-09 09:13:52,431] multiqc                                            [DEBUG  ]  File ignored by longranger/invocation because it exceeded search pattern filesize limit: SRR1719206_u2_fastqc.html
[2021-04-09 09:13:52,497] multiqc                                            [DEBUG  ]  File ignored by hicexplorer because it exceeded search pattern filesize limit: SRR1719207_P1_fastqc.html
[2021-04-09 09:13:52,504] multiqc                                            [DEBUG  ]  File ignored by longranger/invocation because it exceeded search pattern filesize limit: SRR1719207_P1_fastqc.html
[2021-04-09 09:13:52,569] multiqc                                            [DEBUG  ]  File ignored by hicexplorer because it exceeded search pattern filesize limit: SRR1719207_P2_fastqc.html
[2021-04-09 09:13:52,576] multiqc                                            [DEBUG  ]  File ignored by longranger/invocation because it exceeded search pattern filesize limit: SRR1719207_P2_fastqc.html
[2021-04-09 09:13:52,638] multiqc                                            [DEBUG  ]  File ignored by hicexplorer because it exceeded search pattern filesize limit: SRR1719207_U1_fastqc.html
[2021-04-09 09:13:52,646] multiqc                                            [DEBUG  ]  File ignored by longranger/invocation because it exceeded search pattern filesize limit: SRR1719207_U1_fastqc.html
[2021-04-09 09:13:52,707] multiqc                                            [DEBUG  ]  File ignored by hicexplorer because it exceeded search pattern filesize limit: SRR1719207_u2_fastqc.html
[2021-04-09 09:13:52,714] multiqc                                            [DEBUG  ]  File ignored by longranger/invocation because it exceeded search pattern filesize limit: SRR1719207_u2_fastqc.html
[2021-04-09 09:13:52,782] multiqc                                            [DEBUG  ]  File ignored by hicexplorer because it exceeded search pattern filesize limit: SRR1719208_P1_fastqc.html
[2021-04-09 09:13:52,789] multiqc                                            [DEBUG  ]  File ignored by longranger/invocation because it exceeded search pattern filesize limit: SRR1719208_P1_fastqc.html
[2021-04-09 09:13:52,854] multiqc                                            [DEBUG  ]  File ignored by hicexplorer because it exceeded search pattern filesize limit: SRR1719208_P2_fastqc.html
[2021-04-09 09:13:52,861] multiqc                                            [DEBUG  ]  File ignored by longranger/invocation because it exceeded search pattern filesize limit: SRR1719208_P2_fastqc.html
[2021-04-09 09:13:52,920] multiqc                                            [DEBUG  ]  File ignored by hicexplorer because it exceeded search pattern filesize limit: SRR1719208_U1_fastqc.html
[2021-04-09 09:13:52,927] multiqc                                            [DEBUG  ]  File ignored by longranger/invocation because it exceeded search pattern filesize limit: SRR1719208_U1_fastqc.html
[2021-04-09 09:13:52,990] multiqc                                            [DEBUG  ]  File ignored by hicexplorer because it exceeded search pattern filesize limit: SRR1719208_u2_fastqc.html
[2021-04-09 09:13:52,997] multiqc                                            [DEBUG  ]  File ignored by longranger/invocation because it exceeded search pattern filesize limit: SRR1719208_u2_fastqc.html
[2021-04-09 09:13:53,065] multiqc                                            [DEBUG  ]  File ignored by hicexplorer because it exceeded search pattern filesize limit: SRR1719209_P1_fastqc.html
[2021-04-09 09:13:53,072] multiqc                                            [DEBUG  ]  File ignored by longranger/invocation because it exceeded search pattern filesize limit: SRR1719209_P1_fastqc.html
[2021-04-09 09:13:53,134] multiqc                                            [DEBUG  ]  File ignored by hicexplorer because it exceeded search pattern filesize limit: SRR1719209_P2_fastqc.html
[2021-04-09 09:13:53,144] multiqc                                            [DEBUG  ]  File ignored by longranger/invocation because it exceeded search pattern filesize limit: SRR1719209_P2_fastqc.html
[2021-04-09 09:13:53,203] multiqc                                            [DEBUG  ]  File ignored by hicexplorer because it exceeded search pattern filesize limit: SRR1719209_U1_fastqc.html
[2021-04-09 09:13:53,210] multiqc                                            [DEBUG  ]  File ignored by longranger/invocation because it exceeded search pattern filesize limit: SRR1719209_U1_fastqc.html
[2021-04-09 09:13:53,273] multiqc                                            [DEBUG  ]  File ignored by hicexplorer because it exceeded search pattern filesize limit: SRR1719209_u2_fastqc.html
[2021-04-09 09:13:53,280] multiqc                                            [DEBUG  ]  File ignored by longranger/invocation because it exceeded search pattern filesize limit: SRR1719209_u2_fastqc.html
[2021-04-09 09:13:53,350] multiqc                                            [DEBUG  ]  File ignored by hicexplorer because it exceeded search pattern filesize limit: SRR1719211_P1_fastqc.html
[2021-04-09 09:13:53,358] multiqc                                            [DEBUG  ]  File ignored by longranger/invocation because it exceeded search pattern filesize limit: SRR1719211_P1_fastqc.html
[2021-04-09 09:13:53,421] multiqc                                            [DEBUG  ]  File ignored by hicexplorer because it exceeded search pattern filesize limit: SRR1719211_P2_fastqc.html
[2021-04-09 09:13:53,428] multiqc                                            [DEBUG  ]  File ignored by longranger/invocation because it exceeded search pattern filesize limit: SRR1719211_P2_fastqc.html
[2021-04-09 09:13:53,489] multiqc                                            [DEBUG  ]  File ignored by hicexplorer because it exceeded search pattern filesize limit: SRR1719211_U1_fastqc.html
[2021-04-09 09:13:53,496] multiqc                                            [DEBUG  ]  File ignored by longranger/invocation because it exceeded search pattern filesize limit: SRR1719211_U1_fastqc.html
[2021-04-09 09:13:53,559] multiqc                                            [DEBUG  ]  File ignored by hicexplorer because it exceeded search pattern filesize limit: SRR1719211_u2_fastqc.html
[2021-04-09 09:13:53,567] multiqc                                            [DEBUG  ]  File ignored by longranger/invocation because it exceeded search pattern filesize limit: SRR1719211_u2_fastqc.html
[2021-04-09 09:13:53,633] multiqc                                            [DEBUG  ]  File ignored by hicexplorer because it exceeded search pattern filesize limit: SRR1719212_P1_fastqc.html
[2021-04-09 09:13:53,640] multiqc                                            [DEBUG  ]  File ignored by longranger/invocation because it exceeded search pattern filesize limit: SRR1719212_P1_fastqc.html
[2021-04-09 09:13:53,704] multiqc                                            [DEBUG  ]  File ignored by hicexplorer because it exceeded search pattern filesize limit: SRR1719212_P2_fastqc.html
[2021-04-09 09:13:53,711] multiqc                                            [DEBUG  ]  File ignored by longranger/invocation because it exceeded search pattern filesize limit: SRR1719212_P2_fastqc.html
[2021-04-09 09:13:53,771] multiqc                                            [DEBUG  ]  File ignored by hicexplorer because it exceeded search pattern filesize limit: SRR1719212_U1_fastqc.html
[2021-04-09 09:13:53,778] multiqc                                            [DEBUG  ]  File ignored by longranger/invocation because it exceeded search pattern filesize limit: SRR1719212_U1_fastqc.html
[2021-04-09 09:13:53,838] multiqc                                            [DEBUG  ]  File ignored by hicexplorer because it exceeded search pattern filesize limit: SRR1719212_u2_fastqc.html
[2021-04-09 09:13:53,845] multiqc                                            [DEBUG  ]  File ignored by longranger/invocation because it exceeded search pattern filesize limit: SRR1719212_u2_fastqc.html
[2021-04-09 09:13:53,913] multiqc                                            [DEBUG  ]  File ignored by hicexplorer because it exceeded search pattern filesize limit: SRR1719213_P1_fastqc.html
[2021-04-09 09:13:53,920] multiqc                                            [DEBUG  ]  File ignored by longranger/invocation because it exceeded search pattern filesize limit: SRR1719213_P1_fastqc.html
[2021-04-09 09:13:53,985] multiqc                                            [DEBUG  ]  File ignored by hicexplorer because it exceeded search pattern filesize limit: SRR1719213_P2_fastqc.html
[2021-04-09 09:13:53,992] multiqc                                            [DEBUG  ]  File ignored by longranger/invocation because it exceeded search pattern filesize limit: SRR1719213_P2_fastqc.html
[2021-04-09 09:13:54,049] multiqc                                            [DEBUG  ]  File ignored by hicexplorer because it exceeded search pattern filesize limit: SRR1719213_U1_fastqc.html
[2021-04-09 09:13:54,056] multiqc                                            [DEBUG  ]  File ignored by longranger/invocation because it exceeded search pattern filesize limit: SRR1719213_U1_fastqc.html
[2021-04-09 09:13:54,119] multiqc                                            [DEBUG  ]  File ignored by hicexplorer because it exceeded search pattern filesize limit: SRR1719213_u2_fastqc.html
[2021-04-09 09:13:54,126] multiqc                                            [DEBUG  ]  File ignored by longranger/invocation because it exceeded search pattern filesize limit: SRR1719213_u2_fastqc.html
[2021-04-09 09:13:54,194] multiqc                                            [DEBUG  ]  File ignored by hicexplorer because it exceeded search pattern filesize limit: SRR1719214_P1_fastqc.html
[2021-04-09 09:13:54,201] multiqc                                            [DEBUG  ]  File ignored by longranger/invocation because it exceeded search pattern filesize limit: SRR1719214_P1_fastqc.html
[2021-04-09 09:13:54,263] multiqc                                            [DEBUG  ]  File ignored by hicexplorer because it exceeded search pattern filesize limit: SRR1719214_P2_fastqc.html
[2021-04-09 09:13:54,270] multiqc                                            [DEBUG  ]  File ignored by longranger/invocation because it exceeded search pattern filesize limit: SRR1719214_P2_fastqc.html
[2021-04-09 09:13:54,333] multiqc                                            [DEBUG  ]  File ignored by hicexplorer because it exceeded search pattern filesize limit: SRR1719214_U1_fastqc.html
[2021-04-09 09:13:54,341] multiqc                                            [DEBUG  ]  File ignored by longranger/invocation because it exceeded search pattern filesize limit: SRR1719214_U1_fastqc.html
[2021-04-09 09:13:54,405] multiqc                                            [DEBUG  ]  File ignored by hicexplorer because it exceeded search pattern filesize limit: SRR1719214_u2_fastqc.html
[2021-04-09 09:13:54,412] multiqc                                            [DEBUG  ]  File ignored by longranger/invocation because it exceeded search pattern filesize limit: SRR1719214_u2_fastqc.html
[2021-04-09 09:13:54,480] multiqc                                            [DEBUG  ]  File ignored by hicexplorer because it exceeded search pattern filesize limit: SRR1719241_P1_fastqc.html
[2021-04-09 09:13:54,490] multiqc                                            [DEBUG  ]  File ignored by longranger/invocation because it exceeded search pattern filesize limit: SRR1719241_P1_fastqc.html
[2021-04-09 09:13:54,551] multiqc                                            [DEBUG  ]  File ignored by hicexplorer because it exceeded search pattern filesize limit: SRR1719241_P2_fastqc.html
[2021-04-09 09:13:54,558] multiqc                                            [DEBUG  ]  File ignored by longranger/invocation because it exceeded search pattern filesize limit: SRR1719241_P2_fastqc.html
[2021-04-09 09:13:54,619] multiqc                                            [DEBUG  ]  File ignored by hicexplorer because it exceeded search pattern filesize limit: SRR1719241_U1_fastqc.html
[2021-04-09 09:13:54,625] multiqc                                            [DEBUG  ]  File ignored by longranger/invocation because it exceeded search pattern filesize limit: SRR1719241_U1_fastqc.html
[2021-04-09 09:13:54,691] multiqc                                            [DEBUG  ]  File ignored by hicexplorer because it exceeded search pattern filesize limit: SRR1719241_u2_fastqc.html
[2021-04-09 09:13:54,698] multiqc                                            [DEBUG  ]  File ignored by longranger/invocation because it exceeded search pattern filesize limit: SRR1719241_u2_fastqc.html
[2021-04-09 09:13:54,763] multiqc                                            [DEBUG  ]  File ignored by hicexplorer because it exceeded search pattern filesize limit: SRR1719242_P1_fastqc.html
[2021-04-09 09:13:54,771] multiqc                                            [DEBUG  ]  File ignored by longranger/invocation because it exceeded search pattern filesize limit: SRR1719242_P1_fastqc.html
[2021-04-09 09:13:54,835] multiqc                                            [DEBUG  ]  File ignored by hicexplorer because it exceeded search pattern filesize limit: SRR1719242_P2_fastqc.html
[2021-04-09 09:13:54,842] multiqc                                            [DEBUG  ]  File ignored by longranger/invocation because it exceeded search pattern filesize limit: SRR1719242_P2_fastqc.html
[2021-04-09 09:13:54,903] multiqc                                            [DEBUG  ]  File ignored by hicexplorer because it exceeded search pattern filesize limit: SRR1719242_U1_fastqc.html
[2021-04-09 09:13:54,910] multiqc                                            [DEBUG  ]  File ignored by longranger/invocation because it exceeded search pattern filesize limit: SRR1719242_U1_fastqc.html
[2021-04-09 09:13:54,970] multiqc                                            [DEBUG  ]  File ignored by hicexplorer because it exceeded search pattern filesize limit: SRR1719242_u2_fastqc.html
[2021-04-09 09:13:54,977] multiqc                                            [DEBUG  ]  File ignored by longranger/invocation because it exceeded search pattern filesize limit: SRR1719242_u2_fastqc.html
[2021-04-09 09:13:55,033] multiqc                                            [DEBUG  ]  Ignoring file as matched an ignore pattern: multiqc_report.html
[2021-04-09 09:13:55,867] multiqc.plots.bargraph                             [DEBUG  ]  Using matplotlib version 3.0.3
[2021-04-09 09:13:55,869] multiqc.plots.linegraph                            [DEBUG  ]  Using matplotlib version 3.0.3
[2021-04-09 09:13:55,871] multiqc                                            [DEBUG  ]  No samples found: custom_content
[2021-04-09 09:13:55,879] multiqc                                            [DEBUG  ]  No samples found: ngsderive
[2021-04-09 09:13:55,886] multiqc                                            [DEBUG  ]  No samples found: purple
[2021-04-09 09:13:55,893] multiqc                                            [DEBUG  ]  No samples found: conpair
[2021-04-09 09:13:55,900] multiqc                                            [DEBUG  ]  No samples found: peddy
[2021-04-09 09:13:55,908] multiqc                                            [DEBUG  ]  No samples found: somalier
[2021-04-09 09:13:55,915] multiqc                                            [DEBUG  ]  No samples found: methylQA
[2021-04-09 09:13:55,927] multiqc                                            [DEBUG  ]  No samples found: mosdepth
[2021-04-09 09:13:55,934] multiqc                                            [DEBUG  ]  No samples found: phantompeakqualtools
[2021-04-09 09:13:55,939] multiqc                                            [DEBUG  ]  No samples found: qualimap
[2021-04-09 09:13:55,946] multiqc                                            [DEBUG  ]  No samples found: preseq
[2021-04-09 09:13:55,953] multiqc                                            [DEBUG  ]  No samples found: quast
[2021-04-09 09:13:55,960] multiqc                                            [DEBUG  ]  No samples found: qorts
[2021-04-09 09:13:55,968] multiqc                                            [DEBUG  ]  No samples found: rna_seqc
[2021-04-09 09:13:55,975] multiqc                                            [DEBUG  ]  No samples found: rockhopper
[2021-04-09 09:13:55,982] multiqc                                            [DEBUG  ]  No samples found: rsem
[2021-04-09 09:13:55,998] multiqc                                            [DEBUG  ]  No samples found: rseqc
[2021-04-09 09:13:56,005] multiqc                                            [DEBUG  ]  No samples found: busco
[2021-04-09 09:13:56,012] multiqc                                            [DEBUG  ]  No samples found: goleft_indexcov
[2021-04-09 09:13:56,020] multiqc                                            [DEBUG  ]  No samples found: disambiguate
[2021-04-09 09:13:56,027] multiqc                                            [DEBUG  ]  No samples found: supernova
[2021-04-09 09:13:56,043] multiqc                                            [DEBUG  ]  No samples found: deeptools
[2021-04-09 09:13:56,053] multiqc                                            [DEBUG  ]  No samples found: sargasso
[2021-04-09 09:13:56,061] multiqc                                            [DEBUG  ]  No samples found: verifybamid
[2021-04-09 09:13:56,068] multiqc                                            [DEBUG  ]  No samples found: mirtrace
[2021-04-09 09:13:56,076] multiqc                                            [DEBUG  ]  No samples found: happy
[2021-04-09 09:13:56,083] multiqc                                            [DEBUG  ]  No samples found: mirtop
[2021-04-09 09:13:56,092] multiqc                                            [DEBUG  ]  No samples found: homer
[2021-04-09 09:13:56,099] multiqc                                            [DEBUG  ]  No samples found: hops
[2021-04-09 09:13:56,106] multiqc                                            [DEBUG  ]  No samples found: macs2
[2021-04-09 09:13:56,114] multiqc                                            [DEBUG  ]  No samples found: theta2
[2021-04-09 09:13:56,121] multiqc                                            [DEBUG  ]  No samples found: snpeff
[2021-04-09 09:13:56,130] multiqc                                            [DEBUG  ]  No samples found: gatk
[2021-04-09 09:13:56,137] multiqc                                            [DEBUG  ]  No samples found: htseq
[2021-04-09 09:13:56,146] multiqc                                            [DEBUG  ]  No samples found: bcftools
[2021-04-09 09:13:56,153] multiqc                                            [DEBUG  ]  No samples found: featureCounts
[2021-04-09 09:13:56,167] multiqc                                            [DEBUG  ]  No samples found: fgbio
[2021-04-09 09:13:56,184] multiqc                                            [DEBUG  ]  No samples found: dragen
[2021-04-09 09:13:56,192] multiqc                                            [DEBUG  ]  No samples found: dedup
[2021-04-09 09:13:56,200] multiqc                                            [DEBUG  ]  No samples found: damageprofiler
[2021-04-09 09:13:56,228] multiqc                                            [DEBUG  ]  No samples found: biobambam2
[2021-04-09 09:13:56,236] multiqc                                            [DEBUG  ]  No samples found: jcvi
[2021-04-09 09:13:56,243] multiqc                                            [DEBUG  ]  No samples found: mtnucratio
[2021-04-09 09:13:56,247] multiqc                                            [DEBUG  ]  No samples found: picard
[2021-04-09 09:13:56,257] multiqc                                            [DEBUG  ]  No samples found: sentieon
[2021-04-09 09:13:56,265] multiqc                                            [DEBUG  ]  No samples found: prokka
[2021-04-09 09:13:56,272] multiqc                                            [DEBUG  ]  No samples found: qc3C
[2021-04-09 09:13:56,280] multiqc                                            [DEBUG  ]  No samples found: samblaster
[2021-04-09 09:13:56,291] multiqc                                            [DEBUG  ]  No samples found: samtools
[2021-04-09 09:13:56,299] multiqc                                            [DEBUG  ]  No samples found: sexdeterrmine
[2021-04-09 09:13:56,306] multiqc                                            [DEBUG  ]  No samples found: eigenstratdatabasetools
[2021-04-09 09:13:56,314] multiqc                                            [DEBUG  ]  No samples found: bamtools
[2021-04-09 09:13:56,321] multiqc                                            [DEBUG  ]  No samples found: jellyfish
[2021-04-09 09:13:56,332] multiqc                                            [DEBUG  ]  No samples found: vcftools
[2021-04-09 09:13:56,340] multiqc                                            [DEBUG  ]  No samples found: longranger
[2021-04-09 09:13:56,347] multiqc                                            [DEBUG  ]  No samples found: stacks
[2021-04-09 09:13:56,354] multiqc                                            [DEBUG  ]  No samples found: varscan2
[2021-04-09 09:13:56,374] multiqc                                            [DEBUG  ]  No samples found: bbmap
[2021-04-09 09:13:56,382] multiqc                                            [DEBUG  ]  No samples found: bismark
[2021-04-09 09:13:56,390] multiqc                                            [DEBUG  ]  No samples found: biscuit
[2021-04-09 09:13:56,397] multiqc                                            [DEBUG  ]  No samples found: hicexplorer
[2021-04-09 09:13:56,404] multiqc                                            [DEBUG  ]  No samples found: hicup
[2021-04-09 09:13:56,412] multiqc                                            [DEBUG  ]  No samples found: hicpro
[2021-04-09 09:13:56,419] multiqc                                            [DEBUG  ]  No samples found: salmon
[2021-04-09 09:13:56,426] multiqc                                            [DEBUG  ]  No samples found: kallisto
[2021-04-09 09:13:56,434] multiqc                                            [DEBUG  ]  No samples found: slamdunk
[2021-04-09 09:13:56,441] multiqc                                            [DEBUG  ]  No samples found: star
[2021-04-09 09:13:56,448] multiqc                                            [DEBUG  ]  No samples found: hisat2
[2021-04-09 09:13:56,455] multiqc                                            [DEBUG  ]  No samples found: tophat
[2021-04-09 09:13:56,462] multiqc                                            [DEBUG  ]  No samples found: bowtie2
[2021-04-09 09:13:56,469] multiqc                                            [DEBUG  ]  No samples found: bowtie1
[2021-04-09 09:13:56,476] multiqc                                            [DEBUG  ]  No samples found: snpsplit
[2021-04-09 09:13:56,484] multiqc                                            [DEBUG  ]  No samples found: kat
[2021-04-09 09:13:56,491] multiqc                                            [DEBUG  ]  No samples found: leehom
[2021-04-09 09:13:56,498] multiqc                                            [DEBUG  ]  No samples found: adapterRemoval
[2021-04-09 09:13:56,506] multiqc                                            [DEBUG  ]  No samples found: clipandmerge
[2021-04-09 09:13:56,513] multiqc                                            [DEBUG  ]  No samples found: cutadapt
[2021-04-09 09:13:56,520] multiqc                                            [DEBUG  ]  No samples found: flexbar
[2021-04-09 09:13:56,528] multiqc                                            [DEBUG  ]  No samples found: kaiju
[2021-04-09 09:13:56,535] multiqc                                            [DEBUG  ]  No samples found: kraken
[2021-04-09 09:13:56,543] multiqc                                            [DEBUG  ]  No samples found: malt
[2021-04-09 09:13:56,550] multiqc                                            [DEBUG  ]  No samples found: trimmomatic
[2021-04-09 09:13:56,557] multiqc                                            [DEBUG  ]  No samples found: sickle
[2021-04-09 09:13:56,564] multiqc                                            [DEBUG  ]  No samples found: skewer
[2021-04-09 09:13:56,571] multiqc                                            [DEBUG  ]  No samples found: sortmerna
[2021-04-09 09:13:56,578] multiqc                                            [DEBUG  ]  No samples found: biobloomtools
[2021-04-09 09:13:56,586] multiqc                                            [DEBUG  ]  No samples found: fastq_screen
[2021-04-09 09:13:56,593] multiqc                                            [DEBUG  ]  No samples found: afterqc
[2021-04-09 09:13:56,601] multiqc                                            [DEBUG  ]  No samples found: fastp
[2021-04-09 09:13:58,165] multiqc.modules.fastqc.fastqc                      [INFO   ]  Found 68 reports
[2021-04-09 09:13:59,293] multiqc                                            [DEBUG  ]  No samples found: pychopper
[2021-04-09 09:13:59,300] multiqc                                            [DEBUG  ]  No samples found: pycoqc
[2021-04-09 09:13:59,307] multiqc                                            [DEBUG  ]  No samples found: minionqc
[2021-04-09 09:13:59,314] multiqc                                            [DEBUG  ]  No samples found: multivcfanalyzer
[2021-04-09 09:13:59,322] multiqc                                            [DEBUG  ]  No samples found: clusterflow
[2021-04-09 09:13:59,329] multiqc                                            [DEBUG  ]  No samples found: bcl2fastq
[2021-04-09 09:13:59,336] multiqc                                            [DEBUG  ]  No samples found: interop
[2021-04-09 09:13:59,344] multiqc                                            [DEBUG  ]  No samples found: ivar
[2021-04-09 09:13:59,352] multiqc                                            [DEBUG  ]  No samples found: flash
[2021-04-09 09:13:59,359] multiqc                                            [DEBUG  ]  No samples found: seqyclean
[2021-04-09 09:13:59,366] multiqc                                            [DEBUG  ]  No samples found: optitype
[2021-04-09 09:13:59,479] multiqc                                            [INFO   ]  Compressing plot data
[2021-04-09 09:14:00,542] multiqc                                            [WARNING]  Previous MultiQC output found! Adjusting filenames..
[2021-04-09 09:14:00,542] multiqc                                            [WARNING]  Use -f or --force to overwrite existing reports instead
[2021-04-09 09:14:00,542] multiqc                                            [INFO   ]  Report      : multiqc_report_1.html
[2021-04-09 09:14:00,543] multiqc                                            [INFO   ]  Data        : multiqc_data_1
[2021-04-09 09:14:00,543] multiqc                                            [DEBUG  ]  Moving data file from '/scratch/tmpjwp8lcz9/multiqc_data' to '/domus/h1/milenatr/private/genome_analysis_2021_git/files/fastQC_after_trim/multiqc_data_1'
[2021-04-09 09:14:00,725] multiqc                                            [INFO   ]  MultiQC complete
