/sw/bioinfo/quast/5.0.2/snowy/bin/quast.py -o /home/milenatr/private/genome_analysis_2021_git/files/spades_assembly_quality_results -r /home/milenatr/private/genome_analysis_data/example_scaffold/sel1_NW_015504190.fna.gz --min-contig 50 -t 2 --eukaryote /home/milenatr/private/genome_analysis_data/spades_assembly/transcripts.fasta

Version: 5.0.2

System information:
  OS: Linux-3.10.0-1160.21.1.el7.x86_64-x86_64-with-centos-7.9.2009-Core (linux_64)
  Python version: 3.7.2
  CPUs number: 16

Started: 2021-04-16 15:23:22

Logging to /home/milenatr/private/genome_analysis_2021_git/files/spades_assembly_quality_results/quast.log

CWD: /domus/h1/milenatr/private/genome_analysis_2021_git/code
Main parameters: 
  MODE: default, threads: 2, eukaryotic: true, minimum contig length: 50, minimum alignment length: 65, \
  ambiguity: one, threshold for extensive misassembly size: 1000

Reference:
  /home/milenatr/private/genome_analysis_data/example_scaffold/sel1_NW_015504190.fna.gz ==> sel1_NW_015504190

Contigs:
  Pre-processing...
  /home/milenatr/private/genome_analysis_data/spades_assembly/transcripts.fasta ==> transcripts

2021-04-16 15:23:24
Running Basic statistics processor...
  Reference genome:
    sel1_NW_015504190.fna, length = 3990777, num fragments = 1, GC % = 36.99
  Contig files: 
    transcripts
  Calculating N50 and L50...
    transcripts, N50 = 182, L50 = 2004, Total length = 1011955, GC % = 41.56, # N's per 100 kbp =  63.24
  Drawing Nx plot...
    saved to /home/milenatr/private/genome_analysis_2021_git/files/spades_assembly_quality_results/basic_stats/Nx_plot.pdf
  Drawing NGx plot...
    saved to /home/milenatr/private/genome_analysis_2021_git/files/spades_assembly_quality_results/basic_stats/NGx_plot.pdf
  Drawing cumulative plot...
    saved to /home/milenatr/private/genome_analysis_2021_git/files/spades_assembly_quality_results/basic_stats/cumulative_plot.pdf
  Drawing GC content plot...
    saved to /home/milenatr/private/genome_analysis_2021_git/files/spades_assembly_quality_results/basic_stats/GC_content_plot.pdf
  Drawing transcripts GC content plot...
    saved to /home/milenatr/private/genome_analysis_2021_git/files/spades_assembly_quality_results/basic_stats/transcripts_GC_content_plot.pdf
  Drawing Coverage histogram (bin size: 5x)...
    saved to /home/milenatr/private/genome_analysis_2021_git/files/spades_assembly_quality_results/basic_stats/coverage_histogram.pdf
  Drawing transcripts coverage histogram (bin size: 5x)...
    saved to /home/milenatr/private/genome_analysis_2021_git/files/spades_assembly_quality_results/basic_stats/transcripts_coverage_histogram.pdf
Done.

2021-04-16 15:23:27
Running Contig analyzer...
  transcripts
  Logging to files /home/milenatr/private/genome_analysis_2021_git/files/spades_assembly_quality_results/contigs_reports/contigs_report_transcripts.stdout and contigs_report_transcripts.stderr...
  Aligning contigs to the reference
  /sw/bioinfo/quast/5.0.2/rackham/lib/python3.7/site-packages/quast_libs/minimap2/minimap2 \
  -c -x asm5 -B5 -O4,16 --no-long-join -r 85 -N 50 -s 65 -z 200 --mask-level 0.9 --min-occ \
  200 -g 2500 --score-N 2 --cs -t 2 /home/milenatr/private/genome_analysis_2021_git/files/spades_assembly_quality_results/quast_corrected_input/sel1_NW_015504190.fna \
  /home/milenatr/private/genome_analysis_2021_git/files/spades_assembly_quality_results/quast_corrected_input/transcripts.fasta \
  > /home/milenatr/private/genome_analysis_2021_git/files/spades_assembly_quality_results/contigs_reports/minimap_output/transcripts.coords_tmp \
  2>> /home/milenatr/private/genome_analysis_2021_git/files/spades_assembly_quality_results/contigs_reports/contigs_report_transcripts.stderr
  Analysis is finished.

  Creating total report...
    saved to /home/milenatr/private/genome_analysis_2021_git/files/spades_assembly_quality_results/contigs_reports/misassemblies_report.txt, misassemblies_report.tsv, and misassemblies_report.tex
  Transposed version of total report...
    saved to /home/milenatr/private/genome_analysis_2021_git/files/spades_assembly_quality_results/contigs_reports/transposed_report_misassemblies.txt, transposed_report_misassemblies.tsv, and transposed_report_misassemblies.tex
  Creating total report...
    saved to /home/milenatr/private/genome_analysis_2021_git/files/spades_assembly_quality_results/contigs_reports/unaligned_report.txt, unaligned_report.tsv, and unaligned_report.tex
  Drawing misassemblies by types plot...
    saved to /home/milenatr/private/genome_analysis_2021_git/files/spades_assembly_quality_results/contigs_reports/misassemblies_plot.pdf
  Drawing misassemblies FRCurve plot...
    saved to /home/milenatr/private/genome_analysis_2021_git/files/spades_assembly_quality_results/contigs_reports/misassemblies_frcurve_plot.pdf
Done.

2021-04-16 15:23:30
Running NA-NGA calculation...
  transcripts, Largest alignment = 2247, NA50 = None, LA50 = None
  Drawing cumulative plot...
    saved to /home/milenatr/private/genome_analysis_2021_git/files/spades_assembly_quality_results/aligned_stats/cumulative_plot.pdf
  Drawing NAx plot...
    saved to /home/milenatr/private/genome_analysis_2021_git/files/spades_assembly_quality_results/aligned_stats/NAx_plot.pdf
  Drawing NGAx plot...
    saved to /home/milenatr/private/genome_analysis_2021_git/files/spades_assembly_quality_results/aligned_stats/NGAx_plot.pdf
Done.

2021-04-16 15:23:31
Running Genome analyzer...
  NOTICE: No file with genomic features were provided. Use the --features option if you want to specify it.

  NOTICE: No file with operons were provided. Use the -O option if you want to specify it.
  transcripts
  Analysis is finished.
  Skipping drawing Genome fraction, % histogram... (less than 2 columns histogram makes no sense)
Done.

NOTICE: Genes are not predicted by default. Use --gene-finding or --glimmer option to enable it.

2021-04-16 15:23:33
Creating large visual summaries...
This may take a while: press Ctrl-C to skip this step..
  1 of 2: Creating Icarus viewers...
  2 of 2: Creating PDF with all tables and plots...
Done

2021-04-16 15:23:35
RESULTS:
  Text versions of total report are saved to /home/milenatr/private/genome_analysis_2021_git/files/spades_assembly_quality_results/report.txt, report.tsv, and report.tex
  Text versions of transposed total report are saved to /home/milenatr/private/genome_analysis_2021_git/files/spades_assembly_quality_results/transposed_report.txt, transposed_report.tsv, and transposed_report.tex
  HTML version (interactive tables and plots) is saved to /home/milenatr/private/genome_analysis_2021_git/files/spades_assembly_quality_results/report.html
  PDF version (tables and plots) is saved to /home/milenatr/private/genome_analysis_2021_git/files/spades_assembly_quality_results/report.pdf
  Icarus (contig browser) is saved to /home/milenatr/private/genome_analysis_2021_git/files/spades_assembly_quality_results/icarus.html
  Log is saved to /home/milenatr/private/genome_analysis_2021_git/files/spades_assembly_quality_results/quast.log

Finished: 2021-04-16 15:23:35
Elapsed time: 0:00:12.530260
NOTICEs: 3; WARNINGs: 0; non-fatal ERRORs: 0

Thank you for using QUAST!
